
################################################################################
> Threads: 2 (bench_parsec_bodytrack.sh)
################################################################################

[PARSEC] Benchmarks to run:  parsec.bodytrack

[PARSEC] [========== Running benchmark parsec.bodytrack [1] ==========]
[PARSEC] Setting up run directory.
[PARSEC] Unpacking benchmark input 'simlarge'.
sequenceB_4/
sequenceB_4/BodyShapeParameters.txt
sequenceB_4/CALIB/
sequenceB_4/CALIB/Camera1.cal
sequenceB_4/CALIB/Camera2.cal
sequenceB_4/CALIB/Camera3.cal
sequenceB_4/CALIB/Camera4.cal
sequenceB_4/CAM1/
sequenceB_4/CAM1/image0000.bmp
sequenceB_4/CAM1/image0001.bmp
sequenceB_4/CAM1/image0002.bmp
sequenceB_4/CAM1/image0003.bmp
sequenceB_4/CAM2/
sequenceB_4/CAM2/image0000.bmp
sequenceB_4/CAM2/image0001.bmp
sequenceB_4/CAM2/image0002.bmp
sequenceB_4/CAM2/image0003.bmp
sequenceB_4/CAM3/
sequenceB_4/CAM3/image0000.bmp
sequenceB_4/CAM3/image0001.bmp
sequenceB_4/CAM3/image0002.bmp
sequenceB_4/CAM3/image0003.bmp
sequenceB_4/CAM4/
sequenceB_4/CAM4/image0000.bmp
sequenceB_4/CAM4/image0001.bmp
sequenceB_4/CAM4/image0002.bmp
sequenceB_4/CAM4/image0003.bmp
sequenceB_4/FG1/
sequenceB_4/FG1/image0000.bmp
sequenceB_4/FG1/image0001.bmp
sequenceB_4/FG1/image0002.bmp
sequenceB_4/FG1/image0003.bmp
sequenceB_4/FG2/
sequenceB_4/FG2/image0000.bmp
sequenceB_4/FG2/image0001.bmp
sequenceB_4/FG2/image0002.bmp
sequenceB_4/FG2/image0003.bmp
sequenceB_4/FG3/
sequenceB_4/FG3/image0000.bmp
sequenceB_4/FG3/image0001.bmp
sequenceB_4/FG3/image0002.bmp
sequenceB_4/FG3/image0003.bmp
sequenceB_4/FG4/
sequenceB_4/FG4/image0000.bmp
sequenceB_4/FG4/image0001.bmp
sequenceB_4/FG4/image0002.bmp
sequenceB_4/FG4/image0003.bmp
sequenceB_4/InitialPose.txt
sequenceB_4/PoseParameters.txt
[PARSEC] Running 'time /root/parsec-benchmark/pkgs/apps/bodytrack/inst/riscv64-linux.gcc/bin/bodytrack sequenceB_4 4 4 4000 5 0 2':
[PARSEC] [---------- Beginning of output ----------]
PARSEC Benchmark Suite Version 3.0-beta-20150206
Threading with Posix Threads
Number of threads : 2
Using dataset : sequenceB_4/
4000 particles with 5 annealing layers

Processing frame 0
Processing frame 1
Processing frame 2
Processing frame 3
ROI time measured: 19.583s

real	0m21.178s
user	0m39.947s
sys	0m0.382s
[PARSEC] [----------    End of output    ----------]
[PARSEC]
[PARSEC] BIBLIOGRAPHY
[PARSEC]
[PARSEC] [1] Bienia. Benchmarking Modern Multiprocessors. Ph.D. Thesis, 2011.
[PARSEC]
[PARSEC] Done.
[PARSEC] Benchmarks to run:  parsec.bodytrack

[PARSEC] [========== Running benchmark parsec.bodytrack [1] ==========]
[PARSEC] Deleting old run directory.
[PARSEC] Setting up run directory.
[PARSEC] Unpacking benchmark input 'simlarge'.
sequenceB_4/
sequenceB_4/BodyShapeParameters.txt
sequenceB_4/CALIB/
sequenceB_4/CALIB/Camera1.cal
sequenceB_4/CALIB/Camera2.cal
sequenceB_4/CALIB/Camera3.cal
sequenceB_4/CALIB/Camera4.cal
sequenceB_4/CAM1/
sequenceB_4/CAM1/image0000.bmp
sequenceB_4/CAM1/image0001.bmp
sequenceB_4/CAM1/image0002.bmp
sequenceB_4/CAM1/image0003.bmp
sequenceB_4/CAM2/
sequenceB_4/CAM2/image0000.bmp
sequenceB_4/CAM2/image0001.bmp
sequenceB_4/CAM2/image0002.bmp
sequenceB_4/CAM2/image0003.bmp
sequenceB_4/CAM3/
sequenceB_4/CAM3/image0000.bmp
sequenceB_4/CAM3/image0001.bmp
sequenceB_4/CAM3/image0002.bmp
sequenceB_4/CAM3/image0003.bmp
sequenceB_4/CAM4/
sequenceB_4/CAM4/image0000.bmp
sequenceB_4/CAM4/image0001.bmp
sequenceB_4/CAM4/image0002.bmp
sequenceB_4/CAM4/image0003.bmp
sequenceB_4/FG1/
sequenceB_4/FG1/image0000.bmp
sequenceB_4/FG1/image0001.bmp
sequenceB_4/FG1/image0002.bmp
sequenceB_4/FG1/image0003.bmp
sequenceB_4/FG2/
sequenceB_4/FG2/image0000.bmp
sequenceB_4/FG2/image0001.bmp
sequenceB_4/FG2/image0002.bmp
sequenceB_4/FG2/image0003.bmp
sequenceB_4/FG3/
sequenceB_4/FG3/image0000.bmp
sequenceB_4/FG3/image0001.bmp
sequenceB_4/FG3/image0002.bmp
sequenceB_4/FG3/image0003.bmp
sequenceB_4/FG4/
sequenceB_4/FG4/image0000.bmp
sequenceB_4/FG4/image0001.bmp
sequenceB_4/FG4/image0002.bmp
sequenceB_4/FG4/image0003.bmp
sequenceB_4/InitialPose.txt
sequenceB_4/PoseParameters.txt
[PARSEC] Running 'time /root/parsec-benchmark/pkgs/apps/bodytrack/inst/riscv64-linux.gcc/bin/bodytrack sequenceB_4 4 4 4000 5 0 2':
[PARSEC] [---------- Beginning of output ----------]
PARSEC Benchmark Suite Version 3.0-beta-20150206
Threading with Posix Threads
Number of threads : 2
Using dataset : sequenceB_4/
4000 particles with 5 annealing layers

Processing frame 0
Processing frame 1
Processing frame 2
Processing frame 3
ROI time measured: 19.307s

real	0m20.818s
user	0m39.421s
sys	0m0.301s
[PARSEC] [----------    End of output    ----------]
[PARSEC]
[PARSEC] BIBLIOGRAPHY
[PARSEC]
[PARSEC] [1] Bienia. Benchmarking Modern Multiprocessors. Ph.D. Thesis, 2011.
[PARSEC]
[PARSEC] Done.
[PARSEC] Benchmarks to run:  parsec.bodytrack

[PARSEC] [========== Running benchmark parsec.bodytrack [1] ==========]
[PARSEC] Deleting old run directory.
[PARSEC] Setting up run directory.
[PARSEC] Unpacking benchmark input 'simlarge'.
sequenceB_4/
sequenceB_4/BodyShapeParameters.txt
sequenceB_4/CALIB/
sequenceB_4/CALIB/Camera1.cal
sequenceB_4/CALIB/Camera2.cal
sequenceB_4/CALIB/Camera3.cal
sequenceB_4/CALIB/Camera4.cal
sequenceB_4/CAM1/
sequenceB_4/CAM1/image0000.bmp
sequenceB_4/CAM1/image0001.bmp
sequenceB_4/CAM1/image0002.bmp
sequenceB_4/CAM1/image0003.bmp
sequenceB_4/CAM2/
sequenceB_4/CAM2/image0000.bmp
sequenceB_4/CAM2/image0001.bmp
sequenceB_4/CAM2/image0002.bmp
sequenceB_4/CAM2/image0003.bmp
sequenceB_4/CAM3/
sequenceB_4/CAM3/image0000.bmp
sequenceB_4/CAM3/image0001.bmp
sequenceB_4/CAM3/image0002.bmp
sequenceB_4/CAM3/image0003.bmp
sequenceB_4/CAM4/
sequenceB_4/CAM4/image0000.bmp
sequenceB_4/CAM4/image0001.bmp
sequenceB_4/CAM4/image0002.bmp
sequenceB_4/CAM4/image0003.bmp
sequenceB_4/FG1/
sequenceB_4/FG1/image0000.bmp
sequenceB_4/FG1/image0001.bmp
sequenceB_4/FG1/image0002.bmp
sequenceB_4/FG1/image0003.bmp
sequenceB_4/FG2/
sequenceB_4/FG2/image0000.bmp
sequenceB_4/FG2/image0001.bmp
sequenceB_4/FG2/image0002.bmp
sequenceB_4/FG2/image0003.bmp
sequenceB_4/FG3/
sequenceB_4/FG3/image0000.bmp
sequenceB_4/FG3/image0001.bmp
sequenceB_4/FG3/image0002.bmp
sequenceB_4/FG3/image0003.bmp
sequenceB_4/FG4/
sequenceB_4/FG4/image0000.bmp
sequenceB_4/FG4/image0001.bmp
sequenceB_4/FG4/image0002.bmp
sequenceB_4/FG4/image0003.bmp
sequenceB_4/InitialPose.txt
sequenceB_4/PoseParameters.txt
[PARSEC] Running 'time /root/parsec-benchmark/pkgs/apps/bodytrack/inst/riscv64-linux.gcc/bin/bodytrack sequenceB_4 4 4 4000 5 0 2':
[PARSEC] [---------- Beginning of output ----------]
PARSEC Benchmark Suite Version 3.0-beta-20150206
Threading with Posix Threads
Number of threads : 2
Using dataset : sequenceB_4/
4000 particles with 5 annealing layers

Processing frame 0
Processing frame 1
Processing frame 2
Processing frame 3
ROI time measured: 19.225s

real	0m20.714s
user	0m39.250s
sys	0m0.319s
[PARSEC] [----------    End of output    ----------]
[PARSEC]
[PARSEC] BIBLIOGRAPHY
[PARSEC]
[PARSEC] [1] Bienia. Benchmarking Modern Multiprocessors. Ph.D. Thesis, 2011.
[PARSEC]
[PARSEC] Done.
[PARSEC] Benchmarks to run:  parsec.bodytrack

[PARSEC] [========== Running benchmark parsec.bodytrack [1] ==========]
[PARSEC] Deleting old run directory.
[PARSEC] Setting up run directory.
[PARSEC] Unpacking benchmark input 'simlarge'.
sequenceB_4/
sequenceB_4/BodyShapeParameters.txt
sequenceB_4/CALIB/
sequenceB_4/CALIB/Camera1.cal
sequenceB_4/CALIB/Camera2.cal
sequenceB_4/CALIB/Camera3.cal
sequenceB_4/CALIB/Camera4.cal
sequenceB_4/CAM1/
sequenceB_4/CAM1/image0000.bmp
sequenceB_4/CAM1/image0001.bmp
sequenceB_4/CAM1/image0002.bmp
sequenceB_4/CAM1/image0003.bmp
sequenceB_4/CAM2/
sequenceB_4/CAM2/image0000.bmp
sequenceB_4/CAM2/image0001.bmp
sequenceB_4/CAM2/image0002.bmp
sequenceB_4/CAM2/image0003.bmp
sequenceB_4/CAM3/
sequenceB_4/CAM3/image0000.bmp
sequenceB_4/CAM3/image0001.bmp
sequenceB_4/CAM3/image0002.bmp
sequenceB_4/CAM3/image0003.bmp
sequenceB_4/CAM4/
sequenceB_4/CAM4/image0000.bmp
sequenceB_4/CAM4/image0001.bmp
sequenceB_4/CAM4/image0002.bmp
sequenceB_4/CAM4/image0003.bmp
sequenceB_4/FG1/
sequenceB_4/FG1/image0000.bmp
sequenceB_4/FG1/image0001.bmp
sequenceB_4/FG1/image0002.bmp
sequenceB_4/FG1/image0003.bmp
sequenceB_4/FG2/
sequenceB_4/FG2/image0000.bmp
sequenceB_4/FG2/image0001.bmp
sequenceB_4/FG2/image0002.bmp
sequenceB_4/FG2/image0003.bmp
sequenceB_4/FG3/
sequenceB_4/FG3/image0000.bmp
sequenceB_4/FG3/image0001.bmp
sequenceB_4/FG3/image0002.bmp
sequenceB_4/FG3/image0003.bmp
sequenceB_4/FG4/
sequenceB_4/FG4/image0000.bmp
sequenceB_4/FG4/image0001.bmp
sequenceB_4/FG4/image0002.bmp
sequenceB_4/FG4/image0003.bmp
sequenceB_4/InitialPose.txt
sequenceB_4/PoseParameters.txt
[PARSEC] Running 'time /root/parsec-benchmark/pkgs/apps/bodytrack/inst/riscv64-linux.gcc/bin/bodytrack sequenceB_4 4 4 4000 5 0 2':
[PARSEC] [---------- Beginning of output ----------]
PARSEC Benchmark Suite Version 3.0-beta-20150206
Threading with Posix Threads
Number of threads : 2
Using dataset : sequenceB_4/
4000 particles with 5 annealing layers

Processing frame 0
Processing frame 1
Processing frame 2
Processing frame 3
ROI time measured: 19.729s

real	0m21.280s
user	0m40.315s
sys	0m0.340s
[PARSEC] [----------    End of output    ----------]
[PARSEC]
[PARSEC] BIBLIOGRAPHY
[PARSEC]
[PARSEC] [1] Bienia. Benchmarking Modern Multiprocessors. Ph.D. Thesis, 2011.
[PARSEC]
[PARSEC] Done.

> TIMES: 19.583,19.307,19.225,19.729


################################################################################
> Threads: 4 (bench_parsec_bodytrack.sh)
################################################################################

[PARSEC] Benchmarks to run:  parsec.bodytrack

[PARSEC] [========== Running benchmark parsec.bodytrack [1] ==========]
[PARSEC] Deleting old run directory.
[PARSEC] Setting up run directory.
[PARSEC] Unpacking benchmark input 'simlarge'.
sequenceB_4/
sequenceB_4/BodyShapeParameters.txt
sequenceB_4/CALIB/
sequenceB_4/CALIB/Camera1.cal
sequenceB_4/CALIB/Camera2.cal
sequenceB_4/CALIB/Camera3.cal
sequenceB_4/CALIB/Camera4.cal
sequenceB_4/CAM1/
sequenceB_4/CAM1/image0000.bmp
sequenceB_4/CAM1/image0001.bmp
sequenceB_4/CAM1/image0002.bmp
sequenceB_4/CAM1/image0003.bmp
sequenceB_4/CAM2/
sequenceB_4/CAM2/image0000.bmp
sequenceB_4/CAM2/image0001.bmp
sequenceB_4/CAM2/image0002.bmp
sequenceB_4/CAM2/image0003.bmp
sequenceB_4/CAM3/
sequenceB_4/CAM3/image0000.bmp
sequenceB_4/CAM3/image0001.bmp
sequenceB_4/CAM3/image0002.bmp
sequenceB_4/CAM3/image0003.bmp
sequenceB_4/CAM4/
sequenceB_4/CAM4/image0000.bmp
sequenceB_4/CAM4/image0001.bmp
sequenceB_4/CAM4/image0002.bmp
sequenceB_4/CAM4/image0003.bmp
sequenceB_4/FG1/
sequenceB_4/FG1/image0000.bmp
sequenceB_4/FG1/image0001.bmp
sequenceB_4/FG1/image0002.bmp
sequenceB_4/FG1/image0003.bmp
sequenceB_4/FG2/
sequenceB_4/FG2/image0000.bmp
sequenceB_4/FG2/image0001.bmp
sequenceB_4/FG2/image0002.bmp
sequenceB_4/FG2/image0003.bmp
sequenceB_4/FG3/
sequenceB_4/FG3/image0000.bmp
sequenceB_4/FG3/image0001.bmp
sequenceB_4/FG3/image0002.bmp
sequenceB_4/FG3/image0003.bmp
sequenceB_4/FG4/
sequenceB_4/FG4/image0000.bmp
sequenceB_4/FG4/image0001.bmp
sequenceB_4/FG4/image0002.bmp
sequenceB_4/FG4/image0003.bmp
sequenceB_4/InitialPose.txt
sequenceB_4/PoseParameters.txt
[PARSEC] Running 'time /root/parsec-benchmark/pkgs/apps/bodytrack/inst/riscv64-linux.gcc/bin/bodytrack sequenceB_4 4 4 4000 5 0 4':
[PARSEC] [---------- Beginning of output ----------]
PARSEC Benchmark Suite Version 3.0-beta-20150206
Threading with Posix Threads
Number of threads : 4
Using dataset : sequenceB_4/
4000 particles with 5 annealing layers

Processing frame 0
Processing frame 1
Processing frame 2
Processing frame 3
ROI time measured: 10.672s

real	0m11.610s
user	0m40.332s
sys	0m0.412s
[PARSEC] [----------    End of output    ----------]
[PARSEC]
[PARSEC] BIBLIOGRAPHY
[PARSEC]
[PARSEC] [1] Bienia. Benchmarking Modern Multiprocessors. Ph.D. Thesis, 2011.
[PARSEC]
[PARSEC] Done.
[PARSEC] Benchmarks to run:  parsec.bodytrack

[PARSEC] [========== Running benchmark parsec.bodytrack [1] ==========]
[PARSEC] Deleting old run directory.
[PARSEC] Setting up run directory.
[PARSEC] Unpacking benchmark input 'simlarge'.
sequenceB_4/
sequenceB_4/BodyShapeParameters.txt
sequenceB_4/CALIB/
sequenceB_4/CALIB/Camera1.cal
sequenceB_4/CALIB/Camera2.cal
sequenceB_4/CALIB/Camera3.cal
sequenceB_4/CALIB/Camera4.cal
sequenceB_4/CAM1/
sequenceB_4/CAM1/image0000.bmp
sequenceB_4/CAM1/image0001.bmp
sequenceB_4/CAM1/image0002.bmp
sequenceB_4/CAM1/image0003.bmp
sequenceB_4/CAM2/
sequenceB_4/CAM2/image0000.bmp
sequenceB_4/CAM2/image0001.bmp
sequenceB_4/CAM2/image0002.bmp
sequenceB_4/CAM2/image0003.bmp
sequenceB_4/CAM3/
sequenceB_4/CAM3/image0000.bmp
sequenceB_4/CAM3/image0001.bmp
sequenceB_4/CAM3/image0002.bmp
sequenceB_4/CAM3/image0003.bmp
sequenceB_4/CAM4/
sequenceB_4/CAM4/image0000.bmp
sequenceB_4/CAM4/image0001.bmp
sequenceB_4/CAM4/image0002.bmp
sequenceB_4/CAM4/image0003.bmp
sequenceB_4/FG1/
sequenceB_4/FG1/image0000.bmp
sequenceB_4/FG1/image0001.bmp
sequenceB_4/FG1/image0002.bmp
sequenceB_4/FG1/image0003.bmp
sequenceB_4/FG2/
sequenceB_4/FG2/image0000.bmp
sequenceB_4/FG2/image0001.bmp
sequenceB_4/FG2/image0002.bmp
sequenceB_4/FG2/image0003.bmp
sequenceB_4/FG3/
sequenceB_4/FG3/image0000.bmp
sequenceB_4/FG3/image0001.bmp
sequenceB_4/FG3/image0002.bmp
sequenceB_4/FG3/image0003.bmp
sequenceB_4/FG4/
sequenceB_4/FG4/image0000.bmp
sequenceB_4/FG4/image0001.bmp
sequenceB_4/FG4/image0002.bmp
sequenceB_4/FG4/image0003.bmp
sequenceB_4/InitialPose.txt
sequenceB_4/PoseParameters.txt
[PARSEC] Running 'time /root/parsec-benchmark/pkgs/apps/bodytrack/inst/riscv64-linux.gcc/bin/bodytrack sequenceB_4 4 4 4000 5 0 4':
[PARSEC] [---------- Beginning of output ----------]
PARSEC Benchmark Suite Version 3.0-beta-20150206
Threading with Posix Threads
Number of threads : 4
Using dataset : sequenceB_4/
4000 particles with 5 annealing layers

Processing frame 0
Processing frame 1
Processing frame 2
Processing frame 3
ROI time measured: 10.655s

real	0m11.549s
user	0m40.421s
sys	0m0.342s
[PARSEC] [----------    End of output    ----------]
[PARSEC]
[PARSEC] BIBLIOGRAPHY
[PARSEC]
[PARSEC] [1] Bienia. Benchmarking Modern Multiprocessors. Ph.D. Thesis, 2011.
[PARSEC]
[PARSEC] Done.
[PARSEC] Benchmarks to run:  parsec.bodytrack

[PARSEC] [========== Running benchmark parsec.bodytrack [1] ==========]
[PARSEC] Deleting old run directory.
[PARSEC] Setting up run directory.
[PARSEC] Unpacking benchmark input 'simlarge'.
sequenceB_4/
sequenceB_4/BodyShapeParameters.txt
sequenceB_4/CALIB/
sequenceB_4/CALIB/Camera1.cal
sequenceB_4/CALIB/Camera2.cal
sequenceB_4/CALIB/Camera3.cal
sequenceB_4/CALIB/Camera4.cal
sequenceB_4/CAM1/
sequenceB_4/CAM1/image0000.bmp
sequenceB_4/CAM1/image0001.bmp
sequenceB_4/CAM1/image0002.bmp
sequenceB_4/CAM1/image0003.bmp
sequenceB_4/CAM2/
sequenceB_4/CAM2/image0000.bmp
sequenceB_4/CAM2/image0001.bmp
sequenceB_4/CAM2/image0002.bmp
sequenceB_4/CAM2/image0003.bmp
sequenceB_4/CAM3/
sequenceB_4/CAM3/image0000.bmp
sequenceB_4/CAM3/image0001.bmp
sequenceB_4/CAM3/image0002.bmp
sequenceB_4/CAM3/image0003.bmp
sequenceB_4/CAM4/
sequenceB_4/CAM4/image0000.bmp
sequenceB_4/CAM4/image0001.bmp
sequenceB_4/CAM4/image0002.bmp
sequenceB_4/CAM4/image0003.bmp
sequenceB_4/FG1/
sequenceB_4/FG1/image0000.bmp
sequenceB_4/FG1/image0001.bmp
sequenceB_4/FG1/image0002.bmp
sequenceB_4/FG1/image0003.bmp
sequenceB_4/FG2/
sequenceB_4/FG2/image0000.bmp
sequenceB_4/FG2/image0001.bmp
sequenceB_4/FG2/image0002.bmp
sequenceB_4/FG2/image0003.bmp
sequenceB_4/FG3/
sequenceB_4/FG3/image0000.bmp
sequenceB_4/FG3/image0001.bmp
sequenceB_4/FG3/image0002.bmp
sequenceB_4/FG3/image0003.bmp
sequenceB_4/FG4/
sequenceB_4/FG4/image0000.bmp
sequenceB_4/FG4/image0001.bmp
sequenceB_4/FG4/image0002.bmp
sequenceB_4/FG4/image0003.bmp
sequenceB_4/InitialPose.txt
sequenceB_4/PoseParameters.txt
[PARSEC] Running 'time /root/parsec-benchmark/pkgs/apps/bodytrack/inst/riscv64-linux.gcc/bin/bodytrack sequenceB_4 4 4 4000 5 0 4':
[PARSEC] [---------- Beginning of output ----------]
PARSEC Benchmark Suite Version 3.0-beta-20150206
Threading with Posix Threads
Number of threads : 4
Using dataset : sequenceB_4/
4000 particles with 5 annealing layers

Processing frame 0
Processing frame 1
Processing frame 2
Processing frame 3
ROI time measured: 10.637s

real	0m11.543s
user	0m40.305s
sys	0m0.312s
[PARSEC] [----------    End of output    ----------]
[PARSEC]
[PARSEC] BIBLIOGRAPHY
[PARSEC]
[PARSEC] [1] Bienia. Benchmarking Modern Multiprocessors. Ph.D. Thesis, 2011.
[PARSEC]
[PARSEC] Done.
[PARSEC] Benchmarks to run:  parsec.bodytrack

[PARSEC] [========== Running benchmark parsec.bodytrack [1] ==========]
[PARSEC] Deleting old run directory.
[PARSEC] Setting up run directory.
[PARSEC] Unpacking benchmark input 'simlarge'.
sequenceB_4/
sequenceB_4/BodyShapeParameters.txt
sequenceB_4/CALIB/
sequenceB_4/CALIB/Camera1.cal
sequenceB_4/CALIB/Camera2.cal
sequenceB_4/CALIB/Camera3.cal
sequenceB_4/CALIB/Camera4.cal
sequenceB_4/CAM1/
sequenceB_4/CAM1/image0000.bmp
sequenceB_4/CAM1/image0001.bmp
sequenceB_4/CAM1/image0002.bmp
sequenceB_4/CAM1/image0003.bmp
sequenceB_4/CAM2/
sequenceB_4/CAM2/image0000.bmp
sequenceB_4/CAM2/image0001.bmp
sequenceB_4/CAM2/image0002.bmp
sequenceB_4/CAM2/image0003.bmp
sequenceB_4/CAM3/
sequenceB_4/CAM3/image0000.bmp
sequenceB_4/CAM3/image0001.bmp
sequenceB_4/CAM3/image0002.bmp
sequenceB_4/CAM3/image0003.bmp
sequenceB_4/CAM4/
sequenceB_4/CAM4/image0000.bmp
sequenceB_4/CAM4/image0001.bmp
sequenceB_4/CAM4/image0002.bmp
sequenceB_4/CAM4/image0003.bmp
sequenceB_4/FG1/
sequenceB_4/FG1/image0000.bmp
sequenceB_4/FG1/image0001.bmp
sequenceB_4/FG1/image0002.bmp
sequenceB_4/FG1/image0003.bmp
sequenceB_4/FG2/
sequenceB_4/FG2/image0000.bmp
sequenceB_4/FG2/image0001.bmp
sequenceB_4/FG2/image0002.bmp
sequenceB_4/FG2/image0003.bmp
sequenceB_4/FG3/
sequenceB_4/FG3/image0000.bmp
sequenceB_4/FG3/image0001.bmp
sequenceB_4/FG3/image0002.bmp
sequenceB_4/FG3/image0003.bmp
sequenceB_4/FG4/
sequenceB_4/FG4/image0000.bmp
sequenceB_4/FG4/image0001.bmp
sequenceB_4/FG4/image0002.bmp
sequenceB_4/FG4/image0003.bmp
sequenceB_4/InitialPose.txt
sequenceB_4/PoseParameters.txt
[PARSEC] Running 'time /root/parsec-benchmark/pkgs/apps/bodytrack/inst/riscv64-linux.gcc/bin/bodytrack sequenceB_4 4 4 4000 5 0 4':
[PARSEC] [---------- Beginning of output ----------]
PARSEC Benchmark Suite Version 3.0-beta-20150206
Threading with Posix Threads
Number of threads : 4
Using dataset : sequenceB_4/
4000 particles with 5 annealing layers

Processing frame 0
Processing frame 1
Processing frame 2
Processing frame 3
ROI time measured: 10.938s

real	0m11.853s
user	0m41.037s
sys	0m0.393s
[PARSEC] [----------    End of output    ----------]
[PARSEC]
[PARSEC] BIBLIOGRAPHY
[PARSEC]
[PARSEC] [1] Bienia. Benchmarking Modern Multiprocessors. Ph.D. Thesis, 2011.
[PARSEC]
[PARSEC] Done.

> TIMES: 10.672,10.655,10.637,10.938


################################################################################
> Threads: 8 (bench_parsec_bodytrack.sh)
################################################################################

[PARSEC] Benchmarks to run:  parsec.bodytrack

[PARSEC] [========== Running benchmark parsec.bodytrack [1] ==========]
[PARSEC] Deleting old run directory.
[PARSEC] Setting up run directory.
[PARSEC] Unpacking benchmark input 'simlarge'.
sequenceB_4/
sequenceB_4/BodyShapeParameters.txt
sequenceB_4/CALIB/
sequenceB_4/CALIB/Camera1.cal
sequenceB_4/CALIB/Camera2.cal
sequenceB_4/CALIB/Camera3.cal
sequenceB_4/CALIB/Camera4.cal
sequenceB_4/CAM1/
sequenceB_4/CAM1/image0000.bmp
sequenceB_4/CAM1/image0001.bmp
sequenceB_4/CAM1/image0002.bmp
sequenceB_4/CAM1/image0003.bmp
sequenceB_4/CAM2/
sequenceB_4/CAM2/image0000.bmp
sequenceB_4/CAM2/image0001.bmp
sequenceB_4/CAM2/image0002.bmp
sequenceB_4/CAM2/image0003.bmp
sequenceB_4/CAM3/
sequenceB_4/CAM3/image0000.bmp
sequenceB_4/CAM3/image0001.bmp
sequenceB_4/CAM3/image0002.bmp
sequenceB_4/CAM3/image0003.bmp
sequenceB_4/CAM4/
sequenceB_4/CAM4/image0000.bmp
sequenceB_4/CAM4/image0001.bmp
sequenceB_4/CAM4/image0002.bmp
sequenceB_4/CAM4/image0003.bmp
sequenceB_4/FG1/
sequenceB_4/FG1/image0000.bmp
sequenceB_4/FG1/image0001.bmp
sequenceB_4/FG1/image0002.bmp
sequenceB_4/FG1/image0003.bmp
sequenceB_4/FG2/
sequenceB_4/FG2/image0000.bmp
sequenceB_4/FG2/image0001.bmp
sequenceB_4/FG2/image0002.bmp
sequenceB_4/FG2/image0003.bmp
sequenceB_4/FG3/
sequenceB_4/FG3/image0000.bmp
sequenceB_4/FG3/image0001.bmp
sequenceB_4/FG3/image0002.bmp
sequenceB_4/FG3/image0003.bmp
sequenceB_4/FG4/
sequenceB_4/FG4/image0000.bmp
sequenceB_4/FG4/image0001.bmp
sequenceB_4/FG4/image0002.bmp
sequenceB_4/FG4/image0003.bmp
sequenceB_4/InitialPose.txt
sequenceB_4/PoseParameters.txt
[PARSEC] Running 'time /root/parsec-benchmark/pkgs/apps/bodytrack/inst/riscv64-linux.gcc/bin/bodytrack sequenceB_4 4 4 4000 5 0 8':
[PARSEC] [---------- Beginning of output ----------]
PARSEC Benchmark Suite Version 3.0-beta-20150206
Threading with Posix Threads
Number of threads : 8
Using dataset : sequenceB_4/
4000 particles with 5 annealing layers

Processing frame 0
Processing frame 1
Processing frame 2
Processing frame 3
ROI time measured: 6.315s

real	0m6.966s
user	0m41.585s
sys	0m0.470s
[PARSEC] [----------    End of output    ----------]
[PARSEC]
[PARSEC] BIBLIOGRAPHY
[PARSEC]
[PARSEC] [1] Bienia. Benchmarking Modern Multiprocessors. Ph.D. Thesis, 2011.
[PARSEC]
[PARSEC] Done.
[PARSEC] Benchmarks to run:  parsec.bodytrack

[PARSEC] [========== Running benchmark parsec.bodytrack [1] ==========]
[PARSEC] Deleting old run directory.
[PARSEC] Setting up run directory.
[PARSEC] Unpacking benchmark input 'simlarge'.
sequenceB_4/
sequenceB_4/BodyShapeParameters.txt
sequenceB_4/CALIB/
sequenceB_4/CALIB/Camera1.cal
sequenceB_4/CALIB/Camera2.cal
sequenceB_4/CALIB/Camera3.cal
sequenceB_4/CALIB/Camera4.cal
sequenceB_4/CAM1/
sequenceB_4/CAM1/image0000.bmp
sequenceB_4/CAM1/image0001.bmp
sequenceB_4/CAM1/image0002.bmp
sequenceB_4/CAM1/image0003.bmp
sequenceB_4/CAM2/
sequenceB_4/CAM2/image0000.bmp
sequenceB_4/CAM2/image0001.bmp
sequenceB_4/CAM2/image0002.bmp
sequenceB_4/CAM2/image0003.bmp
sequenceB_4/CAM3/
sequenceB_4/CAM3/image0000.bmp
sequenceB_4/CAM3/image0001.bmp
sequenceB_4/CAM3/image0002.bmp
sequenceB_4/CAM3/image0003.bmp
sequenceB_4/CAM4/
sequenceB_4/CAM4/image0000.bmp
sequenceB_4/CAM4/image0001.bmp
sequenceB_4/CAM4/image0002.bmp
sequenceB_4/CAM4/image0003.bmp
sequenceB_4/FG1/
sequenceB_4/FG1/image0000.bmp
sequenceB_4/FG1/image0001.bmp
sequenceB_4/FG1/image0002.bmp
sequenceB_4/FG1/image0003.bmp
sequenceB_4/FG2/
sequenceB_4/FG2/image0000.bmp
sequenceB_4/FG2/image0001.bmp
sequenceB_4/FG2/image0002.bmp
sequenceB_4/FG2/image0003.bmp
sequenceB_4/FG3/
sequenceB_4/FG3/image0000.bmp
sequenceB_4/FG3/image0001.bmp
sequenceB_4/FG3/image0002.bmp
sequenceB_4/FG3/image0003.bmp
sequenceB_4/FG4/
sequenceB_4/FG4/image0000.bmp
sequenceB_4/FG4/image0001.bmp
sequenceB_4/FG4/image0002.bmp
sequenceB_4/FG4/image0003.bmp
sequenceB_4/InitialPose.txt
sequenceB_4/PoseParameters.txt
[PARSEC] Running 'time /root/parsec-benchmark/pkgs/apps/bodytrack/inst/riscv64-linux.gcc/bin/bodytrack sequenceB_4 4 4 4000 5 0 8':
[PARSEC] [---------- Beginning of output ----------]
PARSEC Benchmark Suite Version 3.0-beta-20150206
Threading with Posix Threads
Number of threads : 8
Using dataset : sequenceB_4/
4000 particles with 5 annealing layers

Processing frame 0
Processing frame 1
Processing frame 2
Processing frame 3
ROI time measured: 6.383s

real	0m7.004s
user	0m42.357s
sys	0m0.503s
[PARSEC] [----------    End of output    ----------]
[PARSEC]
[PARSEC] BIBLIOGRAPHY
[PARSEC]
[PARSEC] [1] Bienia. Benchmarking Modern Multiprocessors. Ph.D. Thesis, 2011.
[PARSEC]
[PARSEC] Done.
[PARSEC] Benchmarks to run:  parsec.bodytrack

[PARSEC] [========== Running benchmark parsec.bodytrack [1] ==========]
[PARSEC] Deleting old run directory.
[PARSEC] Setting up run directory.
[PARSEC] Unpacking benchmark input 'simlarge'.
sequenceB_4/
sequenceB_4/BodyShapeParameters.txt
sequenceB_4/CALIB/
sequenceB_4/CALIB/Camera1.cal
sequenceB_4/CALIB/Camera2.cal
sequenceB_4/CALIB/Camera3.cal
sequenceB_4/CALIB/Camera4.cal
sequenceB_4/CAM1/
sequenceB_4/CAM1/image0000.bmp
sequenceB_4/CAM1/image0001.bmp
sequenceB_4/CAM1/image0002.bmp
sequenceB_4/CAM1/image0003.bmp
sequenceB_4/CAM2/
sequenceB_4/CAM2/image0000.bmp
sequenceB_4/CAM2/image0001.bmp
sequenceB_4/CAM2/image0002.bmp
sequenceB_4/CAM2/image0003.bmp
sequenceB_4/CAM3/
sequenceB_4/CAM3/image0000.bmp
sequenceB_4/CAM3/image0001.bmp
sequenceB_4/CAM3/image0002.bmp
sequenceB_4/CAM3/image0003.bmp
sequenceB_4/CAM4/
sequenceB_4/CAM4/image0000.bmp
sequenceB_4/CAM4/image0001.bmp
sequenceB_4/CAM4/image0002.bmp
sequenceB_4/CAM4/image0003.bmp
sequenceB_4/FG1/
sequenceB_4/FG1/image0000.bmp
sequenceB_4/FG1/image0001.bmp
sequenceB_4/FG1/image0002.bmp
sequenceB_4/FG1/image0003.bmp
sequenceB_4/FG2/
sequenceB_4/FG2/image0000.bmp
sequenceB_4/FG2/image0001.bmp
sequenceB_4/FG2/image0002.bmp
sequenceB_4/FG2/image0003.bmp
sequenceB_4/FG3/
sequenceB_4/FG3/image0000.bmp
sequenceB_4/FG3/image0001.bmp
sequenceB_4/FG3/image0002.bmp
sequenceB_4/FG3/image0003.bmp
sequenceB_4/FG4/
sequenceB_4/FG4/image0000.bmp
sequenceB_4/FG4/image0001.bmp
sequenceB_4/FG4/image0002.bmp
sequenceB_4/FG4/image0003.bmp
sequenceB_4/InitialPose.txt
sequenceB_4/PoseParameters.txt
[PARSEC] Running 'time /root/parsec-benchmark/pkgs/apps/bodytrack/inst/riscv64-linux.gcc/bin/bodytrack sequenceB_4 4 4 4000 5 0 8':
[PARSEC] [---------- Beginning of output ----------]
PARSEC Benchmark Suite Version 3.0-beta-20150206
Threading with Posix Threads
Number of threads : 8
Using dataset : sequenceB_4/
4000 particles with 5 annealing layers

Processing frame 0
Processing frame 1
Processing frame 2
Processing frame 3
ROI time measured: 6.267s

real	0m6.866s
user	0m41.667s
sys	0m0.407s
[PARSEC] [----------    End of output    ----------]
[PARSEC]
[PARSEC] BIBLIOGRAPHY
[PARSEC]
[PARSEC] [1] Bienia. Benchmarking Modern Multiprocessors. Ph.D. Thesis, 2011.
[PARSEC]
[PARSEC] Done.
[PARSEC] Benchmarks to run:  parsec.bodytrack

[PARSEC] [========== Running benchmark parsec.bodytrack [1] ==========]
[PARSEC] Deleting old run directory.
[PARSEC] Setting up run directory.
[PARSEC] Unpacking benchmark input 'simlarge'.
sequenceB_4/
sequenceB_4/BodyShapeParameters.txt
sequenceB_4/CALIB/
sequenceB_4/CALIB/Camera1.cal
sequenceB_4/CALIB/Camera2.cal
sequenceB_4/CALIB/Camera3.cal
sequenceB_4/CALIB/Camera4.cal
sequenceB_4/CAM1/
sequenceB_4/CAM1/image0000.bmp
sequenceB_4/CAM1/image0001.bmp
sequenceB_4/CAM1/image0002.bmp
sequenceB_4/CAM1/image0003.bmp
sequenceB_4/CAM2/
sequenceB_4/CAM2/image0000.bmp
sequenceB_4/CAM2/image0001.bmp
sequenceB_4/CAM2/image0002.bmp
sequenceB_4/CAM2/image0003.bmp
sequenceB_4/CAM3/
sequenceB_4/CAM3/image0000.bmp
sequenceB_4/CAM3/image0001.bmp
sequenceB_4/CAM3/image0002.bmp
sequenceB_4/CAM3/image0003.bmp
sequenceB_4/CAM4/
sequenceB_4/CAM4/image0000.bmp
sequenceB_4/CAM4/image0001.bmp
sequenceB_4/CAM4/image0002.bmp
sequenceB_4/CAM4/image0003.bmp
sequenceB_4/FG1/
sequenceB_4/FG1/image0000.bmp
sequenceB_4/FG1/image0001.bmp
sequenceB_4/FG1/image0002.bmp
sequenceB_4/FG1/image0003.bmp
sequenceB_4/FG2/
sequenceB_4/FG2/image0000.bmp
sequenceB_4/FG2/image0001.bmp
sequenceB_4/FG2/image0002.bmp
sequenceB_4/FG2/image0003.bmp
sequenceB_4/FG3/
sequenceB_4/FG3/image0000.bmp
sequenceB_4/FG3/image0001.bmp
sequenceB_4/FG3/image0002.bmp
sequenceB_4/FG3/image0003.bmp
sequenceB_4/FG4/
sequenceB_4/FG4/image0000.bmp
sequenceB_4/FG4/image0001.bmp
sequenceB_4/FG4/image0002.bmp
sequenceB_4/FG4/image0003.bmp
sequenceB_4/InitialPose.txt
sequenceB_4/PoseParameters.txt
[PARSEC] Running 'time /root/parsec-benchmark/pkgs/apps/bodytrack/inst/riscv64-linux.gcc/bin/bodytrack sequenceB_4 4 4 4000 5 0 8':
[PARSEC] [---------- Beginning of output ----------]
PARSEC Benchmark Suite Version 3.0-beta-20150206
Threading with Posix Threads
Number of threads : 8
Using dataset : sequenceB_4/
4000 particles with 5 annealing layers

Processing frame 0
Processing frame 1
Processing frame 2
Processing frame 3
ROI time measured: 6.495s

real	0m7.128s
user	0m42.752s
sys	0m0.388s
[PARSEC] [----------    End of output    ----------]
[PARSEC]
[PARSEC] BIBLIOGRAPHY
[PARSEC]
[PARSEC] [1] Bienia. Benchmarking Modern Multiprocessors. Ph.D. Thesis, 2011.
[PARSEC]
[PARSEC] Done.

> TIMES: 6.315,6.383,6.267,6.495


################################################################################
> Threads: 16 (bench_parsec_bodytrack.sh)
################################################################################

[PARSEC] Benchmarks to run:  parsec.bodytrack

[PARSEC] [========== Running benchmark parsec.bodytrack [1] ==========]
[PARSEC] Deleting old run directory.
[PARSEC] Setting up run directory.
[PARSEC] Unpacking benchmark input 'simlarge'.
sequenceB_4/
sequenceB_4/BodyShapeParameters.txt
sequenceB_4/CALIB/
sequenceB_4/CALIB/Camera1.cal
sequenceB_4/CALIB/Camera2.cal
sequenceB_4/CALIB/Camera3.cal
sequenceB_4/CALIB/Camera4.cal
sequenceB_4/CAM1/
sequenceB_4/CAM1/image0000.bmp
sequenceB_4/CAM1/image0001.bmp
sequenceB_4/CAM1/image0002.bmp
sequenceB_4/CAM1/image0003.bmp
sequenceB_4/CAM2/
sequenceB_4/CAM2/image0000.bmp
sequenceB_4/CAM2/image0001.bmp
sequenceB_4/CAM2/image0002.bmp
sequenceB_4/CAM2/image0003.bmp
sequenceB_4/CAM3/
sequenceB_4/CAM3/image0000.bmp
sequenceB_4/CAM3/image0001.bmp
sequenceB_4/CAM3/image0002.bmp
sequenceB_4/CAM3/image0003.bmp
sequenceB_4/CAM4/
sequenceB_4/CAM4/image0000.bmp
sequenceB_4/CAM4/image0001.bmp
sequenceB_4/CAM4/image0002.bmp
sequenceB_4/CAM4/image0003.bmp
sequenceB_4/FG1/
sequenceB_4/FG1/image0000.bmp
sequenceB_4/FG1/image0001.bmp
sequenceB_4/FG1/image0002.bmp
sequenceB_4/FG1/image0003.bmp
sequenceB_4/FG2/
sequenceB_4/FG2/image0000.bmp
sequenceB_4/FG2/image0001.bmp
sequenceB_4/FG2/image0002.bmp
sequenceB_4/FG2/image0003.bmp
sequenceB_4/FG3/
sequenceB_4/FG3/image0000.bmp
sequenceB_4/FG3/image0001.bmp
sequenceB_4/FG3/image0002.bmp
sequenceB_4/FG3/image0003.bmp
sequenceB_4/FG4/
sequenceB_4/FG4/image0000.bmp
sequenceB_4/FG4/image0001.bmp
sequenceB_4/FG4/image0002.bmp
sequenceB_4/FG4/image0003.bmp
sequenceB_4/InitialPose.txt
sequenceB_4/PoseParameters.txt
[PARSEC] Running 'time /root/parsec-benchmark/pkgs/apps/bodytrack/inst/riscv64-linux.gcc/bin/bodytrack sequenceB_4 4 4 4000 5 0 16':
[PARSEC] [---------- Beginning of output ----------]
PARSEC Benchmark Suite Version 3.0-beta-20150206
Threading with Posix Threads
Number of threads : 16
Using dataset : sequenceB_4/
4000 particles with 5 annealing layers

Processing frame 0
Processing frame 1
Processing frame 2
Processing frame 3
ROI time measured: 4.389s

real	0m4.968s
user	0m47.523s
sys	0m0.718s
[PARSEC] [----------    End of output    ----------]
[PARSEC]
[PARSEC] BIBLIOGRAPHY
[PARSEC]
[PARSEC] [1] Bienia. Benchmarking Modern Multiprocessors. Ph.D. Thesis, 2011.
[PARSEC]
[PARSEC] Done.
[PARSEC] Benchmarks to run:  parsec.bodytrack

[PARSEC] [========== Running benchmark parsec.bodytrack [1] ==========]
[PARSEC] Deleting old run directory.
[PARSEC] Setting up run directory.
[PARSEC] Unpacking benchmark input 'simlarge'.
sequenceB_4/
sequenceB_4/BodyShapeParameters.txt
sequenceB_4/CALIB/
sequenceB_4/CALIB/Camera1.cal
sequenceB_4/CALIB/Camera2.cal
sequenceB_4/CALIB/Camera3.cal
sequenceB_4/CALIB/Camera4.cal
sequenceB_4/CAM1/
sequenceB_4/CAM1/image0000.bmp
sequenceB_4/CAM1/image0001.bmp
sequenceB_4/CAM1/image0002.bmp
sequenceB_4/CAM1/image0003.bmp
sequenceB_4/CAM2/
sequenceB_4/CAM2/image0000.bmp
sequenceB_4/CAM2/image0001.bmp
sequenceB_4/CAM2/image0002.bmp
sequenceB_4/CAM2/image0003.bmp
sequenceB_4/CAM3/
sequenceB_4/CAM3/image0000.bmp
sequenceB_4/CAM3/image0001.bmp
sequenceB_4/CAM3/image0002.bmp
sequenceB_4/CAM3/image0003.bmp
sequenceB_4/CAM4/
sequenceB_4/CAM4/image0000.bmp
sequenceB_4/CAM4/image0001.bmp
sequenceB_4/CAM4/image0002.bmp
sequenceB_4/CAM4/image0003.bmp
sequenceB_4/FG1/
sequenceB_4/FG1/image0000.bmp
sequenceB_4/FG1/image0001.bmp
sequenceB_4/FG1/image0002.bmp
sequenceB_4/FG1/image0003.bmp
sequenceB_4/FG2/
sequenceB_4/FG2/image0000.bmp
sequenceB_4/FG2/image0001.bmp
sequenceB_4/FG2/image0002.bmp
sequenceB_4/FG2/image0003.bmp
sequenceB_4/FG3/
sequenceB_4/FG3/image0000.bmp
sequenceB_4/FG3/image0001.bmp
sequenceB_4/FG3/image0002.bmp
sequenceB_4/FG3/image0003.bmp
sequenceB_4/FG4/
sequenceB_4/FG4/image0000.bmp
sequenceB_4/FG4/image0001.bmp
sequenceB_4/FG4/image0002.bmp
sequenceB_4/FG4/image0003.bmp
sequenceB_4/InitialPose.txt
sequenceB_4/PoseParameters.txt
[PARSEC] Running 'time /root/parsec-benchmark/pkgs/apps/bodytrack/inst/riscv64-linux.gcc/bin/bodytrack sequenceB_4 4 4 4000 5 0 16':
[PARSEC] [---------- Beginning of output ----------]
PARSEC Benchmark Suite Version 3.0-beta-20150206
Threading with Posix Threads
Number of threads : 16
Using dataset : sequenceB_4/
4000 particles with 5 annealing layers

Processing frame 0
Processing frame 1
Processing frame 2
Processing frame 3
ROI time measured: 4.340s

real	0m4.824s
user	0m47.114s
sys	0m0.770s
[PARSEC] [----------    End of output    ----------]
[PARSEC]
[PARSEC] BIBLIOGRAPHY
[PARSEC]
[PARSEC] [1] Bienia. Benchmarking Modern Multiprocessors. Ph.D. Thesis, 2011.
[PARSEC]
[PARSEC] Done.
[PARSEC] Benchmarks to run:  parsec.bodytrack

[PARSEC] [========== Running benchmark parsec.bodytrack [1] ==========]
[PARSEC] Deleting old run directory.
[PARSEC] Setting up run directory.
[PARSEC] Unpacking benchmark input 'simlarge'.
sequenceB_4/
sequenceB_4/BodyShapeParameters.txt
sequenceB_4/CALIB/
sequenceB_4/CALIB/Camera1.cal
sequenceB_4/CALIB/Camera2.cal
sequenceB_4/CALIB/Camera3.cal
sequenceB_4/CALIB/Camera4.cal
sequenceB_4/CAM1/
sequenceB_4/CAM1/image0000.bmp
sequenceB_4/CAM1/image0001.bmp
sequenceB_4/CAM1/image0002.bmp
sequenceB_4/CAM1/image0003.bmp
sequenceB_4/CAM2/
sequenceB_4/CAM2/image0000.bmp
sequenceB_4/CAM2/image0001.bmp
sequenceB_4/CAM2/image0002.bmp
sequenceB_4/CAM2/image0003.bmp
sequenceB_4/CAM3/
sequenceB_4/CAM3/image0000.bmp
sequenceB_4/CAM3/image0001.bmp
sequenceB_4/CAM3/image0002.bmp
sequenceB_4/CAM3/image0003.bmp
sequenceB_4/CAM4/
sequenceB_4/CAM4/image0000.bmp
sequenceB_4/CAM4/image0001.bmp
sequenceB_4/CAM4/image0002.bmp
sequenceB_4/CAM4/image0003.bmp
sequenceB_4/FG1/
sequenceB_4/FG1/image0000.bmp
sequenceB_4/FG1/image0001.bmp
sequenceB_4/FG1/image0002.bmp
sequenceB_4/FG1/image0003.bmp
sequenceB_4/FG2/
sequenceB_4/FG2/image0000.bmp
sequenceB_4/FG2/image0001.bmp
sequenceB_4/FG2/image0002.bmp
sequenceB_4/FG2/image0003.bmp
sequenceB_4/FG3/
sequenceB_4/FG3/image0000.bmp
sequenceB_4/FG3/image0001.bmp
sequenceB_4/FG3/image0002.bmp
sequenceB_4/FG3/image0003.bmp
sequenceB_4/FG4/
sequenceB_4/FG4/image0000.bmp
sequenceB_4/FG4/image0001.bmp
sequenceB_4/FG4/image0002.bmp
sequenceB_4/FG4/image0003.bmp
sequenceB_4/InitialPose.txt
sequenceB_4/PoseParameters.txt
[PARSEC] Running 'time /root/parsec-benchmark/pkgs/apps/bodytrack/inst/riscv64-linux.gcc/bin/bodytrack sequenceB_4 4 4 4000 5 0 16':
[PARSEC] [---------- Beginning of output ----------]
PARSEC Benchmark Suite Version 3.0-beta-20150206
Threading with Posix Threads
Number of threads : 16
Using dataset : sequenceB_4/
4000 particles with 5 annealing layers

Processing frame 0
Processing frame 1
Processing frame 2
Processing frame 3
ROI time measured: 4.301s

real	0m4.780s
user	0m46.136s
sys	0m0.767s
[PARSEC] [----------    End of output    ----------]
[PARSEC]
[PARSEC] BIBLIOGRAPHY
[PARSEC]
[PARSEC] [1] Bienia. Benchmarking Modern Multiprocessors. Ph.D. Thesis, 2011.
[PARSEC]
[PARSEC] Done.
[PARSEC] Benchmarks to run:  parsec.bodytrack

[PARSEC] [========== Running benchmark parsec.bodytrack [1] ==========]
[PARSEC] Deleting old run directory.
[PARSEC] Setting up run directory.
[PARSEC] Unpacking benchmark input 'simlarge'.
sequenceB_4/
sequenceB_4/BodyShapeParameters.txt
sequenceB_4/CALIB/
sequenceB_4/CALIB/Camera1.cal
sequenceB_4/CALIB/Camera2.cal
sequenceB_4/CALIB/Camera3.cal
sequenceB_4/CALIB/Camera4.cal
sequenceB_4/CAM1/
sequenceB_4/CAM1/image0000.bmp
sequenceB_4/CAM1/image0001.bmp
sequenceB_4/CAM1/image0002.bmp
sequenceB_4/CAM1/image0003.bmp
sequenceB_4/CAM2/
sequenceB_4/CAM2/image0000.bmp
sequenceB_4/CAM2/image0001.bmp
sequenceB_4/CAM2/image0002.bmp
sequenceB_4/CAM2/image0003.bmp
sequenceB_4/CAM3/
sequenceB_4/CAM3/image0000.bmp
sequenceB_4/CAM3/image0001.bmp
sequenceB_4/CAM3/image0002.bmp
sequenceB_4/CAM3/image0003.bmp
sequenceB_4/CAM4/
sequenceB_4/CAM4/image0000.bmp
sequenceB_4/CAM4/image0001.bmp
sequenceB_4/CAM4/image0002.bmp
sequenceB_4/CAM4/image0003.bmp
sequenceB_4/FG1/
sequenceB_4/FG1/image0000.bmp
sequenceB_4/FG1/image0001.bmp
sequenceB_4/FG1/image0002.bmp
sequenceB_4/FG1/image0003.bmp
sequenceB_4/FG2/
sequenceB_4/FG2/image0000.bmp
sequenceB_4/FG2/image0001.bmp
sequenceB_4/FG2/image0002.bmp
sequenceB_4/FG2/image0003.bmp
sequenceB_4/FG3/
sequenceB_4/FG3/image0000.bmp
sequenceB_4/FG3/image0001.bmp
sequenceB_4/FG3/image0002.bmp
sequenceB_4/FG3/image0003.bmp
sequenceB_4/FG4/
sequenceB_4/FG4/image0000.bmp
sequenceB_4/FG4/image0001.bmp
sequenceB_4/FG4/image0002.bmp
sequenceB_4/FG4/image0003.bmp
sequenceB_4/InitialPose.txt
sequenceB_4/PoseParameters.txt
[PARSEC] Running 'time /root/parsec-benchmark/pkgs/apps/bodytrack/inst/riscv64-linux.gcc/bin/bodytrack sequenceB_4 4 4 4000 5 0 16':
[PARSEC] [---------- Beginning of output ----------]
PARSEC Benchmark Suite Version 3.0-beta-20150206
Threading with Posix Threads
Number of threads : 16
Using dataset : sequenceB_4/
4000 particles with 5 annealing layers

Processing frame 0
Processing frame 1
Processing frame 2
Processing frame 3
ROI time measured: 4.277s

real	0m4.754s
user	0m45.973s
sys	0m0.526s
[PARSEC] [----------    End of output    ----------]
[PARSEC]
[PARSEC] BIBLIOGRAPHY
[PARSEC]
[PARSEC] [1] Bienia. Benchmarking Modern Multiprocessors. Ph.D. Thesis, 2011.
[PARSEC]
[PARSEC] Done.

> TIMES: 4.389,4.340,4.301,4.277


################################################################################
> Threads: 32 (bench_parsec_bodytrack.sh)
################################################################################

[PARSEC] Benchmarks to run:  parsec.bodytrack

[PARSEC] [========== Running benchmark parsec.bodytrack [1] ==========]
[PARSEC] Deleting old run directory.
[PARSEC] Setting up run directory.
[PARSEC] Unpacking benchmark input 'simlarge'.
sequenceB_4/
sequenceB_4/BodyShapeParameters.txt
sequenceB_4/CALIB/
sequenceB_4/CALIB/Camera1.cal
sequenceB_4/CALIB/Camera2.cal
sequenceB_4/CALIB/Camera3.cal
sequenceB_4/CALIB/Camera4.cal
sequenceB_4/CAM1/
sequenceB_4/CAM1/image0000.bmp
sequenceB_4/CAM1/image0001.bmp
sequenceB_4/CAM1/image0002.bmp
sequenceB_4/CAM1/image0003.bmp
sequenceB_4/CAM2/
sequenceB_4/CAM2/image0000.bmp
sequenceB_4/CAM2/image0001.bmp
sequenceB_4/CAM2/image0002.bmp
sequenceB_4/CAM2/image0003.bmp
sequenceB_4/CAM3/
sequenceB_4/CAM3/image0000.bmp
sequenceB_4/CAM3/image0001.bmp
sequenceB_4/CAM3/image0002.bmp
sequenceB_4/CAM3/image0003.bmp
sequenceB_4/CAM4/
sequenceB_4/CAM4/image0000.bmp
sequenceB_4/CAM4/image0001.bmp
sequenceB_4/CAM4/image0002.bmp
sequenceB_4/CAM4/image0003.bmp
sequenceB_4/FG1/
sequenceB_4/FG1/image0000.bmp
sequenceB_4/FG1/image0001.bmp
sequenceB_4/FG1/image0002.bmp
sequenceB_4/FG1/image0003.bmp
sequenceB_4/FG2/
sequenceB_4/FG2/image0000.bmp
sequenceB_4/FG2/image0001.bmp
sequenceB_4/FG2/image0002.bmp
sequenceB_4/FG2/image0003.bmp
sequenceB_4/FG3/
sequenceB_4/FG3/image0000.bmp
sequenceB_4/FG3/image0001.bmp
sequenceB_4/FG3/image0002.bmp
sequenceB_4/FG3/image0003.bmp
sequenceB_4/FG4/
sequenceB_4/FG4/image0000.bmp
sequenceB_4/FG4/image0001.bmp
sequenceB_4/FG4/image0002.bmp
sequenceB_4/FG4/image0003.bmp
sequenceB_4/InitialPose.txt
sequenceB_4/PoseParameters.txt
[PARSEC] Running 'time /root/parsec-benchmark/pkgs/apps/bodytrack/inst/riscv64-linux.gcc/bin/bodytrack sequenceB_4 4 4 4000 5 0 32':
[PARSEC] [---------- Beginning of output ----------]
PARSEC Benchmark Suite Version 3.0-beta-20150206
Threading with Posix Threads
Number of threads : 32
Using dataset : sequenceB_4/
4000 particles with 5 annealing layers

Processing frame 0
Processing frame 1
Processing frame 2
Processing frame 3
ROI time measured: 3.811s

real	0m4.469s
user	1m7.987s
sys	0m1.454s
[PARSEC] [----------    End of output    ----------]
[PARSEC]
[PARSEC] BIBLIOGRAPHY
[PARSEC]
[PARSEC] [1] Bienia. Benchmarking Modern Multiprocessors. Ph.D. Thesis, 2011.
[PARSEC]
[PARSEC] Done.
[PARSEC] Benchmarks to run:  parsec.bodytrack

[PARSEC] [========== Running benchmark parsec.bodytrack [1] ==========]
[PARSEC] Deleting old run directory.
[PARSEC] Setting up run directory.
[PARSEC] Unpacking benchmark input 'simlarge'.
sequenceB_4/
sequenceB_4/BodyShapeParameters.txt
sequenceB_4/CALIB/
sequenceB_4/CALIB/Camera1.cal
sequenceB_4/CALIB/Camera2.cal
sequenceB_4/CALIB/Camera3.cal
sequenceB_4/CALIB/Camera4.cal
sequenceB_4/CAM1/
sequenceB_4/CAM1/image0000.bmp
sequenceB_4/CAM1/image0001.bmp
sequenceB_4/CAM1/image0002.bmp
sequenceB_4/CAM1/image0003.bmp
sequenceB_4/CAM2/
sequenceB_4/CAM2/image0000.bmp
sequenceB_4/CAM2/image0001.bmp
sequenceB_4/CAM2/image0002.bmp
sequenceB_4/CAM2/image0003.bmp
sequenceB_4/CAM3/
sequenceB_4/CAM3/image0000.bmp
sequenceB_4/CAM3/image0001.bmp
sequenceB_4/CAM3/image0002.bmp
sequenceB_4/CAM3/image0003.bmp
sequenceB_4/CAM4/
sequenceB_4/CAM4/image0000.bmp
sequenceB_4/CAM4/image0001.bmp
sequenceB_4/CAM4/image0002.bmp
sequenceB_4/CAM4/image0003.bmp
sequenceB_4/FG1/
sequenceB_4/FG1/image0000.bmp
sequenceB_4/FG1/image0001.bmp
sequenceB_4/FG1/image0002.bmp
sequenceB_4/FG1/image0003.bmp
sequenceB_4/FG2/
sequenceB_4/FG2/image0000.bmp
sequenceB_4/FG2/image0001.bmp
sequenceB_4/FG2/image0002.bmp
sequenceB_4/FG2/image0003.bmp
sequenceB_4/FG3/
sequenceB_4/FG3/image0000.bmp
sequenceB_4/FG3/image0001.bmp
sequenceB_4/FG3/image0002.bmp
sequenceB_4/FG3/image0003.bmp
sequenceB_4/FG4/
sequenceB_4/FG4/image0000.bmp
sequenceB_4/FG4/image0001.bmp
sequenceB_4/FG4/image0002.bmp
sequenceB_4/FG4/image0003.bmp
sequenceB_4/InitialPose.txt
sequenceB_4/PoseParameters.txt
[PARSEC] Running 'time /root/parsec-benchmark/pkgs/apps/bodytrack/inst/riscv64-linux.gcc/bin/bodytrack sequenceB_4 4 4 4000 5 0 32':
[PARSEC] [---------- Beginning of output ----------]
PARSEC Benchmark Suite Version 3.0-beta-20150206
Threading with Posix Threads
Number of threads : 32
Using dataset : sequenceB_4/
4000 particles with 5 annealing layers

Processing frame 0
Processing frame 1
Processing frame 2
Processing frame 3
ROI time measured: 3.811s

real	0m4.248s
user	1m7.560s
sys	0m1.995s
[PARSEC] [----------    End of output    ----------]
[PARSEC]
[PARSEC] BIBLIOGRAPHY
[PARSEC]
[PARSEC] [1] Bienia. Benchmarking Modern Multiprocessors. Ph.D. Thesis, 2011.
[PARSEC]
[PARSEC] Done.
[PARSEC] Benchmarks to run:  parsec.bodytrack

[PARSEC] [========== Running benchmark parsec.bodytrack [1] ==========]
[PARSEC] Deleting old run directory.
[PARSEC] Setting up run directory.
[PARSEC] Unpacking benchmark input 'simlarge'.
sequenceB_4/
sequenceB_4/BodyShapeParameters.txt
sequenceB_4/CALIB/
sequenceB_4/CALIB/Camera1.cal
sequenceB_4/CALIB/Camera2.cal
sequenceB_4/CALIB/Camera3.cal
sequenceB_4/CALIB/Camera4.cal
sequenceB_4/CAM1/
sequenceB_4/CAM1/image0000.bmp
sequenceB_4/CAM1/image0001.bmp
sequenceB_4/CAM1/image0002.bmp
sequenceB_4/CAM1/image0003.bmp
sequenceB_4/CAM2/
sequenceB_4/CAM2/image0000.bmp
sequenceB_4/CAM2/image0001.bmp
sequenceB_4/CAM2/image0002.bmp
sequenceB_4/CAM2/image0003.bmp
sequenceB_4/CAM3/
sequenceB_4/CAM3/image0000.bmp
sequenceB_4/CAM3/image0001.bmp
sequenceB_4/CAM3/image0002.bmp
sequenceB_4/CAM3/image0003.bmp
sequenceB_4/CAM4/
sequenceB_4/CAM4/image0000.bmp
sequenceB_4/CAM4/image0001.bmp
sequenceB_4/CAM4/image0002.bmp
sequenceB_4/CAM4/image0003.bmp
sequenceB_4/FG1/
sequenceB_4/FG1/image0000.bmp
sequenceB_4/FG1/image0001.bmp
sequenceB_4/FG1/image0002.bmp
sequenceB_4/FG1/image0003.bmp
sequenceB_4/FG2/
sequenceB_4/FG2/image0000.bmp
sequenceB_4/FG2/image0001.bmp
sequenceB_4/FG2/image0002.bmp
sequenceB_4/FG2/image0003.bmp
sequenceB_4/FG3/
sequenceB_4/FG3/image0000.bmp
sequenceB_4/FG3/image0001.bmp
sequenceB_4/FG3/image0002.bmp
sequenceB_4/FG3/image0003.bmp
sequenceB_4/FG4/
sequenceB_4/FG4/image0000.bmp
sequenceB_4/FG4/image0001.bmp
sequenceB_4/FG4/image0002.bmp
sequenceB_4/FG4/image0003.bmp
sequenceB_4/InitialPose.txt
sequenceB_4/PoseParameters.txt
[PARSEC] Running 'time /root/parsec-benchmark/pkgs/apps/bodytrack/inst/riscv64-linux.gcc/bin/bodytrack sequenceB_4 4 4 4000 5 0 32':
[PARSEC] [---------- Beginning of output ----------]
PARSEC Benchmark Suite Version 3.0-beta-20150206
Threading with Posix Threads
Number of threads : 32
Using dataset : sequenceB_4/
4000 particles with 5 annealing layers

Processing frame 0
Processing frame 1
Processing frame 2
Processing frame 3
ROI time measured: 3.777s

real	0m4.196s
user	1m7.529s
sys	0m1.651s
[PARSEC] [----------    End of output    ----------]
[PARSEC]
[PARSEC] BIBLIOGRAPHY
[PARSEC]
[PARSEC] [1] Bienia. Benchmarking Modern Multiprocessors. Ph.D. Thesis, 2011.
[PARSEC]
[PARSEC] Done.
[PARSEC] Benchmarks to run:  parsec.bodytrack

[PARSEC] [========== Running benchmark parsec.bodytrack [1] ==========]
[PARSEC] Deleting old run directory.
[PARSEC] Setting up run directory.
[PARSEC] Unpacking benchmark input 'simlarge'.
sequenceB_4/
sequenceB_4/BodyShapeParameters.txt
sequenceB_4/CALIB/
sequenceB_4/CALIB/Camera1.cal
sequenceB_4/CALIB/Camera2.cal
sequenceB_4/CALIB/Camera3.cal
sequenceB_4/CALIB/Camera4.cal
sequenceB_4/CAM1/
sequenceB_4/CAM1/image0000.bmp
sequenceB_4/CAM1/image0001.bmp
sequenceB_4/CAM1/image0002.bmp
sequenceB_4/CAM1/image0003.bmp
sequenceB_4/CAM2/
sequenceB_4/CAM2/image0000.bmp
sequenceB_4/CAM2/image0001.bmp
sequenceB_4/CAM2/image0002.bmp
sequenceB_4/CAM2/image0003.bmp
sequenceB_4/CAM3/
sequenceB_4/CAM3/image0000.bmp
sequenceB_4/CAM3/image0001.bmp
sequenceB_4/CAM3/image0002.bmp
sequenceB_4/CAM3/image0003.bmp
sequenceB_4/CAM4/
sequenceB_4/CAM4/image0000.bmp
sequenceB_4/CAM4/image0001.bmp
sequenceB_4/CAM4/image0002.bmp
sequenceB_4/CAM4/image0003.bmp
sequenceB_4/FG1/
sequenceB_4/FG1/image0000.bmp
sequenceB_4/FG1/image0001.bmp
sequenceB_4/FG1/image0002.bmp
sequenceB_4/FG1/image0003.bmp
sequenceB_4/FG2/
sequenceB_4/FG2/image0000.bmp
sequenceB_4/FG2/image0001.bmp
sequenceB_4/FG2/image0002.bmp
sequenceB_4/FG2/image0003.bmp
sequenceB_4/FG3/
sequenceB_4/FG3/image0000.bmp
sequenceB_4/FG3/image0001.bmp
sequenceB_4/FG3/image0002.bmp
sequenceB_4/FG3/image0003.bmp
sequenceB_4/FG4/
sequenceB_4/FG4/image0000.bmp
sequenceB_4/FG4/image0001.bmp
sequenceB_4/FG4/image0002.bmp
sequenceB_4/FG4/image0003.bmp
sequenceB_4/InitialPose.txt
sequenceB_4/PoseParameters.txt
[PARSEC] Running 'time /root/parsec-benchmark/pkgs/apps/bodytrack/inst/riscv64-linux.gcc/bin/bodytrack sequenceB_4 4 4 4000 5 0 32':
[PARSEC] [---------- Beginning of output ----------]
PARSEC Benchmark Suite Version 3.0-beta-20150206
Threading with Posix Threads
Number of threads : 32
Using dataset : sequenceB_4/
4000 particles with 5 annealing layers

Processing frame 0
Processing frame 1
Processing frame 2
Processing frame 3
ROI time measured: 3.886s

real	0m4.332s
user	1m7.359s
sys	0m1.706s
[PARSEC] [----------    End of output    ----------]
[PARSEC]
[PARSEC] BIBLIOGRAPHY
[PARSEC]
[PARSEC] [1] Bienia. Benchmarking Modern Multiprocessors. Ph.D. Thesis, 2011.
[PARSEC]
[PARSEC] Done.

> TIMES: 3.811,3.811,3.777,3.886


################################################################################
> Threads: 64 (bench_parsec_bodytrack.sh)
################################################################################

[PARSEC] Benchmarks to run:  parsec.bodytrack

[PARSEC] [========== Running benchmark parsec.bodytrack [1] ==========]
[PARSEC] Deleting old run directory.
[PARSEC] Setting up run directory.
[PARSEC] Unpacking benchmark input 'simlarge'.
sequenceB_4/
sequenceB_4/BodyShapeParameters.txt
sequenceB_4/CALIB/
sequenceB_4/CALIB/Camera1.cal
sequenceB_4/CALIB/Camera2.cal
sequenceB_4/CALIB/Camera3.cal
sequenceB_4/CALIB/Camera4.cal
sequenceB_4/CAM1/
sequenceB_4/CAM1/image0000.bmp
sequenceB_4/CAM1/image0001.bmp
sequenceB_4/CAM1/image0002.bmp
sequenceB_4/CAM1/image0003.bmp
sequenceB_4/CAM2/
sequenceB_4/CAM2/image0000.bmp
sequenceB_4/CAM2/image0001.bmp
sequenceB_4/CAM2/image0002.bmp
sequenceB_4/CAM2/image0003.bmp
sequenceB_4/CAM3/
sequenceB_4/CAM3/image0000.bmp
sequenceB_4/CAM3/image0001.bmp
sequenceB_4/CAM3/image0002.bmp
sequenceB_4/CAM3/image0003.bmp
sequenceB_4/CAM4/
sequenceB_4/CAM4/image0000.bmp
sequenceB_4/CAM4/image0001.bmp
sequenceB_4/CAM4/image0002.bmp
sequenceB_4/CAM4/image0003.bmp
sequenceB_4/FG1/
sequenceB_4/FG1/image0000.bmp
sequenceB_4/FG1/image0001.bmp
sequenceB_4/FG1/image0002.bmp
sequenceB_4/FG1/image0003.bmp
sequenceB_4/FG2/
sequenceB_4/FG2/image0000.bmp
sequenceB_4/FG2/image0001.bmp
sequenceB_4/FG2/image0002.bmp
sequenceB_4/FG2/image0003.bmp
sequenceB_4/FG3/
sequenceB_4/FG3/image0000.bmp
sequenceB_4/FG3/image0001.bmp
sequenceB_4/FG3/image0002.bmp
sequenceB_4/FG3/image0003.bmp
sequenceB_4/FG4/
sequenceB_4/FG4/image0000.bmp
sequenceB_4/FG4/image0001.bmp
sequenceB_4/FG4/image0002.bmp
sequenceB_4/FG4/image0003.bmp
sequenceB_4/InitialPose.txt
sequenceB_4/PoseParameters.txt
[PARSEC] Running 'time /root/parsec-benchmark/pkgs/apps/bodytrack/inst/riscv64-linux.gcc/bin/bodytrack sequenceB_4 4 4 4000 5 0 64':
[PARSEC] [---------- Beginning of output ----------]
PARSEC Benchmark Suite Version 3.0-beta-20150206
Threading with Posix Threads
Number of threads : 64
Using dataset : sequenceB_4/
4000 particles with 5 annealing layers

Processing frame 0
Processing frame 1
Processing frame 2
Processing frame 3
ROI time measured: 5.593s

real	0m6.505s
user	2m55.979s
sys	0m20.298s
[PARSEC] [----------    End of output    ----------]
[PARSEC]
[PARSEC] BIBLIOGRAPHY
[PARSEC]
[PARSEC] [1] Bienia. Benchmarking Modern Multiprocessors. Ph.D. Thesis, 2011.
[PARSEC]
[PARSEC] Done.
[PARSEC] Benchmarks to run:  parsec.bodytrack

[PARSEC] [========== Running benchmark parsec.bodytrack [1] ==========]
[PARSEC] Deleting old run directory.
[PARSEC] Setting up run directory.
[PARSEC] Unpacking benchmark input 'simlarge'.
sequenceB_4/
sequenceB_4/BodyShapeParameters.txt
sequenceB_4/CALIB/
sequenceB_4/CALIB/Camera1.cal
sequenceB_4/CALIB/Camera2.cal
sequenceB_4/CALIB/Camera3.cal
sequenceB_4/CALIB/Camera4.cal
sequenceB_4/CAM1/
sequenceB_4/CAM1/image0000.bmp
sequenceB_4/CAM1/image0001.bmp
sequenceB_4/CAM1/image0002.bmp
sequenceB_4/CAM1/image0003.bmp
sequenceB_4/CAM2/
sequenceB_4/CAM2/image0000.bmp
sequenceB_4/CAM2/image0001.bmp
sequenceB_4/CAM2/image0002.bmp
sequenceB_4/CAM2/image0003.bmp
sequenceB_4/CAM3/
sequenceB_4/CAM3/image0000.bmp
sequenceB_4/CAM3/image0001.bmp
sequenceB_4/CAM3/image0002.bmp
sequenceB_4/CAM3/image0003.bmp
sequenceB_4/CAM4/
sequenceB_4/CAM4/image0000.bmp
sequenceB_4/CAM4/image0001.bmp
sequenceB_4/CAM4/image0002.bmp
sequenceB_4/CAM4/image0003.bmp
sequenceB_4/FG1/
sequenceB_4/FG1/image0000.bmp
sequenceB_4/FG1/image0001.bmp
sequenceB_4/FG1/image0002.bmp
sequenceB_4/FG1/image0003.bmp
sequenceB_4/FG2/
sequenceB_4/FG2/image0000.bmp
sequenceB_4/FG2/image0001.bmp
sequenceB_4/FG2/image0002.bmp
sequenceB_4/FG2/image0003.bmp
sequenceB_4/FG3/
sequenceB_4/FG3/image0000.bmp
sequenceB_4/FG3/image0001.bmp
sequenceB_4/FG3/image0002.bmp
sequenceB_4/FG3/image0003.bmp
sequenceB_4/FG4/
sequenceB_4/FG4/image0000.bmp
sequenceB_4/FG4/image0001.bmp
sequenceB_4/FG4/image0002.bmp
sequenceB_4/FG4/image0003.bmp
sequenceB_4/InitialPose.txt
sequenceB_4/PoseParameters.txt
[PARSEC] Running 'time /root/parsec-benchmark/pkgs/apps/bodytrack/inst/riscv64-linux.gcc/bin/bodytrack sequenceB_4 4 4 4000 5 0 64':
[PARSEC] [---------- Beginning of output ----------]
PARSEC Benchmark Suite Version 3.0-beta-20150206
Threading with Posix Threads
Number of threads : 64
Using dataset : sequenceB_4/
4000 particles with 5 annealing layers

Processing frame 0
Processing frame 1
Processing frame 2
Processing frame 3
ROI time measured: 5.591s

real	0m6.116s
user	2m56.360s
sys	0m21.207s
[PARSEC] [----------    End of output    ----------]
[PARSEC]
[PARSEC] BIBLIOGRAPHY
[PARSEC]
[PARSEC] [1] Bienia. Benchmarking Modern Multiprocessors. Ph.D. Thesis, 2011.
[PARSEC]
[PARSEC] Done.
[PARSEC] Benchmarks to run:  parsec.bodytrack

[PARSEC] [========== Running benchmark parsec.bodytrack [1] ==========]
[PARSEC] Deleting old run directory.
[PARSEC] Setting up run directory.
[PARSEC] Unpacking benchmark input 'simlarge'.
sequenceB_4/
sequenceB_4/BodyShapeParameters.txt
sequenceB_4/CALIB/
sequenceB_4/CALIB/Camera1.cal
sequenceB_4/CALIB/Camera2.cal
sequenceB_4/CALIB/Camera3.cal
sequenceB_4/CALIB/Camera4.cal
sequenceB_4/CAM1/
sequenceB_4/CAM1/image0000.bmp
sequenceB_4/CAM1/image0001.bmp
sequenceB_4/CAM1/image0002.bmp
sequenceB_4/CAM1/image0003.bmp
sequenceB_4/CAM2/
sequenceB_4/CAM2/image0000.bmp
sequenceB_4/CAM2/image0001.bmp
sequenceB_4/CAM2/image0002.bmp
sequenceB_4/CAM2/image0003.bmp
sequenceB_4/CAM3/
sequenceB_4/CAM3/image0000.bmp
sequenceB_4/CAM3/image0001.bmp
sequenceB_4/CAM3/image0002.bmp
sequenceB_4/CAM3/image0003.bmp
sequenceB_4/CAM4/
sequenceB_4/CAM4/image0000.bmp
sequenceB_4/CAM4/image0001.bmp
sequenceB_4/CAM4/image0002.bmp
sequenceB_4/CAM4/image0003.bmp
sequenceB_4/FG1/
sequenceB_4/FG1/image0000.bmp
sequenceB_4/FG1/image0001.bmp
sequenceB_4/FG1/image0002.bmp
sequenceB_4/FG1/image0003.bmp
sequenceB_4/FG2/
sequenceB_4/FG2/image0000.bmp
sequenceB_4/FG2/image0001.bmp
sequenceB_4/FG2/image0002.bmp
sequenceB_4/FG2/image0003.bmp
sequenceB_4/FG3/
sequenceB_4/FG3/image0000.bmp
sequenceB_4/FG3/image0001.bmp
sequenceB_4/FG3/image0002.bmp
sequenceB_4/FG3/image0003.bmp
sequenceB_4/FG4/
sequenceB_4/FG4/image0000.bmp
sequenceB_4/FG4/image0001.bmp
sequenceB_4/FG4/image0002.bmp
sequenceB_4/FG4/image0003.bmp
sequenceB_4/InitialPose.txt
sequenceB_4/PoseParameters.txt
[PARSEC] Running 'time /root/parsec-benchmark/pkgs/apps/bodytrack/inst/riscv64-linux.gcc/bin/bodytrack sequenceB_4 4 4 4000 5 0 64':
[PARSEC] [---------- Beginning of output ----------]
PARSEC Benchmark Suite Version 3.0-beta-20150206
Threading with Posix Threads
Number of threads : 64
Using dataset : sequenceB_4/
4000 particles with 5 annealing layers

Processing frame 0
Processing frame 1
Processing frame 2
Processing frame 3
ROI time measured: 5.576s

real	0m6.099s
user	3m0.768s
sys	0m16.862s
[PARSEC] [----------    End of output    ----------]
[PARSEC]
[PARSEC] BIBLIOGRAPHY
[PARSEC]
[PARSEC] [1] Bienia. Benchmarking Modern Multiprocessors. Ph.D. Thesis, 2011.
[PARSEC]
[PARSEC] Done.
[PARSEC] Benchmarks to run:  parsec.bodytrack

[PARSEC] [========== Running benchmark parsec.bodytrack [1] ==========]
[PARSEC] Deleting old run directory.
[PARSEC] Setting up run directory.
[PARSEC] Unpacking benchmark input 'simlarge'.
sequenceB_4/
sequenceB_4/BodyShapeParameters.txt
sequenceB_4/CALIB/
sequenceB_4/CALIB/Camera1.cal
sequenceB_4/CALIB/Camera2.cal
sequenceB_4/CALIB/Camera3.cal
sequenceB_4/CALIB/Camera4.cal
sequenceB_4/CAM1/
sequenceB_4/CAM1/image0000.bmp
sequenceB_4/CAM1/image0001.bmp
sequenceB_4/CAM1/image0002.bmp
sequenceB_4/CAM1/image0003.bmp
sequenceB_4/CAM2/
sequenceB_4/CAM2/image0000.bmp
sequenceB_4/CAM2/image0001.bmp
sequenceB_4/CAM2/image0002.bmp
sequenceB_4/CAM2/image0003.bmp
sequenceB_4/CAM3/
sequenceB_4/CAM3/image0000.bmp
sequenceB_4/CAM3/image0001.bmp
sequenceB_4/CAM3/image0002.bmp
sequenceB_4/CAM3/image0003.bmp
sequenceB_4/CAM4/
sequenceB_4/CAM4/image0000.bmp
sequenceB_4/CAM4/image0001.bmp
sequenceB_4/CAM4/image0002.bmp
sequenceB_4/CAM4/image0003.bmp
sequenceB_4/FG1/
sequenceB_4/FG1/image0000.bmp
sequenceB_4/FG1/image0001.bmp
sequenceB_4/FG1/image0002.bmp
sequenceB_4/FG1/image0003.bmp
sequenceB_4/FG2/
sequenceB_4/FG2/image0000.bmp
sequenceB_4/FG2/image0001.bmp
sequenceB_4/FG2/image0002.bmp
sequenceB_4/FG2/image0003.bmp
sequenceB_4/FG3/
sequenceB_4/FG3/image0000.bmp
sequenceB_4/FG3/image0001.bmp
sequenceB_4/FG3/image0002.bmp
sequenceB_4/FG3/image0003.bmp
sequenceB_4/FG4/
sequenceB_4/FG4/image0000.bmp
sequenceB_4/FG4/image0001.bmp
sequenceB_4/FG4/image0002.bmp
sequenceB_4/FG4/image0003.bmp
sequenceB_4/InitialPose.txt
sequenceB_4/PoseParameters.txt
[PARSEC] Running 'time /root/parsec-benchmark/pkgs/apps/bodytrack/inst/riscv64-linux.gcc/bin/bodytrack sequenceB_4 4 4 4000 5 0 64':
[PARSEC] [---------- Beginning of output ----------]
PARSEC Benchmark Suite Version 3.0-beta-20150206
Threading with Posix Threads
Number of threads : 64
Using dataset : sequenceB_4/
4000 particles with 5 annealing layers

Processing frame 0
Processing frame 1
Processing frame 2
Processing frame 3
ROI time measured: 5.586s

real	0m6.121s
user	2m57.557s
sys	0m17.972s
[PARSEC] [----------    End of output    ----------]
[PARSEC]
[PARSEC] BIBLIOGRAPHY
[PARSEC]
[PARSEC] [1] Bienia. Benchmarking Modern Multiprocessors. Ph.D. Thesis, 2011.
[PARSEC]
[PARSEC] Done.

> TIMES: 5.593,5.591,5.576,5.586


################################################################################
> Threads: 128 (bench_parsec_bodytrack.sh)
################################################################################

[PARSEC] Benchmarks to run:  parsec.bodytrack

[PARSEC] [========== Running benchmark parsec.bodytrack [1] ==========]
[PARSEC] Deleting old run directory.
[PARSEC] Setting up run directory.
[PARSEC] Unpacking benchmark input 'simlarge'.
sequenceB_4/
sequenceB_4/BodyShapeParameters.txt
sequenceB_4/CALIB/
sequenceB_4/CALIB/Camera1.cal
sequenceB_4/CALIB/Camera2.cal
sequenceB_4/CALIB/Camera3.cal
sequenceB_4/CALIB/Camera4.cal
sequenceB_4/CAM1/
sequenceB_4/CAM1/image0000.bmp
sequenceB_4/CAM1/image0001.bmp
sequenceB_4/CAM1/image0002.bmp
sequenceB_4/CAM1/image0003.bmp
sequenceB_4/CAM2/
sequenceB_4/CAM2/image0000.bmp
sequenceB_4/CAM2/image0001.bmp
sequenceB_4/CAM2/image0002.bmp
sequenceB_4/CAM2/image0003.bmp
sequenceB_4/CAM3/
sequenceB_4/CAM3/image0000.bmp
sequenceB_4/CAM3/image0001.bmp
sequenceB_4/CAM3/image0002.bmp
sequenceB_4/CAM3/image0003.bmp
sequenceB_4/CAM4/
sequenceB_4/CAM4/image0000.bmp
sequenceB_4/CAM4/image0001.bmp
sequenceB_4/CAM4/image0002.bmp
sequenceB_4/CAM4/image0003.bmp
sequenceB_4/FG1/
sequenceB_4/FG1/image0000.bmp
sequenceB_4/FG1/image0001.bmp
sequenceB_4/FG1/image0002.bmp
sequenceB_4/FG1/image0003.bmp
sequenceB_4/FG2/
sequenceB_4/FG2/image0000.bmp
sequenceB_4/FG2/image0001.bmp
sequenceB_4/FG2/image0002.bmp
sequenceB_4/FG2/image0003.bmp
sequenceB_4/FG3/
sequenceB_4/FG3/image0000.bmp
sequenceB_4/FG3/image0001.bmp
sequenceB_4/FG3/image0002.bmp
sequenceB_4/FG3/image0003.bmp
sequenceB_4/FG4/
sequenceB_4/FG4/image0000.bmp
sequenceB_4/FG4/image0001.bmp
sequenceB_4/FG4/image0002.bmp
sequenceB_4/FG4/image0003.bmp
sequenceB_4/InitialPose.txt
sequenceB_4/PoseParameters.txt
[PARSEC] Running 'time /root/parsec-benchmark/pkgs/apps/bodytrack/inst/riscv64-linux.gcc/bin/bodytrack sequenceB_4 4 4 4000 5 0 128':
[PARSEC] [---------- Beginning of output ----------]
PARSEC Benchmark Suite Version 3.0-beta-20150206
Threading with Posix Threads
Number of threads : 128
Using dataset : sequenceB_4/
4000 particles with 5 annealing layers

Processing frame 0
Processing frame 1
Processing frame 2
Processing frame 3
ROI time measured: 41.244s

real	0m49.097s
user	5m32.355s
sys	3m28.270s
[PARSEC] [----------    End of output    ----------]
[PARSEC]
[PARSEC] BIBLIOGRAPHY
[PARSEC]
[PARSEC] [1] Bienia. Benchmarking Modern Multiprocessors. Ph.D. Thesis, 2011.
[PARSEC]
[PARSEC] Done.
[PARSEC] Benchmarks to run:  parsec.bodytrack

[PARSEC] [========== Running benchmark parsec.bodytrack [1] ==========]
[PARSEC] Deleting old run directory.
[PARSEC] Setting up run directory.
[PARSEC] Unpacking benchmark input 'simlarge'.
sequenceB_4/
sequenceB_4/BodyShapeParameters.txt
sequenceB_4/CALIB/
sequenceB_4/CALIB/Camera1.cal
sequenceB_4/CALIB/Camera2.cal
sequenceB_4/CALIB/Camera3.cal
sequenceB_4/CALIB/Camera4.cal
sequenceB_4/CAM1/
sequenceB_4/CAM1/image0000.bmp
sequenceB_4/CAM1/image0001.bmp
sequenceB_4/CAM1/image0002.bmp
sequenceB_4/CAM1/image0003.bmp
sequenceB_4/CAM2/
sequenceB_4/CAM2/image0000.bmp
sequenceB_4/CAM2/image0001.bmp
sequenceB_4/CAM2/image0002.bmp
sequenceB_4/CAM2/image0003.bmp
sequenceB_4/CAM3/
sequenceB_4/CAM3/image0000.bmp
sequenceB_4/CAM3/image0001.bmp
sequenceB_4/CAM3/image0002.bmp
sequenceB_4/CAM3/image0003.bmp
sequenceB_4/CAM4/
sequenceB_4/CAM4/image0000.bmp
sequenceB_4/CAM4/image0001.bmp
sequenceB_4/CAM4/image0002.bmp
sequenceB_4/CAM4/image0003.bmp
sequenceB_4/FG1/
sequenceB_4/FG1/image0000.bmp
sequenceB_4/FG1/image0001.bmp
sequenceB_4/FG1/image0002.bmp
sequenceB_4/FG1/image0003.bmp
sequenceB_4/FG2/
sequenceB_4/FG2/image0000.bmp
sequenceB_4/FG2/image0001.bmp
sequenceB_4/FG2/image0002.bmp
sequenceB_4/FG2/image0003.bmp
sequenceB_4/FG3/
sequenceB_4/FG3/image0000.bmp
sequenceB_4/FG3/image0001.bmp
sequenceB_4/FG3/image0002.bmp
sequenceB_4/FG3/image0003.bmp
sequenceB_4/FG4/
sequenceB_4/FG4/image0000.bmp
sequenceB_4/FG4/image0001.bmp
sequenceB_4/FG4/image0002.bmp
sequenceB_4/FG4/image0003.bmp
sequenceB_4/InitialPose.txt
sequenceB_4/PoseParameters.txt
[PARSEC] Running 'time /root/parsec-benchmark/pkgs/apps/bodytrack/inst/riscv64-linux.gcc/bin/bodytrack sequenceB_4 4 4 4000 5 0 128':
[PARSEC] [---------- Beginning of output ----------]
PARSEC Benchmark Suite Version 3.0-beta-20150206
Threading with Posix Threads
Number of threads : 128
Using dataset : sequenceB_4/
4000 particles with 5 annealing layers

Processing frame 0
Processing frame 1
Processing frame 2
Processing frame 3
ROI time measured: 39.083s

real	0m45.211s
user	3m5.975s
sys	1m47.110s
[PARSEC] [----------    End of output    ----------]
[PARSEC]
[PARSEC] BIBLIOGRAPHY
[PARSEC]
[PARSEC] [1] Bienia. Benchmarking Modern Multiprocessors. Ph.D. Thesis, 2011.
[PARSEC]
[PARSEC] Done.
[PARSEC] Benchmarks to run:  parsec.bodytrack

[PARSEC] [========== Running benchmark parsec.bodytrack [1] ==========]
[PARSEC] Deleting old run directory.
[PARSEC] Setting up run directory.
[PARSEC] Unpacking benchmark input 'simlarge'.
sequenceB_4/
sequenceB_4/BodyShapeParameters.txt
sequenceB_4/CALIB/
sequenceB_4/CALIB/Camera1.cal
sequenceB_4/CALIB/Camera2.cal
sequenceB_4/CALIB/Camera3.cal
sequenceB_4/CALIB/Camera4.cal
sequenceB_4/CAM1/
sequenceB_4/CAM1/image0000.bmp
sequenceB_4/CAM1/image0001.bmp
sequenceB_4/CAM1/image0002.bmp
sequenceB_4/CAM1/image0003.bmp
sequenceB_4/CAM2/
sequenceB_4/CAM2/image0000.bmp
sequenceB_4/CAM2/image0001.bmp
sequenceB_4/CAM2/image0002.bmp
sequenceB_4/CAM2/image0003.bmp
sequenceB_4/CAM3/
sequenceB_4/CAM3/image0000.bmp
sequenceB_4/CAM3/image0001.bmp
sequenceB_4/CAM3/image0002.bmp
sequenceB_4/CAM3/image0003.bmp
sequenceB_4/CAM4/
sequenceB_4/CAM4/image0000.bmp
sequenceB_4/CAM4/image0001.bmp
sequenceB_4/CAM4/image0002.bmp
sequenceB_4/CAM4/image0003.bmp
sequenceB_4/FG1/
sequenceB_4/FG1/image0000.bmp
sequenceB_4/FG1/image0001.bmp
sequenceB_4/FG1/image0002.bmp
sequenceB_4/FG1/image0003.bmp
sequenceB_4/FG2/
sequenceB_4/FG2/image0000.bmp
sequenceB_4/FG2/image0001.bmp
sequenceB_4/FG2/image0002.bmp
sequenceB_4/FG2/image0003.bmp
sequenceB_4/FG3/
sequenceB_4/FG3/image0000.bmp
sequenceB_4/FG3/image0001.bmp
sequenceB_4/FG3/image0002.bmp
sequenceB_4/FG3/image0003.bmp
sequenceB_4/FG4/
sequenceB_4/FG4/image0000.bmp
sequenceB_4/FG4/image0001.bmp
sequenceB_4/FG4/image0002.bmp
sequenceB_4/FG4/image0003.bmp
sequenceB_4/InitialPose.txt
sequenceB_4/PoseParameters.txt
[PARSEC] Running 'time /root/parsec-benchmark/pkgs/apps/bodytrack/inst/riscv64-linux.gcc/bin/bodytrack sequenceB_4 4 4 4000 5 0 128':
[PARSEC] [---------- Beginning of output ----------]
PARSEC Benchmark Suite Version 3.0-beta-20150206
Threading with Posix Threads
Number of threads : 128
Using dataset : sequenceB_4/
4000 particles with 5 annealing layers

Processing frame 0
Processing frame 1
Processing frame 2
Processing frame 3
ROI time measured: 39.091s

real	0m45.254s
user	4m27.247s
sys	2m33.302s
[PARSEC] [----------    End of output    ----------]
[PARSEC]
[PARSEC] BIBLIOGRAPHY
[PARSEC]
[PARSEC] [1] Bienia. Benchmarking Modern Multiprocessors. Ph.D. Thesis, 2011.
[PARSEC]
[PARSEC] Done.
[PARSEC] Benchmarks to run:  parsec.bodytrack

[PARSEC] [========== Running benchmark parsec.bodytrack [1] ==========]
[PARSEC] Deleting old run directory.
[PARSEC] Setting up run directory.
[PARSEC] Unpacking benchmark input 'simlarge'.
sequenceB_4/
sequenceB_4/BodyShapeParameters.txt
sequenceB_4/CALIB/
sequenceB_4/CALIB/Camera1.cal
sequenceB_4/CALIB/Camera2.cal
sequenceB_4/CALIB/Camera3.cal
sequenceB_4/CALIB/Camera4.cal
sequenceB_4/CAM1/
sequenceB_4/CAM1/image0000.bmp
sequenceB_4/CAM1/image0001.bmp
sequenceB_4/CAM1/image0002.bmp
sequenceB_4/CAM1/image0003.bmp
sequenceB_4/CAM2/
sequenceB_4/CAM2/image0000.bmp
sequenceB_4/CAM2/image0001.bmp
sequenceB_4/CAM2/image0002.bmp
sequenceB_4/CAM2/image0003.bmp
sequenceB_4/CAM3/
sequenceB_4/CAM3/image0000.bmp
sequenceB_4/CAM3/image0001.bmp
sequenceB_4/CAM3/image0002.bmp
sequenceB_4/CAM3/image0003.bmp
sequenceB_4/CAM4/
sequenceB_4/CAM4/image0000.bmp
sequenceB_4/CAM4/image0001.bmp
sequenceB_4/CAM4/image0002.bmp
sequenceB_4/CAM4/image0003.bmp
sequenceB_4/FG1/
sequenceB_4/FG1/image0000.bmp
sequenceB_4/FG1/image0001.bmp
sequenceB_4/FG1/image0002.bmp
sequenceB_4/FG1/image0003.bmp
sequenceB_4/FG2/
sequenceB_4/FG2/image0000.bmp
sequenceB_4/FG2/image0001.bmp
sequenceB_4/FG2/image0002.bmp
sequenceB_4/FG2/image0003.bmp
sequenceB_4/FG3/
sequenceB_4/FG3/image0000.bmp
sequenceB_4/FG3/image0001.bmp
sequenceB_4/FG3/image0002.bmp
sequenceB_4/FG3/image0003.bmp
sequenceB_4/FG4/
sequenceB_4/FG4/image0000.bmp
sequenceB_4/FG4/image0001.bmp
sequenceB_4/FG4/image0002.bmp
sequenceB_4/FG4/image0003.bmp
sequenceB_4/InitialPose.txt
sequenceB_4/PoseParameters.txt
[PARSEC] Running 'time /root/parsec-benchmark/pkgs/apps/bodytrack/inst/riscv64-linux.gcc/bin/bodytrack sequenceB_4 4 4 4000 5 0 128':
[PARSEC] [---------- Beginning of output ----------]
PARSEC Benchmark Suite Version 3.0-beta-20150206
Threading with Posix Threads
Number of threads : 128
Using dataset : sequenceB_4/
4000 particles with 5 annealing layers

Processing frame 0
Processing frame 1
Processing frame 2
Processing frame 3
ROI time measured: 39.950s

real	0m45.930s
user	5m40.601s
sys	3m17.957s
[PARSEC] [----------    End of output    ----------]
[PARSEC]
[PARSEC] BIBLIOGRAPHY
[PARSEC]
[PARSEC] [1] Bienia. Benchmarking Modern Multiprocessors. Ph.D. Thesis, 2011.
[PARSEC]
[PARSEC] Done.

> TIMES: 41.244,39.083,39.091,39.950

