
################################################################################
> Threads: 2 (bench_parsec_cholesky.sh)
################################################################################

[PARSEC] Benchmarks to run:  splash2x.cholesky

[PARSEC] [========== Running benchmark splash2x.cholesky [1] ==========]
[PARSEC] Setting up run directory.
[PARSEC] Unpacking benchmark input 'simlarge'.
d750.O
lshp.O
tk14.O
tk15.O
tk16.O
tk17.O
tk18.O
tk23.O
tk25.O
tk29.O
wr10.O
[PARSEC] Running 'time /root/parsec-benchmark/ext/splash2x/kernels/cholesky/inst/riscv64-linux.gcc/bin/run.sh 2 simlarge':
[PARSEC] [---------- Beginning of output ----------]
Generating input file tk29.O...
Running /root/parsec-benchmark/ext/splash2x/kernels/cholesky/inst/riscv64-linux.gcc/bin/cholesky -p2 < tk29.O:

Sparse Cholesky Factorization
     Problem:         
     2 Processors
     Postpass partition size: 32
     16384 byte cache


true partitions
Fan-out, no block copy-across
LB domain, embedded distribution
No ordering
3231 supers, 4.33 nodes/super, 174 max super
3231/1187 supers before/after
393059150/405034303 (1.03) ops before/after amalgamation
before partition
Divide for 2 P, 99 domains, 0.73 of work static, 0.99 eff, (inf overall)
311715 total domain updates
1779 max height, 405034303 ops, 75891.76 conc, 194.80 bl for 2 P
Target partition size 0, postpass size 32
Processor array is 2 by 1
No redistribution
Supers: 111: 1  222: 1  546: 1  
Blocks: 27: 1  28: 3  31: 2  32: 20  33: 2  
28 partitions
28 partitions, 483 blocks
ROI time measured: 1.043s
405034303 operations for factorization

                            PROCESS STATISTICS
              Total
 Proc         Time 
    0       1024010
                            TIMING INFORMATION
Start time                        : 1617743267365710
Initialization finish time        : 1617743267843282
Overall finish time               : 1617743268867292
Total time with initialization    :          1501582
Total time without initialization :          1024010


real	0m1.561s
user	0m2.305s
sys	0m0.278s
[PARSEC] [----------    End of output    ----------]
[PARSEC]
[PARSEC] BIBLIOGRAPHY
[PARSEC]
[PARSEC] [1] Woo et al. The SPLASH-2 Programs: Characterization and Methodological Considerations. ISCA, 1995.
[PARSEC]
[PARSEC] Done.
[PARSEC] Benchmarks to run:  splash2x.cholesky

[PARSEC] [========== Running benchmark splash2x.cholesky [1] ==========]
[PARSEC] Deleting old run directory.
[PARSEC] Setting up run directory.
[PARSEC] Unpacking benchmark input 'simlarge'.
d750.O
lshp.O
tk14.O
tk15.O
tk16.O
tk17.O
tk18.O
tk23.O
tk25.O
tk29.O
wr10.O
[PARSEC] Running 'time /root/parsec-benchmark/ext/splash2x/kernels/cholesky/inst/riscv64-linux.gcc/bin/run.sh 2 simlarge':
[PARSEC] [---------- Beginning of output ----------]
Generating input file tk29.O...
Running /root/parsec-benchmark/ext/splash2x/kernels/cholesky/inst/riscv64-linux.gcc/bin/cholesky -p2 < tk29.O:

Sparse Cholesky Factorization
     Problem:         
     2 Processors
     Postpass partition size: 32
     16384 byte cache


true partitions
Fan-out, no block copy-across
LB domain, embedded distribution
No ordering
3231 supers, 4.33 nodes/super, 174 max super
3231/1187 supers before/after
393059150/405034303 (1.03) ops before/after amalgamation
before partition
Divide for 2 P, 99 domains, 0.73 of work static, 0.99 eff, (inf overall)
311715 total domain updates
1779 max height, 405034303 ops, 75891.76 conc, 194.80 bl for 2 P
Target partition size 0, postpass size 32
Processor array is 2 by 1
No redistribution
Supers: 111: 1  222: 1  546: 1  
Blocks: 27: 1  28: 3  31: 2  32: 20  33: 2  
28 partitions
28 partitions, 483 blocks
ROI time measured: 1.032s
405034303 operations for factorization

                            PROCESS STATISTICS
              Total
 Proc         Time 
    0       1014776
                            TIMING INFORMATION
Start time                        : 1617743276637316
Initialization finish time        : 1617743277076885
Overall finish time               : 1617743278091661
Total time with initialization    :          1454345
Total time without initialization :          1014776


real	0m1.505s
user	0m2.214s
sys	0m0.305s
[PARSEC] [----------    End of output    ----------]
[PARSEC]
[PARSEC] BIBLIOGRAPHY
[PARSEC]
[PARSEC] [1] Woo et al. The SPLASH-2 Programs: Characterization and Methodological Considerations. ISCA, 1995.
[PARSEC]
[PARSEC] Done.
[PARSEC] Benchmarks to run:  splash2x.cholesky

[PARSEC] [========== Running benchmark splash2x.cholesky [1] ==========]
[PARSEC] Deleting old run directory.
[PARSEC] Setting up run directory.
[PARSEC] Unpacking benchmark input 'simlarge'.
d750.O
lshp.O
tk14.O
tk15.O
tk16.O
tk17.O
tk18.O
tk23.O
tk25.O
tk29.O
wr10.O
[PARSEC] Running 'time /root/parsec-benchmark/ext/splash2x/kernels/cholesky/inst/riscv64-linux.gcc/bin/run.sh 2 simlarge':
[PARSEC] [---------- Beginning of output ----------]
Generating input file tk29.O...
Running /root/parsec-benchmark/ext/splash2x/kernels/cholesky/inst/riscv64-linux.gcc/bin/cholesky -p2 < tk29.O:

Sparse Cholesky Factorization
     Problem:         
     2 Processors
     Postpass partition size: 32
     16384 byte cache


true partitions
Fan-out, no block copy-across
LB domain, embedded distribution
No ordering
3231 supers, 4.33 nodes/super, 174 max super
3231/1187 supers before/after
393059150/405034303 (1.03) ops before/after amalgamation
before partition
Divide for 2 P, 99 domains, 0.73 of work static, 0.99 eff, (inf overall)
311715 total domain updates
1779 max height, 405034303 ops, 75891.76 conc, 194.80 bl for 2 P
Target partition size 0, postpass size 32
Processor array is 2 by 1
No redistribution
Supers: 111: 1  222: 1  546: 1  
Blocks: 27: 1  28: 3  31: 2  32: 20  33: 2  
28 partitions
28 partitions, 483 blocks
ROI time measured: 1.029s
405034303 operations for factorization

                            PROCESS STATISTICS
              Total
 Proc         Time 
    0       1013086
                            TIMING INFORMATION
Start time                        : 1617743285909489
Initialization finish time        : 1617743286348117
Overall finish time               : 1617743287361203
Total time with initialization    :          1451714
Total time without initialization :          1013086


real	0m1.504s
user	0m2.280s
sys	0m0.237s
[PARSEC] [----------    End of output    ----------]
[PARSEC]
[PARSEC] BIBLIOGRAPHY
[PARSEC]
[PARSEC] [1] Woo et al. The SPLASH-2 Programs: Characterization and Methodological Considerations. ISCA, 1995.
[PARSEC]
[PARSEC] Done.
[PARSEC] Benchmarks to run:  splash2x.cholesky

[PARSEC] [========== Running benchmark splash2x.cholesky [1] ==========]
[PARSEC] Deleting old run directory.
[PARSEC] Setting up run directory.
[PARSEC] Unpacking benchmark input 'simlarge'.
d750.O
lshp.O
tk14.O
tk15.O
tk16.O
tk17.O
tk18.O
tk23.O
tk25.O
tk29.O
wr10.O
[PARSEC] Running 'time /root/parsec-benchmark/ext/splash2x/kernels/cholesky/inst/riscv64-linux.gcc/bin/run.sh 2 simlarge':
[PARSEC] [---------- Beginning of output ----------]
Generating input file tk29.O...
Running /root/parsec-benchmark/ext/splash2x/kernels/cholesky/inst/riscv64-linux.gcc/bin/cholesky -p2 < tk29.O:

Sparse Cholesky Factorization
     Problem:         
     2 Processors
     Postpass partition size: 32
     16384 byte cache


true partitions
Fan-out, no block copy-across
LB domain, embedded distribution
No ordering
3231 supers, 4.33 nodes/super, 174 max super
3231/1187 supers before/after
393059150/405034303 (1.03) ops before/after amalgamation
before partition
Divide for 2 P, 99 domains, 0.73 of work static, 0.99 eff, (inf overall)
311715 total domain updates
1779 max height, 405034303 ops, 75891.76 conc, 194.80 bl for 2 P
Target partition size 0, postpass size 32
Processor array is 2 by 1
No redistribution
Supers: 111: 1  222: 1  546: 1  
Blocks: 27: 1  28: 3  31: 2  32: 20  33: 2  
28 partitions
28 partitions, 483 blocks
ROI time measured: 1.038s
405034303 operations for factorization

                            PROCESS STATISTICS
              Total
 Proc         Time 
    0       1018659
                            TIMING INFORMATION
Start time                        : 1617743295380055
Initialization finish time        : 1617743295834596
Overall finish time               : 1617743296853255
Total time with initialization    :          1473200
Total time without initialization :          1018659


real	0m1.541s
user	0m2.289s
sys	0m0.271s
[PARSEC] [----------    End of output    ----------]
[PARSEC]
[PARSEC] BIBLIOGRAPHY
[PARSEC]
[PARSEC] [1] Woo et al. The SPLASH-2 Programs: Characterization and Methodological Considerations. ISCA, 1995.
[PARSEC]
[PARSEC] Done.

> TIMES: 1.043,1.032,1.029,1.038


################################################################################
> Threads: 4 (bench_parsec_cholesky.sh)
################################################################################

[PARSEC] Benchmarks to run:  splash2x.cholesky

[PARSEC] [========== Running benchmark splash2x.cholesky [1] ==========]
[PARSEC] Deleting old run directory.
[PARSEC] Setting up run directory.
[PARSEC] Unpacking benchmark input 'simlarge'.
d750.O
lshp.O
tk14.O
tk15.O
tk16.O
tk17.O
tk18.O
tk23.O
tk25.O
tk29.O
wr10.O
[PARSEC] Running 'time /root/parsec-benchmark/ext/splash2x/kernels/cholesky/inst/riscv64-linux.gcc/bin/run.sh 4 simlarge':
[PARSEC] [---------- Beginning of output ----------]
Generating input file tk29.O...
Running /root/parsec-benchmark/ext/splash2x/kernels/cholesky/inst/riscv64-linux.gcc/bin/cholesky -p4 < tk29.O:

Sparse Cholesky Factorization
     Problem:         
     4 Processors
     Postpass partition size: 32
     16384 byte cache


true partitions
Fan-out, no block copy-across
LB domain, embedded distribution
No ordering
3231 supers, 4.33 nodes/super, 174 max super
3231/1187 supers before/after
393059150/405034303 (1.03) ops before/after amalgamation
before partition
Divide for 4 P, 138 domains, 0.57 of work static, 0.96 eff, (inf overall)
419301 total domain updates
1779 max height, 405034303 ops, 75891.76 conc, 137.74 bl for 4 P
Target partition size 0, postpass size 32
Processor array is 2 by 2
No redistribution
Supers: 60: 2  84: 1  111: 1  138: 1  168: 1  222: 1  546: 1  
Blocks: 27: 1  28: 6  30: 4  31: 2  32: 20  33: 4  34: 5  35: 2  
44 partitions
44 partitions, 824 blocks
ROI time measured: 0.563s
405034303 operations for factorization

                            PROCESS STATISTICS
              Total
 Proc         Time 
    0        545454
                            TIMING INFORMATION
Start time                        : 1617743311301831
Initialization finish time        : 1617743311763633
Overall finish time               : 1617743312309087
Total time with initialization    :          1007256
Total time without initialization :           545454


real	0m1.074s
user	0m2.448s
sys	0m0.277s
[PARSEC] [----------    End of output    ----------]
[PARSEC]
[PARSEC] BIBLIOGRAPHY
[PARSEC]
[PARSEC] [1] Woo et al. The SPLASH-2 Programs: Characterization and Methodological Considerations. ISCA, 1995.
[PARSEC]
[PARSEC] Done.
[PARSEC] Benchmarks to run:  splash2x.cholesky

[PARSEC] [========== Running benchmark splash2x.cholesky [1] ==========]
[PARSEC] Deleting old run directory.
[PARSEC] Setting up run directory.
[PARSEC] Unpacking benchmark input 'simlarge'.
d750.O
lshp.O
tk14.O
tk15.O
tk16.O
tk17.O
tk18.O
tk23.O
tk25.O
tk29.O
wr10.O
[PARSEC] Running 'time /root/parsec-benchmark/ext/splash2x/kernels/cholesky/inst/riscv64-linux.gcc/bin/run.sh 4 simlarge':
[PARSEC] [---------- Beginning of output ----------]
Generating input file tk29.O...
Running /root/parsec-benchmark/ext/splash2x/kernels/cholesky/inst/riscv64-linux.gcc/bin/cholesky -p4 < tk29.O:

Sparse Cholesky Factorization
     Problem:         
     4 Processors
     Postpass partition size: 32
     16384 byte cache


true partitions
Fan-out, no block copy-across
LB domain, embedded distribution
No ordering
3231 supers, 4.33 nodes/super, 174 max super
3231/1187 supers before/after
393059150/405034303 (1.03) ops before/after amalgamation
before partition
Divide for 4 P, 138 domains, 0.57 of work static, 0.96 eff, (inf overall)
419301 total domain updates
1779 max height, 405034303 ops, 75891.76 conc, 137.74 bl for 4 P
Target partition size 0, postpass size 32
Processor array is 2 by 2
No redistribution
Supers: 60: 2  84: 1  111: 1  138: 1  168: 1  222: 1  546: 1  
Blocks: 27: 1  28: 6  30: 4  31: 2  32: 20  33: 4  34: 5  35: 2  
44 partitions
44 partitions, 824 blocks
ROI time measured: 0.564s
405034303 operations for factorization

                            PROCESS STATISTICS
              Total
 Proc         Time 
    0        547523
                            TIMING INFORMATION
Start time                        : 1617743320156505
Initialization finish time        : 1617743320594461
Overall finish time               : 1617743321141984
Total time with initialization    :           985479
Total time without initialization :           547523


real	0m1.043s
user	0m2.385s
sys	0m0.322s
[PARSEC] [----------    End of output    ----------]
[PARSEC]
[PARSEC] BIBLIOGRAPHY
[PARSEC]
[PARSEC] [1] Woo et al. The SPLASH-2 Programs: Characterization and Methodological Considerations. ISCA, 1995.
[PARSEC]
[PARSEC] Done.
[PARSEC] Benchmarks to run:  splash2x.cholesky

[PARSEC] [========== Running benchmark splash2x.cholesky [1] ==========]
[PARSEC] Deleting old run directory.
[PARSEC] Setting up run directory.
[PARSEC] Unpacking benchmark input 'simlarge'.
d750.O
lshp.O
tk14.O
tk15.O
tk16.O
tk17.O
tk18.O
tk23.O
tk25.O
tk29.O
wr10.O
[PARSEC] Running 'time /root/parsec-benchmark/ext/splash2x/kernels/cholesky/inst/riscv64-linux.gcc/bin/run.sh 4 simlarge':
[PARSEC] [---------- Beginning of output ----------]
Generating input file tk29.O...
Running /root/parsec-benchmark/ext/splash2x/kernels/cholesky/inst/riscv64-linux.gcc/bin/cholesky -p4 < tk29.O:

Sparse Cholesky Factorization
     Problem:         
     4 Processors
     Postpass partition size: 32
     16384 byte cache


true partitions
Fan-out, no block copy-across
LB domain, embedded distribution
No ordering
3231 supers, 4.33 nodes/super, 174 max super
3231/1187 supers before/after
393059150/405034303 (1.03) ops before/after amalgamation
before partition
Divide for 4 P, 138 domains, 0.57 of work static, 0.96 eff, (inf overall)
419301 total domain updates
1779 max height, 405034303 ops, 75891.76 conc, 137.74 bl for 4 P
Target partition size 0, postpass size 32
Processor array is 2 by 2
No redistribution
Supers: 60: 2  84: 1  111: 1  138: 1  168: 1  222: 1  546: 1  
Blocks: 27: 1  28: 6  30: 4  31: 2  32: 20  33: 4  34: 5  35: 2  
44 partitions
44 partitions, 824 blocks
ROI time measured: 0.562s
405034303 operations for factorization

                            PROCESS STATISTICS
              Total
 Proc         Time 
    0        543412
                            TIMING INFORMATION
Start time                        : 1617743329041513
Initialization finish time        : 1617743329492743
Overall finish time               : 1617743330036155
Total time with initialization    :           994642
Total time without initialization :           543412


real	0m1.046s
user	0m2.426s
sys	0m0.270s
[PARSEC] [----------    End of output    ----------]
[PARSEC]
[PARSEC] BIBLIOGRAPHY
[PARSEC]
[PARSEC] [1] Woo et al. The SPLASH-2 Programs: Characterization and Methodological Considerations. ISCA, 1995.
[PARSEC]
[PARSEC] Done.
[PARSEC] Benchmarks to run:  splash2x.cholesky

[PARSEC] [========== Running benchmark splash2x.cholesky [1] ==========]
[PARSEC] Deleting old run directory.
[PARSEC] Setting up run directory.
[PARSEC] Unpacking benchmark input 'simlarge'.
d750.O
lshp.O
tk14.O
tk15.O
tk16.O
tk17.O
tk18.O
tk23.O
tk25.O
tk29.O
wr10.O
[PARSEC] Running 'time /root/parsec-benchmark/ext/splash2x/kernels/cholesky/inst/riscv64-linux.gcc/bin/run.sh 4 simlarge':
[PARSEC] [---------- Beginning of output ----------]
Generating input file tk29.O...
Running /root/parsec-benchmark/ext/splash2x/kernels/cholesky/inst/riscv64-linux.gcc/bin/cholesky -p4 < tk29.O:

Sparse Cholesky Factorization
     Problem:         
     4 Processors
     Postpass partition size: 32
     16384 byte cache


true partitions
Fan-out, no block copy-across
LB domain, embedded distribution
No ordering
3231 supers, 4.33 nodes/super, 174 max super
3231/1187 supers before/after
393059150/405034303 (1.03) ops before/after amalgamation
before partition
Divide for 4 P, 138 domains, 0.57 of work static, 0.96 eff, (inf overall)
419301 total domain updates
1779 max height, 405034303 ops, 75891.76 conc, 137.74 bl for 4 P
Target partition size 0, postpass size 32
Processor array is 2 by 2
No redistribution
Supers: 60: 2  84: 1  111: 1  138: 1  168: 1  222: 1  546: 1  
Blocks: 27: 1  28: 6  30: 4  31: 2  32: 20  33: 4  34: 5  35: 2  
44 partitions
44 partitions, 824 blocks
ROI time measured: 0.569s
405034303 operations for factorization

                            PROCESS STATISTICS
              Total
 Proc         Time 
    0        552348
                            TIMING INFORMATION
Start time                        : 1617743338155870
Initialization finish time        : 1617743338609414
Overall finish time               : 1617743339161762
Total time with initialization    :          1005892
Total time without initialization :           552348


real	0m1.073s
user	0m2.444s
sys	0m0.302s
[PARSEC] [----------    End of output    ----------]
[PARSEC]
[PARSEC] BIBLIOGRAPHY
[PARSEC]
[PARSEC] [1] Woo et al. The SPLASH-2 Programs: Characterization and Methodological Considerations. ISCA, 1995.
[PARSEC]
[PARSEC] Done.

> TIMES: 0.563,0.564,0.562,0.569


################################################################################
> Threads: 8 (bench_parsec_cholesky.sh)
################################################################################

[PARSEC] Benchmarks to run:  splash2x.cholesky

[PARSEC] [========== Running benchmark splash2x.cholesky [1] ==========]
[PARSEC] Deleting old run directory.
[PARSEC] Setting up run directory.
[PARSEC] Unpacking benchmark input 'simlarge'.
d750.O
lshp.O
tk14.O
tk15.O
tk16.O
tk17.O
tk18.O
tk23.O
tk25.O
tk29.O
wr10.O
[PARSEC] Running 'time /root/parsec-benchmark/ext/splash2x/kernels/cholesky/inst/riscv64-linux.gcc/bin/run.sh 8 simlarge':
[PARSEC] [---------- Beginning of output ----------]
Generating input file tk29.O...
Running /root/parsec-benchmark/ext/splash2x/kernels/cholesky/inst/riscv64-linux.gcc/bin/cholesky -p8 < tk29.O:

Sparse Cholesky Factorization
     Problem:         
     8 Processors
     Postpass partition size: 32
     16384 byte cache


true partitions
Fan-out, no block copy-across
LB domain, embedded distribution
No ordering
3231 supers, 4.33 nodes/super, 174 max super
3231/1187 supers before/after
393059150/405034303 (1.03) ops before/after amalgamation
before partition
Divide for 8 P, 148 domains, 0.42 of work static, 0.94 eff, (inf overall)
453336 total domain updates
1779 max height, 405034303 ops, 75891.76 conc, 97.40 bl for 8 P
Target partition size 0, postpass size 32
Processor array is 4 by 2
No redistribution
Supers: 60: 3  66: 2  72: 1  78: 1  84: 1  102: 1  111: 1  138: 1  168: 1  222: 1  546: 1  
Blocks: 26: 3  27: 1  28: 6  30: 6  31: 2  32: 20  33: 8  34: 8  35: 2  36: 2  
58 partitions
58 partitions, 1098 blocks
ROI time measured: 0.343s
405034303 operations for factorization

                            PROCESS STATISTICS
              Total
 Proc         Time 
    0        318395
                            TIMING INFORMATION
Start time                        : 1617743354274129
Initialization finish time        : 1617743354756405
Overall finish time               : 1617743355074800
Total time with initialization    :           800671
Total time without initialization :           318395


real	0m0.864s
user	0m2.791s
sys	0m0.329s
[PARSEC] [----------    End of output    ----------]
[PARSEC]
[PARSEC] BIBLIOGRAPHY
[PARSEC]
[PARSEC] [1] Woo et al. The SPLASH-2 Programs: Characterization and Methodological Considerations. ISCA, 1995.
[PARSEC]
[PARSEC] Done.
[PARSEC] Benchmarks to run:  splash2x.cholesky

[PARSEC] [========== Running benchmark splash2x.cholesky [1] ==========]
[PARSEC] Deleting old run directory.
[PARSEC] Setting up run directory.
[PARSEC] Unpacking benchmark input 'simlarge'.
d750.O
lshp.O
tk14.O
tk15.O
tk16.O
tk17.O
tk18.O
tk23.O
tk25.O
tk29.O
wr10.O
[PARSEC] Running 'time /root/parsec-benchmark/ext/splash2x/kernels/cholesky/inst/riscv64-linux.gcc/bin/run.sh 8 simlarge':
[PARSEC] [---------- Beginning of output ----------]
Generating input file tk29.O...
Running /root/parsec-benchmark/ext/splash2x/kernels/cholesky/inst/riscv64-linux.gcc/bin/cholesky -p8 < tk29.O:

Sparse Cholesky Factorization
     Problem:         
     8 Processors
     Postpass partition size: 32
     16384 byte cache


true partitions
Fan-out, no block copy-across
LB domain, embedded distribution
No ordering
3231 supers, 4.33 nodes/super, 174 max super
3231/1187 supers before/after
393059150/405034303 (1.03) ops before/after amalgamation
before partition
Divide for 8 P, 148 domains, 0.42 of work static, 0.94 eff, (inf overall)
453336 total domain updates
1779 max height, 405034303 ops, 75891.76 conc, 97.40 bl for 8 P
Target partition size 0, postpass size 32
Processor array is 4 by 2
No redistribution
Supers: 60: 3  66: 2  72: 1  78: 1  84: 1  102: 1  111: 1  138: 1  168: 1  222: 1  546: 1  
Blocks: 26: 3  27: 1  28: 6  30: 6  31: 2  32: 20  33: 8  34: 8  35: 2  36: 2  
58 partitions
58 partitions, 1098 blocks
ROI time measured: 0.340s
405034303 operations for factorization

                            PROCESS STATISTICS
              Total
 Proc         Time 
    0        318192
                            TIMING INFORMATION
Start time                        : 1617743362906334
Initialization finish time        : 1617743363359562
Overall finish time               : 1617743363677754
Total time with initialization    :           771420
Total time without initialization :           318192


real	0m0.825s
user	0m2.795s
sys	0m0.284s
[PARSEC] [----------    End of output    ----------]
[PARSEC]
[PARSEC] BIBLIOGRAPHY
[PARSEC]
[PARSEC] [1] Woo et al. The SPLASH-2 Programs: Characterization and Methodological Considerations. ISCA, 1995.
[PARSEC]
[PARSEC] Done.
[PARSEC] Benchmarks to run:  splash2x.cholesky

[PARSEC] [========== Running benchmark splash2x.cholesky [1] ==========]
[PARSEC] Deleting old run directory.
[PARSEC] Setting up run directory.
[PARSEC] Unpacking benchmark input 'simlarge'.
d750.O
lshp.O
tk14.O
tk15.O
tk16.O
tk17.O
tk18.O
tk23.O
tk25.O
tk29.O
wr10.O
[PARSEC] Running 'time /root/parsec-benchmark/ext/splash2x/kernels/cholesky/inst/riscv64-linux.gcc/bin/run.sh 8 simlarge':
[PARSEC] [---------- Beginning of output ----------]
Generating input file tk29.O...
Running /root/parsec-benchmark/ext/splash2x/kernels/cholesky/inst/riscv64-linux.gcc/bin/cholesky -p8 < tk29.O:

Sparse Cholesky Factorization
     Problem:         
     8 Processors
     Postpass partition size: 32
     16384 byte cache


true partitions
Fan-out, no block copy-across
LB domain, embedded distribution
No ordering
3231 supers, 4.33 nodes/super, 174 max super
3231/1187 supers before/after
393059150/405034303 (1.03) ops before/after amalgamation
before partition
Divide for 8 P, 148 domains, 0.42 of work static, 0.94 eff, (inf overall)
453336 total domain updates
1779 max height, 405034303 ops, 75891.76 conc, 97.40 bl for 8 P
Target partition size 0, postpass size 32
Processor array is 4 by 2
No redistribution
Supers: 60: 3  66: 2  72: 1  78: 1  84: 1  102: 1  111: 1  138: 1  168: 1  222: 1  546: 1  
Blocks: 26: 3  27: 1  28: 6  30: 6  31: 2  32: 20  33: 8  34: 8  35: 2  36: 2  
58 partitions
58 partitions, 1098 blocks
ROI time measured: 0.399s
405034303 operations for factorization

                            PROCESS STATISTICS
              Total
 Proc         Time 
    0        375966
                            TIMING INFORMATION
Start time                        : 1617743371576673
Initialization finish time        : 1617743372027601
Overall finish time               : 1617743372403567
Total time with initialization    :           826894
Total time without initialization :           375966


real	0m0.879s
user	0m3.121s
sys	0m0.430s
[PARSEC] [----------    End of output    ----------]
[PARSEC]
[PARSEC] BIBLIOGRAPHY
[PARSEC]
[PARSEC] [1] Woo et al. The SPLASH-2 Programs: Characterization and Methodological Considerations. ISCA, 1995.
[PARSEC]
[PARSEC] Done.
[PARSEC] Benchmarks to run:  splash2x.cholesky

[PARSEC] [========== Running benchmark splash2x.cholesky [1] ==========]
[PARSEC] Deleting old run directory.
[PARSEC] Setting up run directory.
[PARSEC] Unpacking benchmark input 'simlarge'.
d750.O
lshp.O
tk14.O
tk15.O
tk16.O
tk17.O
tk18.O
tk23.O
tk25.O
tk29.O
wr10.O
[PARSEC] Running 'time /root/parsec-benchmark/ext/splash2x/kernels/cholesky/inst/riscv64-linux.gcc/bin/run.sh 8 simlarge':
[PARSEC] [---------- Beginning of output ----------]
Generating input file tk29.O...
Running /root/parsec-benchmark/ext/splash2x/kernels/cholesky/inst/riscv64-linux.gcc/bin/cholesky -p8 < tk29.O:

Sparse Cholesky Factorization
     Problem:         
     8 Processors
     Postpass partition size: 32
     16384 byte cache


true partitions
Fan-out, no block copy-across
LB domain, embedded distribution
No ordering
3231 supers, 4.33 nodes/super, 174 max super
3231/1187 supers before/after
393059150/405034303 (1.03) ops before/after amalgamation
before partition
Divide for 8 P, 148 domains, 0.42 of work static, 0.94 eff, (inf overall)
453336 total domain updates
1779 max height, 405034303 ops, 75891.76 conc, 97.40 bl for 8 P
Target partition size 0, postpass size 32
Processor array is 4 by 2
No redistribution
Supers: 60: 3  66: 2  72: 1  78: 1  84: 1  102: 1  111: 1  138: 1  168: 1  222: 1  546: 1  
Blocks: 26: 3  27: 1  28: 6  30: 6  31: 2  32: 20  33: 8  34: 8  35: 2  36: 2  
58 partitions
58 partitions, 1098 blocks
ROI time measured: 0.344s
405034303 operations for factorization

                            PROCESS STATISTICS
              Total
 Proc         Time 
    0        316516
                            TIMING INFORMATION
Start time                        : 1617743380425963
Initialization finish time        : 1617743380892546
Overall finish time               : 1617743381209062
Total time with initialization    :           783099
Total time without initialization :           316516


real	0m0.854s
user	0m2.755s
sys	0m0.358s
[PARSEC] [----------    End of output    ----------]
[PARSEC]
[PARSEC] BIBLIOGRAPHY
[PARSEC]
[PARSEC] [1] Woo et al. The SPLASH-2 Programs: Characterization and Methodological Considerations. ISCA, 1995.
[PARSEC]
[PARSEC] Done.

> TIMES: 0.343,0.340,0.399,0.344


################################################################################
> Threads: 16 (bench_parsec_cholesky.sh)
################################################################################

[PARSEC] Benchmarks to run:  splash2x.cholesky

[PARSEC] [========== Running benchmark splash2x.cholesky [1] ==========]
[PARSEC] Deleting old run directory.
[PARSEC] Setting up run directory.
[PARSEC] Unpacking benchmark input 'simlarge'.
d750.O
lshp.O
tk14.O
tk15.O
tk16.O
tk17.O
tk18.O
tk23.O
tk25.O
tk29.O
wr10.O
[PARSEC] Running 'time /root/parsec-benchmark/ext/splash2x/kernels/cholesky/inst/riscv64-linux.gcc/bin/run.sh 16 simlarge':
[PARSEC] [---------- Beginning of output ----------]
Generating input file tk29.O...
Running /root/parsec-benchmark/ext/splash2x/kernels/cholesky/inst/riscv64-linux.gcc/bin/cholesky -p16 < tk29.O:

Sparse Cholesky Factorization
     Problem:         
     16 Processors
     Postpass partition size: 32
     16384 byte cache


true partitions
Fan-out, no block copy-across
LB domain, embedded distribution
No ordering
3231 supers, 4.33 nodes/super, 174 max super
3231/1187 supers before/after
393059150/405034303 (1.03) ops before/after amalgamation
before partition
Divide for 16 P, 183 domains, 0.28 of work static, 0.93 eff, (inf overall)
523638 total domain updates
1779 max height, 405034303 ops, 75891.76 conc, 68.87 bl for 16 P
Target partition size 0, postpass size 32
Processor array is 4 by 4
No redistribution
Supers: 42: 3  44: 1  48: 2  54: 1  60: 4  64: 2  66: 2  72: 1  78: 2  84: 2  90: 1  102: 1  111: 1  138: 1  168: 1  222: 1  546: 1  
Blocks: 22: 2  24: 4  26: 6  27: 3  28: 9  30: 11  31: 2  32: 24  33: 8  34: 8  35: 2  36: 2  42: 3  
84 partitions
84 partitions, 1555 blocks
ROI time measured: 0.317s
405034303 operations for factorization

                            PROCESS STATISTICS
              Total
 Proc         Time 
    0        272689
                            TIMING INFORMATION
Start time                        : 1617743396974151
Initialization finish time        : 1617743397470399
Overall finish time               : 1617743397743088
Total time with initialization    :           768937
Total time without initialization :           272689


real	0m0.850s
user	0m4.249s
sys	0m0.662s
[PARSEC] [----------    End of output    ----------]
[PARSEC]
[PARSEC] BIBLIOGRAPHY
[PARSEC]
[PARSEC] [1] Woo et al. The SPLASH-2 Programs: Characterization and Methodological Considerations. ISCA, 1995.
[PARSEC]
[PARSEC] Done.
[PARSEC] Benchmarks to run:  splash2x.cholesky

[PARSEC] [========== Running benchmark splash2x.cholesky [1] ==========]
[PARSEC] Deleting old run directory.
[PARSEC] Setting up run directory.
[PARSEC] Unpacking benchmark input 'simlarge'.
d750.O
lshp.O
tk14.O
tk15.O
tk16.O
tk17.O
tk18.O
tk23.O
tk25.O
tk29.O
wr10.O
[PARSEC] Running 'time /root/parsec-benchmark/ext/splash2x/kernels/cholesky/inst/riscv64-linux.gcc/bin/run.sh 16 simlarge':
[PARSEC] [---------- Beginning of output ----------]
Generating input file tk29.O...
Running /root/parsec-benchmark/ext/splash2x/kernels/cholesky/inst/riscv64-linux.gcc/bin/cholesky -p16 < tk29.O:

Sparse Cholesky Factorization
     Problem:         
     16 Processors
     Postpass partition size: 32
     16384 byte cache


true partitions
Fan-out, no block copy-across
LB domain, embedded distribution
No ordering
3231 supers, 4.33 nodes/super, 174 max super
3231/1187 supers before/after
393059150/405034303 (1.03) ops before/after amalgamation
before partition
Divide for 16 P, 183 domains, 0.28 of work static, 0.93 eff, (inf overall)
523638 total domain updates
1779 max height, 405034303 ops, 75891.76 conc, 68.87 bl for 16 P
Target partition size 0, postpass size 32
Processor array is 4 by 4
No redistribution
Supers: 42: 3  44: 1  48: 2  54: 1  60: 4  64: 2  66: 2  72: 1  78: 2  84: 2  90: 1  102: 1  111: 1  138: 1  168: 1  222: 1  546: 1  
Blocks: 22: 2  24: 4  26: 6  27: 3  28: 9  30: 11  31: 2  32: 24  33: 8  34: 8  35: 2  36: 2  42: 3  
84 partitions
84 partitions, 1555 blocks
ROI time measured: 0.328s
405034303 operations for factorization

                            PROCESS STATISTICS
              Total
 Proc         Time 
    0        278199
                            TIMING INFORMATION
Start time                        : 1617743405599749
Initialization finish time        : 1617743406077745
Overall finish time               : 1617743406355944
Total time with initialization    :           756195
Total time without initialization :           278199


real	0m0.821s
user	0m4.502s
sys	0m0.462s
[PARSEC] [----------    End of output    ----------]
[PARSEC]
[PARSEC] BIBLIOGRAPHY
[PARSEC]
[PARSEC] [1] Woo et al. The SPLASH-2 Programs: Characterization and Methodological Considerations. ISCA, 1995.
[PARSEC]
[PARSEC] Done.
[PARSEC] Benchmarks to run:  splash2x.cholesky

[PARSEC] [========== Running benchmark splash2x.cholesky [1] ==========]
[PARSEC] Deleting old run directory.
[PARSEC] Setting up run directory.
[PARSEC] Unpacking benchmark input 'simlarge'.
d750.O
lshp.O
tk14.O
tk15.O
tk16.O
tk17.O
tk18.O
tk23.O
tk25.O
tk29.O
wr10.O
[PARSEC] Running 'time /root/parsec-benchmark/ext/splash2x/kernels/cholesky/inst/riscv64-linux.gcc/bin/run.sh 16 simlarge':
[PARSEC] [---------- Beginning of output ----------]
Generating input file tk29.O...
Running /root/parsec-benchmark/ext/splash2x/kernels/cholesky/inst/riscv64-linux.gcc/bin/cholesky -p16 < tk29.O:

Sparse Cholesky Factorization
     Problem:         
     16 Processors
     Postpass partition size: 32
     16384 byte cache


true partitions
Fan-out, no block copy-across
LB domain, embedded distribution
No ordering
3231 supers, 4.33 nodes/super, 174 max super
3231/1187 supers before/after
393059150/405034303 (1.03) ops before/after amalgamation
before partition
Divide for 16 P, 183 domains, 0.28 of work static, 0.93 eff, (inf overall)
523638 total domain updates
1779 max height, 405034303 ops, 75891.76 conc, 68.87 bl for 16 P
Target partition size 0, postpass size 32
Processor array is 4 by 4
No redistribution
Supers: 42: 3  44: 1  48: 2  54: 1  60: 4  64: 2  66: 2  72: 1  78: 2  84: 2  90: 1  102: 1  111: 1  138: 1  168: 1  222: 1  546: 1  
Blocks: 22: 2  24: 4  26: 6  27: 3  28: 9  30: 11  31: 2  32: 24  33: 8  34: 8  35: 2  36: 2  42: 3  
84 partitions
84 partitions, 1555 blocks
ROI time measured: 0.349s
405034303 operations for factorization

                            PROCESS STATISTICS
              Total
 Proc         Time 
    0        297120
                            TIMING INFORMATION
Start time                        : 1617743414252524
Initialization finish time        : 1617743414732551
Overall finish time               : 1617743415029671
Total time with initialization    :           777147
Total time without initialization :           297120


real	0m0.839s
user	0m4.886s
sys	0m0.376s
[PARSEC] [----------    End of output    ----------]
[PARSEC]
[PARSEC] BIBLIOGRAPHY
[PARSEC]
[PARSEC] [1] Woo et al. The SPLASH-2 Programs: Characterization and Methodological Considerations. ISCA, 1995.
[PARSEC]
[PARSEC] Done.
[PARSEC] Benchmarks to run:  splash2x.cholesky

[PARSEC] [========== Running benchmark splash2x.cholesky [1] ==========]
[PARSEC] Deleting old run directory.
[PARSEC] Setting up run directory.
[PARSEC] Unpacking benchmark input 'simlarge'.
d750.O
lshp.O
tk14.O
tk15.O
tk16.O
tk17.O
tk18.O
tk23.O
tk25.O
tk29.O
wr10.O
[PARSEC] Running 'time /root/parsec-benchmark/ext/splash2x/kernels/cholesky/inst/riscv64-linux.gcc/bin/run.sh 16 simlarge':
[PARSEC] [---------- Beginning of output ----------]
Generating input file tk29.O...
Running /root/parsec-benchmark/ext/splash2x/kernels/cholesky/inst/riscv64-linux.gcc/bin/cholesky -p16 < tk29.O:

Sparse Cholesky Factorization
     Problem:         
     16 Processors
     Postpass partition size: 32
     16384 byte cache


true partitions
Fan-out, no block copy-across
LB domain, embedded distribution
No ordering
3231 supers, 4.33 nodes/super, 174 max super
3231/1187 supers before/after
393059150/405034303 (1.03) ops before/after amalgamation
before partition
Divide for 16 P, 183 domains, 0.28 of work static, 0.93 eff, (inf overall)
523638 total domain updates
1779 max height, 405034303 ops, 75891.76 conc, 68.87 bl for 16 P
Target partition size 0, postpass size 32
Processor array is 4 by 4
No redistribution
Supers: 42: 3  44: 1  48: 2  54: 1  60: 4  64: 2  66: 2  72: 1  78: 2  84: 2  90: 1  102: 1  111: 1  138: 1  168: 1  222: 1  546: 1  
Blocks: 22: 2  24: 4  26: 6  27: 3  28: 9  30: 11  31: 2  32: 24  33: 8  34: 8  35: 2  36: 2  42: 3  
84 partitions
84 partitions, 1555 blocks
ROI time measured: 0.343s
405034303 operations for factorization

                            PROCESS STATISTICS
              Total
 Proc         Time 
    0        299964
                            TIMING INFORMATION
Start time                        : 1617743423091641
Initialization finish time        : 1617743423571633
Overall finish time               : 1617743423871597
Total time with initialization    :           779956
Total time without initialization :           299964


real	0m0.859s
user	0m4.934s
sys	0m0.405s
[PARSEC] [----------    End of output    ----------]
[PARSEC]
[PARSEC] BIBLIOGRAPHY
[PARSEC]
[PARSEC] [1] Woo et al. The SPLASH-2 Programs: Characterization and Methodological Considerations. ISCA, 1995.
[PARSEC]
[PARSEC] Done.

> TIMES: 0.317,0.328,0.349,0.343


################################################################################
> Threads: 32 (bench_parsec_cholesky.sh)
################################################################################

[PARSEC] Benchmarks to run:  splash2x.cholesky

[PARSEC] [========== Running benchmark splash2x.cholesky [1] ==========]
[PARSEC] Deleting old run directory.
[PARSEC] Setting up run directory.
[PARSEC] Unpacking benchmark input 'simlarge'.
d750.O
lshp.O
tk14.O
tk15.O
tk16.O
tk17.O
tk18.O
tk23.O
tk25.O
tk29.O
wr10.O
[PARSEC] Running 'time /root/parsec-benchmark/ext/splash2x/kernels/cholesky/inst/riscv64-linux.gcc/bin/run.sh 32 simlarge':
[PARSEC] [---------- Beginning of output ----------]
Generating input file tk29.O...
Running /root/parsec-benchmark/ext/splash2x/kernels/cholesky/inst/riscv64-linux.gcc/bin/cholesky -p32 < tk29.O:

Sparse Cholesky Factorization
     Problem:         
     32 Processors
     Postpass partition size: 32
     16384 byte cache


true partitions
Fan-out, no block copy-across
LB domain, embedded distribution
No ordering
3231 supers, 4.33 nodes/super, 174 max super
3231/1187 supers before/after
393059150/405034303 (1.03) ops before/after amalgamation
before partition
Divide for 32 P, 226 domains, 0.18 of work static, 0.90 eff, (inf overall)
520956 total domain updates
1779 max height, 405034303 ops, 75891.76 conc, 48.70 bl for 32 P
Target partition size 0, postpass size 32
Processor array is 8 by 4
No redistribution
Supers: 18: 1  24: 5  26: 1  30: 7  36: 5  42: 9  44: 1  48: 3  54: 1  60: 5  64: 2  66: 2  72: 1  78: 2  84: 2  90: 1  102: 1  111: 1  138: 1  168: 1  222: 1  546: 1  
Blocks: 18: 1  22: 2  24: 11  26: 7  27: 3  28: 9  30: 20  31: 2  32: 24  33: 8  34: 8  35: 2  36: 7  42: 9  
113 partitions
113 partitions, 2012 blocks
ROI time measured: 0.384s
405034303 operations for factorization

                            PROCESS STATISTICS
              Total
 Proc         Time 
    0        265983
                            TIMING INFORMATION
Start time                        : 1617743438814985
Initialization finish time        : 1617743439389820
Overall finish time               : 1617743439655803
Total time with initialization    :           840818
Total time without initialization :           265983


real	0m0.982s
user	0m8.028s
sys	0m1.141s
[PARSEC] [----------    End of output    ----------]
[PARSEC]
[PARSEC] BIBLIOGRAPHY
[PARSEC]
[PARSEC] [1] Woo et al. The SPLASH-2 Programs: Characterization and Methodological Considerations. ISCA, 1995.
[PARSEC]
[PARSEC] Done.
[PARSEC] Benchmarks to run:  splash2x.cholesky

[PARSEC] [========== Running benchmark splash2x.cholesky [1] ==========]
[PARSEC] Deleting old run directory.
[PARSEC] Setting up run directory.
[PARSEC] Unpacking benchmark input 'simlarge'.
d750.O
lshp.O
tk14.O
tk15.O
tk16.O
tk17.O
tk18.O
tk23.O
tk25.O
tk29.O
wr10.O
[PARSEC] Running 'time /root/parsec-benchmark/ext/splash2x/kernels/cholesky/inst/riscv64-linux.gcc/bin/run.sh 32 simlarge':
[PARSEC] [---------- Beginning of output ----------]
Generating input file tk29.O...
Running /root/parsec-benchmark/ext/splash2x/kernels/cholesky/inst/riscv64-linux.gcc/bin/cholesky -p32 < tk29.O:

Sparse Cholesky Factorization
     Problem:         
     32 Processors
     Postpass partition size: 32
     16384 byte cache


true partitions
Fan-out, no block copy-across
LB domain, embedded distribution
No ordering
3231 supers, 4.33 nodes/super, 174 max super
3231/1187 supers before/after
393059150/405034303 (1.03) ops before/after amalgamation
before partition
Divide for 32 P, 226 domains, 0.18 of work static, 0.90 eff, (inf overall)
520956 total domain updates
1779 max height, 405034303 ops, 75891.76 conc, 48.70 bl for 32 P
Target partition size 0, postpass size 32
Processor array is 8 by 4
No redistribution
Supers: 18: 1  24: 5  26: 1  30: 7  36: 5  42: 9  44: 1  48: 3  54: 1  60: 5  64: 2  66: 2  72: 1  78: 2  84: 2  90: 1  102: 1  111: 1  138: 1  168: 1  222: 1  546: 1  
Blocks: 18: 1  22: 2  24: 11  26: 7  27: 3  28: 9  30: 20  31: 2  32: 24  33: 8  34: 8  35: 2  36: 7  42: 9  
113 partitions
113 partitions, 2012 blocks
ROI time measured: 0.360s
405034303 operations for factorization

                            PROCESS STATISTICS
              Total
 Proc         Time 
    0        252001
                            TIMING INFORMATION
Start time                        : 1617743447622853
Initialization finish time        : 1617743448133329
Overall finish time               : 1617743448385330
Total time with initialization    :           762477
Total time without initialization :           252001


real	0m0.873s
user	0m7.853s
sys	0m0.877s
[PARSEC] [----------    End of output    ----------]
[PARSEC]
[PARSEC] BIBLIOGRAPHY
[PARSEC]
[PARSEC] [1] Woo et al. The SPLASH-2 Programs: Characterization and Methodological Considerations. ISCA, 1995.
[PARSEC]
[PARSEC] Done.
[PARSEC] Benchmarks to run:  splash2x.cholesky

[PARSEC] [========== Running benchmark splash2x.cholesky [1] ==========]
[PARSEC] Deleting old run directory.
[PARSEC] Setting up run directory.
[PARSEC] Unpacking benchmark input 'simlarge'.
d750.O
lshp.O
tk14.O
tk15.O
tk16.O
tk17.O
tk18.O
tk23.O
tk25.O
tk29.O
wr10.O
[PARSEC] Running 'time /root/parsec-benchmark/ext/splash2x/kernels/cholesky/inst/riscv64-linux.gcc/bin/run.sh 32 simlarge':
[PARSEC] [---------- Beginning of output ----------]
Generating input file tk29.O...
Running /root/parsec-benchmark/ext/splash2x/kernels/cholesky/inst/riscv64-linux.gcc/bin/cholesky -p32 < tk29.O:

Sparse Cholesky Factorization
     Problem:         
     32 Processors
     Postpass partition size: 32
     16384 byte cache


true partitions
Fan-out, no block copy-across
LB domain, embedded distribution
No ordering
3231 supers, 4.33 nodes/super, 174 max super
3231/1187 supers before/after
393059150/405034303 (1.03) ops before/after amalgamation
before partition
Divide for 32 P, 226 domains, 0.18 of work static, 0.90 eff, (inf overall)
520956 total domain updates
1779 max height, 405034303 ops, 75891.76 conc, 48.70 bl for 32 P
Target partition size 0, postpass size 32
Processor array is 8 by 4
No redistribution
Supers: 18: 1  24: 5  26: 1  30: 7  36: 5  42: 9  44: 1  48: 3  54: 1  60: 5  64: 2  66: 2  72: 1  78: 2  84: 2  90: 1  102: 1  111: 1  138: 1  168: 1  222: 1  546: 1  
Blocks: 18: 1  22: 2  24: 11  26: 7  27: 3  28: 9  30: 20  31: 2  32: 24  33: 8  34: 8  35: 2  36: 7  42: 9  
113 partitions
113 partitions, 2012 blocks
ROI time measured: 0.366s
405034303 operations for factorization

                            PROCESS STATISTICS
              Total
 Proc         Time 
    0        264434
                            TIMING INFORMATION
Start time                        : 1617743456365173
Initialization finish time        : 1617743456868853
Overall finish time               : 1617743457133287
Total time with initialization    :           768114
Total time without initialization :           264434


real	0m0.870s
user	0m7.874s
sys	0m0.759s
[PARSEC] [----------    End of output    ----------]
[PARSEC]
[PARSEC] BIBLIOGRAPHY
[PARSEC]
[PARSEC] [1] Woo et al. The SPLASH-2 Programs: Characterization and Methodological Considerations. ISCA, 1995.
[PARSEC]
[PARSEC] Done.
[PARSEC] Benchmarks to run:  splash2x.cholesky

[PARSEC] [========== Running benchmark splash2x.cholesky [1] ==========]
[PARSEC] Deleting old run directory.
[PARSEC] Setting up run directory.
[PARSEC] Unpacking benchmark input 'simlarge'.
d750.O
lshp.O
tk14.O
tk15.O
tk16.O
tk17.O
tk18.O
tk23.O
tk25.O
tk29.O
wr10.O
[PARSEC] Running 'time /root/parsec-benchmark/ext/splash2x/kernels/cholesky/inst/riscv64-linux.gcc/bin/run.sh 32 simlarge':
[PARSEC] [---------- Beginning of output ----------]
Generating input file tk29.O...
Running /root/parsec-benchmark/ext/splash2x/kernels/cholesky/inst/riscv64-linux.gcc/bin/cholesky -p32 < tk29.O:

Sparse Cholesky Factorization
     Problem:         
     32 Processors
     Postpass partition size: 32
     16384 byte cache


true partitions
Fan-out, no block copy-across
LB domain, embedded distribution
No ordering
3231 supers, 4.33 nodes/super, 174 max super
3231/1187 supers before/after
393059150/405034303 (1.03) ops before/after amalgamation
before partition
Divide for 32 P, 226 domains, 0.18 of work static, 0.90 eff, (inf overall)
520956 total domain updates
1779 max height, 405034303 ops, 75891.76 conc, 48.70 bl for 32 P
Target partition size 0, postpass size 32
Processor array is 8 by 4
No redistribution
Supers: 18: 1  24: 5  26: 1  30: 7  36: 5  42: 9  44: 1  48: 3  54: 1  60: 5  64: 2  66: 2  72: 1  78: 2  84: 2  90: 1  102: 1  111: 1  138: 1  168: 1  222: 1  546: 1  
Blocks: 18: 1  22: 2  24: 11  26: 7  27: 3  28: 9  30: 20  31: 2  32: 24  33: 8  34: 8  35: 2  36: 7  42: 9  
113 partitions
113 partitions, 2012 blocks
ROI time measured: 0.373s
405034303 operations for factorization

                            PROCESS STATISTICS
              Total
 Proc         Time 
    0        272117
                            TIMING INFORMATION
Start time                        : 1617743465349365
Initialization finish time        : 1617743465872306
Overall finish time               : 1617743466144423
Total time with initialization    :           795058
Total time without initialization :           272117


real	0m0.909s
user	0m8.177s
sys	0m0.857s
[PARSEC] [----------    End of output    ----------]
[PARSEC]
[PARSEC] BIBLIOGRAPHY
[PARSEC]
[PARSEC] [1] Woo et al. The SPLASH-2 Programs: Characterization and Methodological Considerations. ISCA, 1995.
[PARSEC]
[PARSEC] Done.

> TIMES: 0.384,0.360,0.366,0.373


################################################################################
> Threads: 64 (bench_parsec_cholesky.sh)
################################################################################

[PARSEC] Benchmarks to run:  splash2x.cholesky

[PARSEC] [========== Running benchmark splash2x.cholesky [1] ==========]
[PARSEC] Deleting old run directory.
[PARSEC] Setting up run directory.
[PARSEC] Unpacking benchmark input 'simlarge'.
d750.O
lshp.O
tk14.O
tk15.O
tk16.O
tk17.O
tk18.O
tk23.O
tk25.O
tk29.O
wr10.O
[PARSEC] Running 'time /root/parsec-benchmark/ext/splash2x/kernels/cholesky/inst/riscv64-linux.gcc/bin/run.sh 64 simlarge':
[PARSEC] [---------- Beginning of output ----------]
Generating input file tk29.O...
Running /root/parsec-benchmark/ext/splash2x/kernels/cholesky/inst/riscv64-linux.gcc/bin/cholesky -p64 < tk29.O:

Sparse Cholesky Factorization
     Problem:         
     64 Processors
     Postpass partition size: 32
     16384 byte cache


true partitions
Fan-out, no block copy-across
LB domain, embedded distribution
No ordering
3231 supers, 4.33 nodes/super, 174 max super
3231/1187 supers before/after
393059150/405034303 (1.03) ops before/after amalgamation
before partition
Divide for 64 P, 301 domains, 0.10 of work static, 0.89 eff, (inf overall)
562442 total domain updates
1779 max height, 405034303 ops, 75891.76 conc, 34.44 bl for 64 P
Target partition size 0, postpass size 32
Processor array is 8 by 8
No redistribution
Supers: 12: 2  14: 1  18: 8  21: 1  22: 1  24: 19  26: 4  28: 1  30: 22  33: 1  36: 13  42: 9  44: 1  45: 1  48: 3  54: 1  60: 5  64: 2  66: 2  72: 1  78: 2  84: 2  90: 1  102: 1  111: 1  138: 1  168: 1  222: 1  546: 1  
Blocks: 12: 2  14: 1  18: 8  21: 1  22: 4  23: 1  24: 25  26: 10  27: 3  28: 10  30: 35  31: 2  32: 24  33: 9  34: 8  35: 2  36: 15  42: 9  
169 partitions
169 partitions, 2795 blocks
ROI time measured: 2.788s
405034303 operations for factorization

                            PROCESS STATISTICS
              Total
 Proc         Time 
    0       1380516
                            TIMING INFORMATION
Start time                        : 1617743483363855
Initialization finish time        : 1617743484034115
Overall finish time               : 1617743485414631
Total time with initialization    :          2050776
Total time without initialization :          1380516


real	0m3.437s
user	2m22.335s
sys	0m6.761s
[PARSEC] [----------    End of output    ----------]
[PARSEC]
[PARSEC] BIBLIOGRAPHY
[PARSEC]
[PARSEC] [1] Woo et al. The SPLASH-2 Programs: Characterization and Methodological Considerations. ISCA, 1995.
[PARSEC]
[PARSEC] Done.
[PARSEC] Benchmarks to run:  splash2x.cholesky

[PARSEC] [========== Running benchmark splash2x.cholesky [1] ==========]
[PARSEC] Deleting old run directory.
[PARSEC] Setting up run directory.
[PARSEC] Unpacking benchmark input 'simlarge'.
d750.O
lshp.O
tk14.O
tk15.O
tk16.O
tk17.O
tk18.O
tk23.O
tk25.O
tk29.O
wr10.O
[PARSEC] Running 'time /root/parsec-benchmark/ext/splash2x/kernels/cholesky/inst/riscv64-linux.gcc/bin/run.sh 64 simlarge':
[PARSEC] [---------- Beginning of output ----------]
Generating input file tk29.O...
Running /root/parsec-benchmark/ext/splash2x/kernels/cholesky/inst/riscv64-linux.gcc/bin/cholesky -p64 < tk29.O:

Sparse Cholesky Factorization
     Problem:         
     64 Processors
     Postpass partition size: 32
     16384 byte cache


true partitions
Fan-out, no block copy-across
LB domain, embedded distribution
No ordering
3231 supers, 4.33 nodes/super, 174 max super
3231/1187 supers before/after
393059150/405034303 (1.03) ops before/after amalgamation
before partition
Divide for 64 P, 301 domains, 0.10 of work static, 0.89 eff, (inf overall)
562442 total domain updates
1779 max height, 405034303 ops, 75891.76 conc, 34.44 bl for 64 P
Target partition size 0, postpass size 32
Processor array is 8 by 8
No redistribution
Supers: 12: 2  14: 1  18: 8  21: 1  22: 1  24: 19  26: 4  28: 1  30: 22  33: 1  36: 13  42: 9  44: 1  45: 1  48: 3  54: 1  60: 5  64: 2  66: 2  72: 1  78: 2  84: 2  90: 1  102: 1  111: 1  138: 1  168: 1  222: 1  546: 1  
Blocks: 12: 2  14: 1  18: 8  21: 1  22: 4  23: 1  24: 25  26: 10  27: 3  28: 10  30: 35  31: 2  32: 24  33: 9  34: 8  35: 2  36: 15  42: 9  
169 partitions
169 partitions, 2795 blocks
ROI time measured: 2.478s
405034303 operations for factorization

                            PROCESS STATISTICS
              Total
 Proc         Time 
    0       1018487
                            TIMING INFORMATION
Start time                        : 1617743494711598
Initialization finish time        : 1617743495309219
Overall finish time               : 1617743496327706
Total time with initialization    :          1616108
Total time without initialization :          1018487


real	0m3.027s
user	2m8.293s
sys	0m6.138s
[PARSEC] [----------    End of output    ----------]
[PARSEC]
[PARSEC] BIBLIOGRAPHY
[PARSEC]
[PARSEC] [1] Woo et al. The SPLASH-2 Programs: Characterization and Methodological Considerations. ISCA, 1995.
[PARSEC]
[PARSEC] Done.
[PARSEC] Benchmarks to run:  splash2x.cholesky

[PARSEC] [========== Running benchmark splash2x.cholesky [1] ==========]
[PARSEC] Deleting old run directory.
[PARSEC] Setting up run directory.
[PARSEC] Unpacking benchmark input 'simlarge'.
d750.O
lshp.O
tk14.O
tk15.O
tk16.O
tk17.O
tk18.O
tk23.O
tk25.O
tk29.O
wr10.O
[PARSEC] Running 'time /root/parsec-benchmark/ext/splash2x/kernels/cholesky/inst/riscv64-linux.gcc/bin/run.sh 64 simlarge':
[PARSEC] [---------- Beginning of output ----------]
Generating input file tk29.O...
Running /root/parsec-benchmark/ext/splash2x/kernels/cholesky/inst/riscv64-linux.gcc/bin/cholesky -p64 < tk29.O:

Sparse Cholesky Factorization
     Problem:         
     64 Processors
     Postpass partition size: 32
     16384 byte cache


true partitions
Fan-out, no block copy-across
LB domain, embedded distribution
No ordering
3231 supers, 4.33 nodes/super, 174 max super
3231/1187 supers before/after
393059150/405034303 (1.03) ops before/after amalgamation
before partition
Divide for 64 P, 301 domains, 0.10 of work static, 0.89 eff, (inf overall)
562442 total domain updates
1779 max height, 405034303 ops, 75891.76 conc, 34.44 bl for 64 P
Target partition size 0, postpass size 32
Processor array is 8 by 8
No redistribution
Supers: 12: 2  14: 1  18: 8  21: 1  22: 1  24: 19  26: 4  28: 1  30: 22  33: 1  36: 13  42: 9  44: 1  45: 1  48: 3  54: 1  60: 5  64: 2  66: 2  72: 1  78: 2  84: 2  90: 1  102: 1  111: 1  138: 1  168: 1  222: 1  546: 1  
Blocks: 12: 2  14: 1  18: 8  21: 1  22: 4  23: 1  24: 25  26: 10  27: 3  28: 10  30: 35  31: 2  32: 24  33: 9  34: 8  35: 2  36: 15  42: 9  
169 partitions
169 partitions, 2795 blocks
ROI time measured: 2.443s
405034303 operations for factorization

                            PROCESS STATISTICS
              Total
 Proc         Time 
    0       1038354
                            TIMING INFORMATION
Start time                        : 1617743505933804
Initialization finish time        : 1617743506558048
Overall finish time               : 1617743507596402
Total time with initialization    :          1662598
Total time without initialization :          1038354


real	0m3.023s
user	2m3.827s
sys	0m7.042s
[PARSEC] [----------    End of output    ----------]
[PARSEC]
[PARSEC] BIBLIOGRAPHY
[PARSEC]
[PARSEC] [1] Woo et al. The SPLASH-2 Programs: Characterization and Methodological Considerations. ISCA, 1995.
[PARSEC]
[PARSEC] Done.
[PARSEC] Benchmarks to run:  splash2x.cholesky

[PARSEC] [========== Running benchmark splash2x.cholesky [1] ==========]
[PARSEC] Deleting old run directory.
[PARSEC] Setting up run directory.
[PARSEC] Unpacking benchmark input 'simlarge'.
d750.O
lshp.O
tk14.O
tk15.O
tk16.O
tk17.O
tk18.O
tk23.O
tk25.O
tk29.O
wr10.O
[PARSEC] Running 'time /root/parsec-benchmark/ext/splash2x/kernels/cholesky/inst/riscv64-linux.gcc/bin/run.sh 64 simlarge':
[PARSEC] [---------- Beginning of output ----------]
Generating input file tk29.O...
Running /root/parsec-benchmark/ext/splash2x/kernels/cholesky/inst/riscv64-linux.gcc/bin/cholesky -p64 < tk29.O:

Sparse Cholesky Factorization
     Problem:         
     64 Processors
     Postpass partition size: 32
     16384 byte cache


true partitions
Fan-out, no block copy-across
LB domain, embedded distribution
No ordering
3231 supers, 4.33 nodes/super, 174 max super
3231/1187 supers before/after
393059150/405034303 (1.03) ops before/after amalgamation
before partition
Divide for 64 P, 301 domains, 0.10 of work static, 0.89 eff, (inf overall)
562442 total domain updates
1779 max height, 405034303 ops, 75891.76 conc, 34.44 bl for 64 P
Target partition size 0, postpass size 32
Processor array is 8 by 8
No redistribution
Supers: 12: 2  14: 1  18: 8  21: 1  22: 1  24: 19  26: 4  28: 1  30: 22  33: 1  36: 13  42: 9  44: 1  45: 1  48: 3  54: 1  60: 5  64: 2  66: 2  72: 1  78: 2  84: 2  90: 1  102: 1  111: 1  138: 1  168: 1  222: 1  546: 1  
Blocks: 12: 2  14: 1  18: 8  21: 1  22: 4  23: 1  24: 25  26: 10  27: 3  28: 10  30: 35  31: 2  32: 24  33: 9  34: 8  35: 2  36: 15  42: 9  
169 partitions
169 partitions, 2795 blocks
ROI time measured: 2.308s
405034303 operations for factorization

                            PROCESS STATISTICS
              Total
 Proc         Time 
    0        983507
                            TIMING INFORMATION
Start time                        : 1617743516897090
Initialization finish time        : 1617743517520010
Overall finish time               : 1617743518503517
Total time with initialization    :          1606427
Total time without initialization :           983507


real	0m2.868s
user	1m53.500s
sys	0m6.993s
[PARSEC] [----------    End of output    ----------]
[PARSEC]
[PARSEC] BIBLIOGRAPHY
[PARSEC]
[PARSEC] [1] Woo et al. The SPLASH-2 Programs: Characterization and Methodological Considerations. ISCA, 1995.
[PARSEC]
[PARSEC] Done.

> TIMES: 2.788,2.478,2.443,2.308


################################################################################
> Threads: 128 (bench_parsec_cholesky.sh)
################################################################################

[PARSEC] Benchmarks to run:  splash2x.cholesky

[PARSEC] [========== Running benchmark splash2x.cholesky [1] ==========]
[PARSEC] Deleting old run directory.
[PARSEC] Setting up run directory.
[PARSEC] Unpacking benchmark input 'simlarge'.
d750.O
lshp.O
tk14.O
tk15.O
tk16.O
tk17.O
tk18.O
tk23.O
tk25.O
tk29.O
wr10.O
[PARSEC] Running 'time /root/parsec-benchmark/ext/splash2x/kernels/cholesky/inst/riscv64-linux.gcc/bin/run.sh 128 simlarge':
[PARSEC] [---------- Beginning of output ----------]
Generating input file tk29.O...
Running /root/parsec-benchmark/ext/splash2x/kernels/cholesky/inst/riscv64-linux.gcc/bin/cholesky -p128 < tk29.O:

Sparse Cholesky Factorization
     Problem:         
     128 Processors
     Postpass partition size: 32
     16384 byte cache


true partitions
Fan-out, no block copy-across
LB domain, embedded distribution
No ordering
3231 supers, 4.33 nodes/super, 174 max super
3231/1187 supers before/after
393059150/405034303 (1.03) ops before/after amalgamation
before partition
Divide for 128 P, 457 domains, 0.04 of work static, 0.84 eff, (inf overall)
479999 total domain updates
1779 max height, 405034303 ops, 75891.76 conc, 24.35 bl for 128 P
Target partition size 0, postpass size 32
Processor array is 16 by 8
No redistribution
Supers: 6: 8  11: 1  12: 58  13: 5  14: 5  15: 1  16: 8  18: 36  19: 1  20: 2  21: 2  22: 3  24: 38  26: 5  28: 1  30: 24  31: 1  33: 1  36: 14  42: 9  44: 1  45: 1  48: 3  54: 1  60: 5  64: 2  66: 2  72: 1  78: 2  84: 2  90: 1  102: 1  111: 1  138: 1  168: 1  222: 1  546: 1  
Blocks: 6: 8  11: 1  12: 58  13: 5  14: 5  15: 1  16: 8  18: 36  19: 1  20: 2  21: 2  22: 6  23: 1  24: 44  26: 11  27: 3  28: 10  30: 37  31: 3  32: 24  33: 9  34: 8  35: 2  36: 16  42: 9  
310 partitions
310 partitions, 4346 blocks
ROI time measured: 11.366s
405034303 operations for factorization

                            PROCESS STATISTICS
              Total
 Proc         Time 
    0       3899413
                            TIMING INFORMATION
Start time                        : 1617743544507649
Initialization finish time        : 1617743545793198
Overall finish time               : 1617743549692611
Total time with initialization    :          5184962
Total time without initialization :          3899413


real	0m12.175s
user	16m20.340s
sys	1m16.501s
[PARSEC] [----------    End of output    ----------]
[PARSEC]
[PARSEC] BIBLIOGRAPHY
[PARSEC]
[PARSEC] [1] Woo et al. The SPLASH-2 Programs: Characterization and Methodological Considerations. ISCA, 1995.
[PARSEC]
[PARSEC] Done.
[PARSEC] Benchmarks to run:  splash2x.cholesky

[PARSEC] [========== Running benchmark splash2x.cholesky [1] ==========]
[PARSEC] Deleting old run directory.
[PARSEC] Setting up run directory.
[PARSEC] Unpacking benchmark input 'simlarge'.
d750.O
lshp.O
tk14.O
tk15.O
tk16.O
tk17.O
tk18.O
tk23.O
tk25.O
tk29.O
wr10.O
[PARSEC] Running 'time /root/parsec-benchmark/ext/splash2x/kernels/cholesky/inst/riscv64-linux.gcc/bin/run.sh 128 simlarge':
[PARSEC] [---------- Beginning of output ----------]
Generating input file tk29.O...
Running /root/parsec-benchmark/ext/splash2x/kernels/cholesky/inst/riscv64-linux.gcc/bin/cholesky -p128 < tk29.O:

Sparse Cholesky Factorization
     Problem:         
     128 Processors
     Postpass partition size: 32
     16384 byte cache


true partitions
Fan-out, no block copy-across
LB domain, embedded distribution
No ordering
3231 supers, 4.33 nodes/super, 174 max super
3231/1187 supers before/after
393059150/405034303 (1.03) ops before/after amalgamation
before partition
Divide for 128 P, 457 domains, 0.04 of work static, 0.84 eff, (inf overall)
479999 total domain updates
1779 max height, 405034303 ops, 75891.76 conc, 24.35 bl for 128 P
Target partition size 0, postpass size 32
Processor array is 16 by 8
No redistribution
Supers: 6: 8  11: 1  12: 58  13: 5  14: 5  15: 1  16: 8  18: 36  19: 1  20: 2  21: 2  22: 3  24: 38  26: 5  28: 1  30: 24  31: 1  33: 1  36: 14  42: 9  44: 1  45: 1  48: 3  54: 1  60: 5  64: 2  66: 2  72: 1  78: 2  84: 2  90: 1  102: 1  111: 1  138: 1  168: 1  222: 1  546: 1  
Blocks: 6: 8  11: 1  12: 58  13: 5  14: 5  15: 1  16: 8  18: 36  19: 1  20: 2  21: 2  22: 6  23: 1  24: 44  26: 11  27: 3  28: 10  30: 37  31: 3  32: 24  33: 9  34: 8  35: 2  36: 16  42: 9  
310 partitions
310 partitions, 4346 blocks
ROI time measured: 5.792s
405034303 operations for factorization

                            PROCESS STATISTICS
              Total
 Proc         Time 
    0       3829866
                            TIMING INFORMATION
Start time                        : 1617743564823278
Initialization finish time        : 1617743566075905
Overall finish time               : 1617743569905771
Total time with initialization    :          5082493
Total time without initialization :          3829866


real	0m6.434s
user	6m4.820s
sys	0m15.522s
[PARSEC] [----------    End of output    ----------]
[PARSEC]
[PARSEC] BIBLIOGRAPHY
[PARSEC]
[PARSEC] [1] Woo et al. The SPLASH-2 Programs: Characterization and Methodological Considerations. ISCA, 1995.
[PARSEC]
[PARSEC] Done.
[PARSEC] Benchmarks to run:  splash2x.cholesky

[PARSEC] [========== Running benchmark splash2x.cholesky [1] ==========]
[PARSEC] Deleting old run directory.
[PARSEC] Setting up run directory.
[PARSEC] Unpacking benchmark input 'simlarge'.
d750.O
lshp.O
tk14.O
tk15.O
tk16.O
tk17.O
tk18.O
tk23.O
tk25.O
tk29.O
wr10.O
[PARSEC] Running 'time /root/parsec-benchmark/ext/splash2x/kernels/cholesky/inst/riscv64-linux.gcc/bin/run.sh 128 simlarge':
[PARSEC] [---------- Beginning of output ----------]
Generating input file tk29.O...
Running /root/parsec-benchmark/ext/splash2x/kernels/cholesky/inst/riscv64-linux.gcc/bin/cholesky -p128 < tk29.O:

Sparse Cholesky Factorization
     Problem:         
     128 Processors
     Postpass partition size: 32
     16384 byte cache


true partitions
Fan-out, no block copy-across
LB domain, embedded distribution
No ordering
3231 supers, 4.33 nodes/super, 174 max super
3231/1187 supers before/after
393059150/405034303 (1.03) ops before/after amalgamation
before partition
Divide for 128 P, 457 domains, 0.04 of work static, 0.84 eff, (inf overall)
479999 total domain updates
1779 max height, 405034303 ops, 75891.76 conc, 24.35 bl for 128 P
Target partition size 0, postpass size 32
Processor array is 16 by 8
No redistribution
Supers: 6: 8  11: 1  12: 58  13: 5  14: 5  15: 1  16: 8  18: 36  19: 1  20: 2  21: 2  22: 3  24: 38  26: 5  28: 1  30: 24  31: 1  33: 1  36: 14  42: 9  44: 1  45: 1  48: 3  54: 1  60: 5  64: 2  66: 2  72: 1  78: 2  84: 2  90: 1  102: 1  111: 1  138: 1  168: 1  222: 1  546: 1  
Blocks: 6: 8  11: 1  12: 58  13: 5  14: 5  15: 1  16: 8  18: 36  19: 1  20: 2  21: 2  22: 6  23: 1  24: 44  26: 11  27: 3  28: 10  30: 37  31: 3  32: 24  33: 9  34: 8  35: 2  36: 16  42: 9  
310 partitions
310 partitions, 4346 blocks
ROI time measured: 10.666s
405034303 operations for factorization

                            PROCESS STATISTICS
              Total
 Proc         Time 
    0       3748427
                            TIMING INFORMATION
Start time                        : 1617743579546112
Initialization finish time        : 1617743580755967
Overall finish time               : 1617743584504394
Total time with initialization    :          4958282
Total time without initialization :          3748427


real	0m11.324s
user	15m34.501s
sys	1m18.665s
[PARSEC] [----------    End of output    ----------]
[PARSEC]
[PARSEC] BIBLIOGRAPHY
[PARSEC]
[PARSEC] [1] Woo et al. The SPLASH-2 Programs: Characterization and Methodological Considerations. ISCA, 1995.
[PARSEC]
[PARSEC] Done.
[PARSEC] Benchmarks to run:  splash2x.cholesky

[PARSEC] [========== Running benchmark splash2x.cholesky [1] ==========]
[PARSEC] Deleting old run directory.
[PARSEC] Setting up run directory.
[PARSEC] Unpacking benchmark input 'simlarge'.
d750.O
lshp.O
tk14.O
tk15.O
tk16.O
tk17.O
tk18.O
tk23.O
tk25.O
tk29.O
wr10.O
[PARSEC] Running 'time /root/parsec-benchmark/ext/splash2x/kernels/cholesky/inst/riscv64-linux.gcc/bin/run.sh 128 simlarge':
[PARSEC] [---------- Beginning of output ----------]
Generating input file tk29.O...
Running /root/parsec-benchmark/ext/splash2x/kernels/cholesky/inst/riscv64-linux.gcc/bin/cholesky -p128 < tk29.O:

Sparse Cholesky Factorization
     Problem:         
     128 Processors
     Postpass partition size: 32
     16384 byte cache


true partitions
Fan-out, no block copy-across
LB domain, embedded distribution
No ordering
3231 supers, 4.33 nodes/super, 174 max super
3231/1187 supers before/after
393059150/405034303 (1.03) ops before/after amalgamation
before partition
Divide for 128 P, 457 domains, 0.04 of work static, 0.84 eff, (inf overall)
479999 total domain updates
1779 max height, 405034303 ops, 75891.76 conc, 24.35 bl for 128 P
Target partition size 0, postpass size 32
Processor array is 16 by 8
No redistribution
Supers: 6: 8  11: 1  12: 58  13: 5  14: 5  15: 1  16: 8  18: 36  19: 1  20: 2  21: 2  22: 3  24: 38  26: 5  28: 1  30: 24  31: 1  33: 1  36: 14  42: 9  44: 1  45: 1  48: 3  54: 1  60: 5  64: 2  66: 2  72: 1  78: 2  84: 2  90: 1  102: 1  111: 1  138: 1  168: 1  222: 1  546: 1  
Blocks: 6: 8  11: 1  12: 58  13: 5  14: 5  15: 1  16: 8  18: 36  19: 1  20: 2  21: 2  22: 6  23: 1  24: 44  26: 11  27: 3  28: 10  30: 37  31: 3  32: 24  33: 9  34: 8  35: 2  36: 16  42: 9  
310 partitions
310 partitions, 4346 blocks
ROI time measured: 6.692s
405034303 operations for factorization

                            PROCESS STATISTICS
              Total
 Proc         Time 
    0       3842917
                            TIMING INFORMATION
Start time                        : 1617743598914009
Initialization finish time        : 1617743600435015
Overall finish time               : 1617743604277932
Total time with initialization    :          5363923
Total time without initialization :          3842917


real	0m7.318s
user	6m44.279s
sys	0m30.626s
[PARSEC] [----------    End of output    ----------]
[PARSEC]
[PARSEC] BIBLIOGRAPHY
[PARSEC]
[PARSEC] [1] Woo et al. The SPLASH-2 Programs: Characterization and Methodological Considerations. ISCA, 1995.
[PARSEC]
[PARSEC] Done.

> TIMES: 11.366,5.792,10.666,6.692

