
################################################################################
> Threads: 2 (bench_parsec_lu_ncb.sh)
################################################################################

[PARSEC] Benchmarks to run:  splash2x.lu_ncb

[PARSEC] [========== Running benchmark splash2x.lu_ncb [1] ==========]
[PARSEC] Setting up run directory.
[PARSEC] No archive for input 'simlarge' available, skipping input setup.
[PARSEC] Running 'time /root/parsec-benchmark/ext/splash2x/kernels/lu_ncb/inst/riscv64-linux.gcc/bin/run.sh 2 simlarge':
[PARSEC] [---------- Beginning of output ----------]
Generating input file ...
Running /root/parsec-benchmark/ext/splash2x/kernels/lu_ncb/inst/riscv64-linux.gcc/bin/lu_ncb -p2 -n2048 -b16:

Blocked Dense LU Factorization
     2048 by 2048 Matrix
     2 Processors
     16 by 16 Element Blocks


ROI time measured: 19.805s
                            PROCESS STATISTICS
              Total      Diagonal     Perimeter      Interior       Barrier
 Proc         Time         Time         Time           Time          Time
    0      19799981          1806        244103      19215036        338565

                            TIMING INFORMATION
Start time                        : 1617749108202499
Initialization finish time        : 1617749108818272
Overall finish time               : 1617749128618378
Total time with initialization    :         20415879
Total time without initialization :         19800106


real	0m20.475s
user	0m39.462s
sys	0m0.180s
[PARSEC] [----------    End of output    ----------]
[PARSEC]
[PARSEC] BIBLIOGRAPHY
[PARSEC]
[PARSEC] [1] Woo et al. The SPLASH-2 Programs: Characterization and Methodological Considerations. ISCA, 1995.
[PARSEC]
[PARSEC] Done.
[PARSEC] Benchmarks to run:  splash2x.lu_ncb

[PARSEC] [========== Running benchmark splash2x.lu_ncb [1] ==========]
[PARSEC] Deleting old run directory.
[PARSEC] Setting up run directory.
[PARSEC] No archive for input 'simlarge' available, skipping input setup.
[PARSEC] Running 'time /root/parsec-benchmark/ext/splash2x/kernels/lu_ncb/inst/riscv64-linux.gcc/bin/run.sh 2 simlarge':
[PARSEC] [---------- Beginning of output ----------]
Generating input file ...
Running /root/parsec-benchmark/ext/splash2x/kernels/lu_ncb/inst/riscv64-linux.gcc/bin/lu_ncb -p2 -n2048 -b16:

Blocked Dense LU Factorization
     2048 by 2048 Matrix
     2 Processors
     16 by 16 Element Blocks


ROI time measured: 19.716s
                            PROCESS STATISTICS
              Total      Diagonal     Perimeter      Interior       Barrier
 Proc         Time         Time         Time           Time          Time
    0      19712845          1484        238186      18831925        640972

                            TIMING INFORMATION
Start time                        : 1617749136290863
Initialization finish time        : 1617749136901598
Overall finish time               : 1617749156614591
Total time with initialization    :         20323728
Total time without initialization :         19712993


real	0m20.372s
user	0m39.031s
sys	0m0.194s
[PARSEC] [----------    End of output    ----------]
[PARSEC]
[PARSEC] BIBLIOGRAPHY
[PARSEC]
[PARSEC] [1] Woo et al. The SPLASH-2 Programs: Characterization and Methodological Considerations. ISCA, 1995.
[PARSEC]
[PARSEC] Done.
[PARSEC] Benchmarks to run:  splash2x.lu_ncb

[PARSEC] [========== Running benchmark splash2x.lu_ncb [1] ==========]
[PARSEC] Deleting old run directory.
[PARSEC] Setting up run directory.
[PARSEC] No archive for input 'simlarge' available, skipping input setup.
[PARSEC] Running 'time /root/parsec-benchmark/ext/splash2x/kernels/lu_ncb/inst/riscv64-linux.gcc/bin/run.sh 2 simlarge':
[PARSEC] [---------- Beginning of output ----------]
Generating input file ...
Running /root/parsec-benchmark/ext/splash2x/kernels/lu_ncb/inst/riscv64-linux.gcc/bin/lu_ncb -p2 -n2048 -b16:

Blocked Dense LU Factorization
     2048 by 2048 Matrix
     2 Processors
     16 by 16 Element Blocks


ROI time measured: 19.727s
                            PROCESS STATISTICS
              Total      Diagonal     Perimeter      Interior       Barrier
 Proc         Time         Time         Time           Time          Time
    0      19723120          1505        235716      18851676        633949

                            TIMING INFORMATION
Start time                        : 1617749164307220
Initialization finish time        : 1617749164924438
Overall finish time               : 1617749184647715
Total time with initialization    :         20340495
Total time without initialization :         19723277


real	0m20.388s
user	0m39.057s
sys	0m0.219s
[PARSEC] [----------    End of output    ----------]
[PARSEC]
[PARSEC] BIBLIOGRAPHY
[PARSEC]
[PARSEC] [1] Woo et al. The SPLASH-2 Programs: Characterization and Methodological Considerations. ISCA, 1995.
[PARSEC]
[PARSEC] Done.
[PARSEC] Benchmarks to run:  splash2x.lu_ncb

[PARSEC] [========== Running benchmark splash2x.lu_ncb [1] ==========]
[PARSEC] Deleting old run directory.
[PARSEC] Setting up run directory.
[PARSEC] No archive for input 'simlarge' available, skipping input setup.
[PARSEC] Running 'time /root/parsec-benchmark/ext/splash2x/kernels/lu_ncb/inst/riscv64-linux.gcc/bin/run.sh 2 simlarge':
[PARSEC] [---------- Beginning of output ----------]
Generating input file ...
Running /root/parsec-benchmark/ext/splash2x/kernels/lu_ncb/inst/riscv64-linux.gcc/bin/lu_ncb -p2 -n2048 -b16:

Blocked Dense LU Factorization
     2048 by 2048 Matrix
     2 Processors
     16 by 16 Element Blocks


ROI time measured: 18.817s
                            PROCESS STATISTICS
              Total      Diagonal     Perimeter      Interior       Barrier
 Proc         Time         Time         Time           Time          Time
    0      18811122          1722        243710      18193171        372066

                            TIMING INFORMATION
Start time                        : 1617749192485659
Initialization finish time        : 1617749193127626
Overall finish time               : 1617749211938952
Total time with initialization    :         19453293
Total time without initialization :         18811326


real	0m19.519s
user	0m37.506s
sys	0m0.219s
[PARSEC] [----------    End of output    ----------]
[PARSEC]
[PARSEC] BIBLIOGRAPHY
[PARSEC]
[PARSEC] [1] Woo et al. The SPLASH-2 Programs: Characterization and Methodological Considerations. ISCA, 1995.
[PARSEC]
[PARSEC] Done.

> TIMES: 19.805,19.716,19.727,18.817


################################################################################
> Threads: 4 (bench_parsec_lu_ncb.sh)
################################################################################

[PARSEC] Benchmarks to run:  splash2x.lu_ncb

[PARSEC] [========== Running benchmark splash2x.lu_ncb [1] ==========]
[PARSEC] Deleting old run directory.
[PARSEC] Setting up run directory.
[PARSEC] No archive for input 'simlarge' available, skipping input setup.
[PARSEC] Running 'time /root/parsec-benchmark/ext/splash2x/kernels/lu_ncb/inst/riscv64-linux.gcc/bin/run.sh 4 simlarge':
[PARSEC] [---------- Beginning of output ----------]
Generating input file ...
Running /root/parsec-benchmark/ext/splash2x/kernels/lu_ncb/inst/riscv64-linux.gcc/bin/lu_ncb -p4 -n2048 -b16:

Blocked Dense LU Factorization
     2048 by 2048 Matrix
     4 Processors
     16 by 16 Element Blocks


ROI time measured: 9.892s
                            PROCESS STATISTICS
              Total      Diagonal     Perimeter      Interior       Barrier
 Proc         Time         Time         Time           Time          Time
    0       9884731          1041        143015       9102768        637373

                            TIMING INFORMATION
Start time                        : 1617749226191014
Initialization finish time        : 1617749226853412
Overall finish time               : 1617749236738565
Total time with initialization    :         10547551
Total time without initialization :          9885153


real	0m10.618s
user	0m38.066s
sys	0m0.217s
[PARSEC] [----------    End of output    ----------]
[PARSEC]
[PARSEC] BIBLIOGRAPHY
[PARSEC]
[PARSEC] [1] Woo et al. The SPLASH-2 Programs: Characterization and Methodological Considerations. ISCA, 1995.
[PARSEC]
[PARSEC] Done.
[PARSEC] Benchmarks to run:  splash2x.lu_ncb

[PARSEC] [========== Running benchmark splash2x.lu_ncb [1] ==========]
[PARSEC] Deleting old run directory.
[PARSEC] Setting up run directory.
[PARSEC] No archive for input 'simlarge' available, skipping input setup.
[PARSEC] Running 'time /root/parsec-benchmark/ext/splash2x/kernels/lu_ncb/inst/riscv64-linux.gcc/bin/run.sh 4 simlarge':
[PARSEC] [---------- Beginning of output ----------]
Generating input file ...
Running /root/parsec-benchmark/ext/splash2x/kernels/lu_ncb/inst/riscv64-linux.gcc/bin/lu_ncb -p4 -n2048 -b16:

Blocked Dense LU Factorization
     2048 by 2048 Matrix
     4 Processors
     16 by 16 Element Blocks


ROI time measured: 9.888s
                            PROCESS STATISTICS
              Total      Diagonal     Perimeter      Interior       Barrier
 Proc         Time         Time         Time           Time          Time
    0       9882146           709        140427       9076060        664548

                            TIMING INFORMATION
Start time                        : 1617749244458114
Initialization finish time        : 1617749245070430
Overall finish time               : 1617749254952757
Total time with initialization    :         10494643
Total time without initialization :          9882327


real	0m10.542s
user	0m37.980s
sys	0m0.186s
[PARSEC] [----------    End of output    ----------]
[PARSEC]
[PARSEC] BIBLIOGRAPHY
[PARSEC]
[PARSEC] [1] Woo et al. The SPLASH-2 Programs: Characterization and Methodological Considerations. ISCA, 1995.
[PARSEC]
[PARSEC] Done.
[PARSEC] Benchmarks to run:  splash2x.lu_ncb

[PARSEC] [========== Running benchmark splash2x.lu_ncb [1] ==========]
[PARSEC] Deleting old run directory.
[PARSEC] Setting up run directory.
[PARSEC] No archive for input 'simlarge' available, skipping input setup.
[PARSEC] Running 'time /root/parsec-benchmark/ext/splash2x/kernels/lu_ncb/inst/riscv64-linux.gcc/bin/run.sh 4 simlarge':
[PARSEC] [---------- Beginning of output ----------]
Generating input file ...
Running /root/parsec-benchmark/ext/splash2x/kernels/lu_ncb/inst/riscv64-linux.gcc/bin/lu_ncb -p4 -n2048 -b16:

Blocked Dense LU Factorization
     2048 by 2048 Matrix
     4 Processors
     16 by 16 Element Blocks


ROI time measured: 9.782s
                            PROCESS STATISTICS
              Total      Diagonal     Perimeter      Interior       Barrier
 Proc         Time         Time         Time           Time          Time
    0       9775769           699        140417       8992019        642279

                            TIMING INFORMATION
Start time                        : 1617749262728131
Initialization finish time        : 1617749263628284
Overall finish time               : 1617749273404272
Total time with initialization    :         10676141
Total time without initialization :          9775988


real	0m10.726s
user	0m37.944s
sys	0m0.220s
[PARSEC] [----------    End of output    ----------]
[PARSEC]
[PARSEC] BIBLIOGRAPHY
[PARSEC]
[PARSEC] [1] Woo et al. The SPLASH-2 Programs: Characterization and Methodological Considerations. ISCA, 1995.
[PARSEC]
[PARSEC] Done.
[PARSEC] Benchmarks to run:  splash2x.lu_ncb

[PARSEC] [========== Running benchmark splash2x.lu_ncb [1] ==========]
[PARSEC] Deleting old run directory.
[PARSEC] Setting up run directory.
[PARSEC] No archive for input 'simlarge' available, skipping input setup.
[PARSEC] Running 'time /root/parsec-benchmark/ext/splash2x/kernels/lu_ncb/inst/riscv64-linux.gcc/bin/run.sh 4 simlarge':
[PARSEC] [---------- Beginning of output ----------]
Generating input file ...
Running /root/parsec-benchmark/ext/splash2x/kernels/lu_ncb/inst/riscv64-linux.gcc/bin/lu_ncb -p4 -n2048 -b16:

Blocked Dense LU Factorization
     2048 by 2048 Matrix
     4 Processors
     16 by 16 Element Blocks


ROI time measured: 9.857s
                            PROCESS STATISTICS
              Total      Diagonal     Perimeter      Interior       Barrier
 Proc         Time         Time         Time           Time          Time
    0       9850973          1038        143778       8998980        706532

                            TIMING INFORMATION
Start time                        : 1617749281377449
Initialization finish time        : 1617749281993207
Overall finish time               : 1617749291844265
Total time with initialization    :         10466816
Total time without initialization :          9851058


real	0m10.532s
user	0m37.813s
sys	0m0.209s
[PARSEC] [----------    End of output    ----------]
[PARSEC]
[PARSEC] BIBLIOGRAPHY
[PARSEC]
[PARSEC] [1] Woo et al. The SPLASH-2 Programs: Characterization and Methodological Considerations. ISCA, 1995.
[PARSEC]
[PARSEC] Done.

> TIMES: 9.892,9.888,9.782,9.857


################################################################################
> Threads: 8 (bench_parsec_lu_ncb.sh)
################################################################################

[PARSEC] Benchmarks to run:  splash2x.lu_ncb

[PARSEC] [========== Running benchmark splash2x.lu_ncb [1] ==========]
[PARSEC] Deleting old run directory.
[PARSEC] Setting up run directory.
[PARSEC] No archive for input 'simlarge' available, skipping input setup.
[PARSEC] Running 'time /root/parsec-benchmark/ext/splash2x/kernels/lu_ncb/inst/riscv64-linux.gcc/bin/run.sh 8 simlarge':
[PARSEC] [---------- Beginning of output ----------]
Generating input file ...
Running /root/parsec-benchmark/ext/splash2x/kernels/lu_ncb/inst/riscv64-linux.gcc/bin/lu_ncb -p8 -n2048 -b16:

Blocked Dense LU Factorization
     2048 by 2048 Matrix
     8 Processors
     16 by 16 Element Blocks


ROI time measured: 5.504s
                            PROCESS STATISTICS
              Total      Diagonal     Perimeter      Interior       Barrier
 Proc         Time         Time         Time           Time          Time
    0       5493528           714         69194       4567436        855694

                            TIMING INFORMATION
Start time                        : 1617749306186012
Initialization finish time        : 1617749306864841
Overall finish time               : 1617749312358677
Total time with initialization    :          6172665
Total time without initialization :          5493836


real	0m6.249s
user	0m39.462s
sys	0m0.295s
[PARSEC] [----------    End of output    ----------]
[PARSEC]
[PARSEC] BIBLIOGRAPHY
[PARSEC]
[PARSEC] [1] Woo et al. The SPLASH-2 Programs: Characterization and Methodological Considerations. ISCA, 1995.
[PARSEC]
[PARSEC] Done.
[PARSEC] Benchmarks to run:  splash2x.lu_ncb

[PARSEC] [========== Running benchmark splash2x.lu_ncb [1] ==========]
[PARSEC] Deleting old run directory.
[PARSEC] Setting up run directory.
[PARSEC] No archive for input 'simlarge' available, skipping input setup.
[PARSEC] Running 'time /root/parsec-benchmark/ext/splash2x/kernels/lu_ncb/inst/riscv64-linux.gcc/bin/run.sh 8 simlarge':
[PARSEC] [---------- Beginning of output ----------]
Generating input file ...
Running /root/parsec-benchmark/ext/splash2x/kernels/lu_ncb/inst/riscv64-linux.gcc/bin/lu_ncb -p8 -n2048 -b16:

Blocked Dense LU Factorization
     2048 by 2048 Matrix
     8 Processors
     16 by 16 Element Blocks


ROI time measured: 5.514s
                            PROCESS STATISTICS
              Total      Diagonal     Perimeter      Interior       Barrier
 Proc         Time         Time         Time           Time          Time
    0       5506166           376         70647       4690437        744369

                            TIMING INFORMATION
Start time                        : 1617749320100607
Initialization finish time        : 1617749320758015
Overall finish time               : 1617749326264473
Total time with initialization    :          6163866
Total time without initialization :          5506458


real	0m6.219s
user	0m39.901s
sys	0m0.381s
[PARSEC] [----------    End of output    ----------]
[PARSEC]
[PARSEC] BIBLIOGRAPHY
[PARSEC]
[PARSEC] [1] Woo et al. The SPLASH-2 Programs: Characterization and Methodological Considerations. ISCA, 1995.
[PARSEC]
[PARSEC] Done.
[PARSEC] Benchmarks to run:  splash2x.lu_ncb

[PARSEC] [========== Running benchmark splash2x.lu_ncb [1] ==========]
[PARSEC] Deleting old run directory.
[PARSEC] Setting up run directory.
[PARSEC] No archive for input 'simlarge' available, skipping input setup.
[PARSEC] Running 'time /root/parsec-benchmark/ext/splash2x/kernels/lu_ncb/inst/riscv64-linux.gcc/bin/run.sh 8 simlarge':
[PARSEC] [---------- Beginning of output ----------]
Generating input file ...
Running /root/parsec-benchmark/ext/splash2x/kernels/lu_ncb/inst/riscv64-linux.gcc/bin/lu_ncb -p8 -n2048 -b16:

Blocked Dense LU Factorization
     2048 by 2048 Matrix
     8 Processors
     16 by 16 Element Blocks


ROI time measured: 5.641s
                            PROCESS STATISTICS
              Total      Diagonal     Perimeter      Interior       Barrier
 Proc         Time         Time         Time           Time          Time
    0       5632811           367         67120       4811756        753207

                            TIMING INFORMATION
Start time                        : 1617749334045673
Initialization finish time        : 1617749334694022
Overall finish time               : 1617749340327122
Total time with initialization    :          6281449
Total time without initialization :          5633100


real	0m6.336s
user	0m40.137s
sys	0m0.317s
[PARSEC] [----------    End of output    ----------]
[PARSEC]
[PARSEC] BIBLIOGRAPHY
[PARSEC]
[PARSEC] [1] Woo et al. The SPLASH-2 Programs: Characterization and Methodological Considerations. ISCA, 1995.
[PARSEC]
[PARSEC] Done.
[PARSEC] Benchmarks to run:  splash2x.lu_ncb

[PARSEC] [========== Running benchmark splash2x.lu_ncb [1] ==========]
[PARSEC] Deleting old run directory.
[PARSEC] Setting up run directory.
[PARSEC] No archive for input 'simlarge' available, skipping input setup.
[PARSEC] Running 'time /root/parsec-benchmark/ext/splash2x/kernels/lu_ncb/inst/riscv64-linux.gcc/bin/run.sh 8 simlarge':
[PARSEC] [---------- Beginning of output ----------]
Generating input file ...
Running /root/parsec-benchmark/ext/splash2x/kernels/lu_ncb/inst/riscv64-linux.gcc/bin/lu_ncb -p8 -n2048 -b16:

Blocked Dense LU Factorization
     2048 by 2048 Matrix
     8 Processors
     16 by 16 Element Blocks


ROI time measured: 5.537s
                            PROCESS STATISTICS
              Total      Diagonal     Perimeter      Interior       Barrier
 Proc         Time         Time         Time           Time          Time
    0       5527191           715         69513       4648402        808115

                            TIMING INFORMATION
Start time                        : 1617749348272838
Initialization finish time        : 1617749348926824
Overall finish time               : 1617749354454138
Total time with initialization    :          6181300
Total time without initialization :          5527314


real	0m6.247s
user	0m39.350s
sys	0m0.340s
[PARSEC] [----------    End of output    ----------]
[PARSEC]
[PARSEC] BIBLIOGRAPHY
[PARSEC]
[PARSEC] [1] Woo et al. The SPLASH-2 Programs: Characterization and Methodological Considerations. ISCA, 1995.
[PARSEC]
[PARSEC] Done.

> TIMES: 5.504,5.514,5.641,5.537


################################################################################
> Threads: 16 (bench_parsec_lu_ncb.sh)
################################################################################

[PARSEC] Benchmarks to run:  splash2x.lu_ncb

[PARSEC] [========== Running benchmark splash2x.lu_ncb [1] ==========]
[PARSEC] Deleting old run directory.
[PARSEC] Setting up run directory.
[PARSEC] No archive for input 'simlarge' available, skipping input setup.
[PARSEC] Running 'time /root/parsec-benchmark/ext/splash2x/kernels/lu_ncb/inst/riscv64-linux.gcc/bin/run.sh 16 simlarge':
[PARSEC] [---------- Beginning of output ----------]
Generating input file ...
Running /root/parsec-benchmark/ext/splash2x/kernels/lu_ncb/inst/riscv64-linux.gcc/bin/lu_ncb -p16 -n2048 -b16:

Blocked Dense LU Factorization
     2048 by 2048 Matrix
     16 Processors
     16 by 16 Element Blocks


ROI time measured: 4.134s
                            PROCESS STATISTICS
              Total      Diagonal     Perimeter      Interior       Barrier
 Proc         Time         Time         Time           Time          Time
    0       4112056           546         36139       2369459       1705449

                            TIMING INFORMATION
Start time                        : 1617749369803233
Initialization finish time        : 1617749370488214
Overall finish time               : 1617749374601363
Total time with initialization    :          4798130
Total time without initialization :          4113149


real	0m4.884s
user	0m44.699s
sys	0m0.602s
[PARSEC] [----------    End of output    ----------]
[PARSEC]
[PARSEC] BIBLIOGRAPHY
[PARSEC]
[PARSEC] [1] Woo et al. The SPLASH-2 Programs: Characterization and Methodological Considerations. ISCA, 1995.
[PARSEC]
[PARSEC] Done.
[PARSEC] Benchmarks to run:  splash2x.lu_ncb

[PARSEC] [========== Running benchmark splash2x.lu_ncb [1] ==========]
[PARSEC] Deleting old run directory.
[PARSEC] Setting up run directory.
[PARSEC] No archive for input 'simlarge' available, skipping input setup.
[PARSEC] Running 'time /root/parsec-benchmark/ext/splash2x/kernels/lu_ncb/inst/riscv64-linux.gcc/bin/run.sh 16 simlarge':
[PARSEC] [---------- Beginning of output ----------]
Generating input file ...
Running /root/parsec-benchmark/ext/splash2x/kernels/lu_ncb/inst/riscv64-linux.gcc/bin/lu_ncb -p16 -n2048 -b16:

Blocked Dense LU Factorization
     2048 by 2048 Matrix
     16 Processors
     16 by 16 Element Blocks


ROI time measured: 4.195s
                            PROCESS STATISTICS
              Total      Diagonal     Perimeter      Interior       Barrier
 Proc         Time         Time         Time           Time          Time
    0       4176088           239         35916       2436933       1702710

                            TIMING INFORMATION
Start time                        : 1617749382352513
Initialization finish time        : 1617749382995182
Overall finish time               : 1617749387171844
Total time with initialization    :          4819331
Total time without initialization :          4176662


real	0m4.878s
user	0m44.290s
sys	0m0.837s
[PARSEC] [----------    End of output    ----------]
[PARSEC]
[PARSEC] BIBLIOGRAPHY
[PARSEC]
[PARSEC] [1] Woo et al. The SPLASH-2 Programs: Characterization and Methodological Considerations. ISCA, 1995.
[PARSEC]
[PARSEC] Done.
[PARSEC] Benchmarks to run:  splash2x.lu_ncb

[PARSEC] [========== Running benchmark splash2x.lu_ncb [1] ==========]
[PARSEC] Deleting old run directory.
[PARSEC] Setting up run directory.
[PARSEC] No archive for input 'simlarge' available, skipping input setup.
[PARSEC] Running 'time /root/parsec-benchmark/ext/splash2x/kernels/lu_ncb/inst/riscv64-linux.gcc/bin/run.sh 16 simlarge':
[PARSEC] [---------- Beginning of output ----------]
Generating input file ...
Running /root/parsec-benchmark/ext/splash2x/kernels/lu_ncb/inst/riscv64-linux.gcc/bin/lu_ncb -p16 -n2048 -b16:

Blocked Dense LU Factorization
     2048 by 2048 Matrix
     16 Processors
     16 by 16 Element Blocks


ROI time measured: 4.165s
                            PROCESS STATISTICS
              Total      Diagonal     Perimeter      Interior       Barrier
 Proc         Time         Time         Time           Time          Time
    0       4147810           244         36216       2561557       1549526

                            TIMING INFORMATION
Start time                        : 1617749394978868
Initialization finish time        : 1617749395627995
Overall finish time               : 1617749399776247
Total time with initialization    :          4797379
Total time without initialization :          4148252


real	0m4.853s
user	0m44.202s
sys	0m0.568s
[PARSEC] [----------    End of output    ----------]
[PARSEC]
[PARSEC] BIBLIOGRAPHY
[PARSEC]
[PARSEC] [1] Woo et al. The SPLASH-2 Programs: Characterization and Methodological Considerations. ISCA, 1995.
[PARSEC]
[PARSEC] Done.
[PARSEC] Benchmarks to run:  splash2x.lu_ncb

[PARSEC] [========== Running benchmark splash2x.lu_ncb [1] ==========]
[PARSEC] Deleting old run directory.
[PARSEC] Setting up run directory.
[PARSEC] No archive for input 'simlarge' available, skipping input setup.
[PARSEC] Running 'time /root/parsec-benchmark/ext/splash2x/kernels/lu_ncb/inst/riscv64-linux.gcc/bin/run.sh 16 simlarge':
[PARSEC] [---------- Beginning of output ----------]
Generating input file ...
Running /root/parsec-benchmark/ext/splash2x/kernels/lu_ncb/inst/riscv64-linux.gcc/bin/lu_ncb -p16 -n2048 -b16:

Blocked Dense LU Factorization
     2048 by 2048 Matrix
     16 Processors
     16 by 16 Element Blocks


ROI time measured: 4.454s
                            PROCESS STATISTICS
              Total      Diagonal     Perimeter      Interior       Barrier
 Proc         Time         Time         Time           Time          Time
    0       4433821           600         37843       2576433       1818473

                            TIMING INFORMATION
Start time                        : 1617749407709146
Initialization finish time        : 1617749408356907
Overall finish time               : 1617749412791319
Total time with initialization    :          5082173
Total time without initialization :          4434412


real	0m5.155s
user	0m45.953s
sys	0m0.722s
[PARSEC] [----------    End of output    ----------]
[PARSEC]
[PARSEC] BIBLIOGRAPHY
[PARSEC]
[PARSEC] [1] Woo et al. The SPLASH-2 Programs: Characterization and Methodological Considerations. ISCA, 1995.
[PARSEC]
[PARSEC] Done.

> TIMES: 4.134,4.195,4.165,4.454


################################################################################
> Threads: 32 (bench_parsec_lu_ncb.sh)
################################################################################

[PARSEC] Benchmarks to run:  splash2x.lu_ncb

[PARSEC] [========== Running benchmark splash2x.lu_ncb [1] ==========]
[PARSEC] Deleting old run directory.
[PARSEC] Setting up run directory.
[PARSEC] No archive for input 'simlarge' available, skipping input setup.
[PARSEC] Running 'time /root/parsec-benchmark/ext/splash2x/kernels/lu_ncb/inst/riscv64-linux.gcc/bin/run.sh 32 simlarge':
[PARSEC] [---------- Beginning of output ----------]
Generating input file ...
Running /root/parsec-benchmark/ext/splash2x/kernels/lu_ncb/inst/riscv64-linux.gcc/bin/lu_ncb -p32 -n2048 -b16:

Blocked Dense LU Factorization
     2048 by 2048 Matrix
     32 Processors
     16 by 16 Element Blocks


ROI time measured: 3.516s
                            PROCESS STATISTICS
              Total      Diagonal     Perimeter      Interior       Barrier
 Proc         Time         Time         Time           Time          Time
    0       3448539           633         21973       1804786       1620555

                            TIMING INFORMATION
Start time                        : 1617749427663623
Initialization finish time        : 1617749428341020
Overall finish time               : 1617749431790603
Total time with initialization    :          4126980
Total time without initialization :          3449583


real	0m4.259s
user	1m10.829s
sys	0m2.339s
[PARSEC] [----------    End of output    ----------]
[PARSEC]
[PARSEC] BIBLIOGRAPHY
[PARSEC]
[PARSEC] [1] Woo et al. The SPLASH-2 Programs: Characterization and Methodological Considerations. ISCA, 1995.
[PARSEC]
[PARSEC] Done.
[PARSEC] Benchmarks to run:  splash2x.lu_ncb

[PARSEC] [========== Running benchmark splash2x.lu_ncb [1] ==========]
[PARSEC] Deleting old run directory.
[PARSEC] Setting up run directory.
[PARSEC] No archive for input 'simlarge' available, skipping input setup.
[PARSEC] Running 'time /root/parsec-benchmark/ext/splash2x/kernels/lu_ncb/inst/riscv64-linux.gcc/bin/run.sh 32 simlarge':
[PARSEC] [---------- Beginning of output ----------]
Generating input file ...
Running /root/parsec-benchmark/ext/splash2x/kernels/lu_ncb/inst/riscv64-linux.gcc/bin/lu_ncb -p32 -n2048 -b16:

Blocked Dense LU Factorization
     2048 by 2048 Matrix
     32 Processors
     16 by 16 Element Blocks


ROI time measured: 3.411s
                            PROCESS STATISTICS
              Total      Diagonal     Perimeter      Interior       Barrier
 Proc         Time         Time         Time           Time          Time
    0       3358241           175         21427       1808792       1526972

                            TIMING INFORMATION
Start time                        : 1617749439603680
Initialization finish time        : 1617749440262225
Overall finish time               : 1617749443622377
Total time with initialization    :          4018697
Total time without initialization :          3360152


real	0m4.106s
user	1m10.499s
sys	0m2.837s
[PARSEC] [----------    End of output    ----------]
[PARSEC]
[PARSEC] BIBLIOGRAPHY
[PARSEC]
[PARSEC] [1] Woo et al. The SPLASH-2 Programs: Characterization and Methodological Considerations. ISCA, 1995.
[PARSEC]
[PARSEC] Done.
[PARSEC] Benchmarks to run:  splash2x.lu_ncb

[PARSEC] [========== Running benchmark splash2x.lu_ncb [1] ==========]
[PARSEC] Deleting old run directory.
[PARSEC] Setting up run directory.
[PARSEC] No archive for input 'simlarge' available, skipping input setup.
[PARSEC] Running 'time /root/parsec-benchmark/ext/splash2x/kernels/lu_ncb/inst/riscv64-linux.gcc/bin/run.sh 32 simlarge':
[PARSEC] [---------- Beginning of output ----------]
Generating input file ...
Running /root/parsec-benchmark/ext/splash2x/kernels/lu_ncb/inst/riscv64-linux.gcc/bin/lu_ncb -p32 -n2048 -b16:

Blocked Dense LU Factorization
     2048 by 2048 Matrix
     32 Processors
     16 by 16 Element Blocks


ROI time measured: 3.419s
                            PROCESS STATISTICS
              Total      Diagonal     Perimeter      Interior       Barrier
 Proc         Time         Time         Time           Time          Time
    0       3349534           215         20730       1787432       1540805

                            TIMING INFORMATION
Start time                        : 1617749451451478
Initialization finish time        : 1617749452115016
Overall finish time               : 1617749455466188
Total time with initialization    :          4014710
Total time without initialization :          3351172


real	0m4.124s
user	1m10.558s
sys	0m2.988s
[PARSEC] [----------    End of output    ----------]
[PARSEC]
[PARSEC] BIBLIOGRAPHY
[PARSEC]
[PARSEC] [1] Woo et al. The SPLASH-2 Programs: Characterization and Methodological Considerations. ISCA, 1995.
[PARSEC]
[PARSEC] Done.
[PARSEC] Benchmarks to run:  splash2x.lu_ncb

[PARSEC] [========== Running benchmark splash2x.lu_ncb [1] ==========]
[PARSEC] Deleting old run directory.
[PARSEC] Setting up run directory.
[PARSEC] No archive for input 'simlarge' available, skipping input setup.
[PARSEC] Running 'time /root/parsec-benchmark/ext/splash2x/kernels/lu_ncb/inst/riscv64-linux.gcc/bin/run.sh 32 simlarge':
[PARSEC] [---------- Beginning of output ----------]
Generating input file ...
Running /root/parsec-benchmark/ext/splash2x/kernels/lu_ncb/inst/riscv64-linux.gcc/bin/lu_ncb -p32 -n2048 -b16:

Blocked Dense LU Factorization
     2048 by 2048 Matrix
     32 Processors
     16 by 16 Element Blocks


ROI time measured: 3.449s
                            PROCESS STATISTICS
              Total      Diagonal     Perimeter      Interior       Barrier
 Proc         Time         Time         Time           Time          Time
    0       3376502           578         20980       1768364       1586043

                            TIMING INFORMATION
Start time                        : 1617749463490901
Initialization finish time        : 1617749464156111
Overall finish time               : 1617749467533822
Total time with initialization    :          4042921
Total time without initialization :          3377711


real	0m4.161s
user	1m10.757s
sys	0m2.496s
[PARSEC] [----------    End of output    ----------]
[PARSEC]
[PARSEC] BIBLIOGRAPHY
[PARSEC]
[PARSEC] [1] Woo et al. The SPLASH-2 Programs: Characterization and Methodological Considerations. ISCA, 1995.
[PARSEC]
[PARSEC] Done.

> TIMES: 3.516,3.411,3.419,3.449


################################################################################
> Threads: 64 (bench_parsec_lu_ncb.sh)
################################################################################

[PARSEC] Benchmarks to run:  splash2x.lu_ncb

[PARSEC] [========== Running benchmark splash2x.lu_ncb [1] ==========]
[PARSEC] Deleting old run directory.
[PARSEC] Setting up run directory.
[PARSEC] No archive for input 'simlarge' available, skipping input setup.
[PARSEC] Running 'time /root/parsec-benchmark/ext/splash2x/kernels/lu_ncb/inst/riscv64-linux.gcc/bin/run.sh 64 simlarge':
[PARSEC] [---------- Beginning of output ----------]
Generating input file ...
Running /root/parsec-benchmark/ext/splash2x/kernels/lu_ncb/inst/riscv64-linux.gcc/bin/lu_ncb -p64 -n2048 -b16:

Blocked Dense LU Factorization
     2048 by 2048 Matrix
     64 Processors
     16 by 16 Element Blocks


ROI time measured: 5.760s
                            PROCESS STATISTICS
              Total      Diagonal     Perimeter      Interior       Barrier
 Proc         Time         Time         Time           Time          Time
    0       4438289           483         13464       1005048       3418622

                            TIMING INFORMATION
Start time                        : 1617749485434673
Initialization finish time        : 1617749486138798
Overall finish time               : 1617749490579405
Total time with initialization    :          5144732
Total time without initialization :          4440607


real	0m6.530s
user	2m44.381s
sys	0m32.427s
[PARSEC] [----------    End of output    ----------]
[PARSEC]
[PARSEC] BIBLIOGRAPHY
[PARSEC]
[PARSEC] [1] Woo et al. The SPLASH-2 Programs: Characterization and Methodological Considerations. ISCA, 1995.
[PARSEC]
[PARSEC] Done.
[PARSEC] Benchmarks to run:  splash2x.lu_ncb

[PARSEC] [========== Running benchmark splash2x.lu_ncb [1] ==========]
[PARSEC] Deleting old run directory.
[PARSEC] Setting up run directory.
[PARSEC] No archive for input 'simlarge' available, skipping input setup.
[PARSEC] Running 'time /root/parsec-benchmark/ext/splash2x/kernels/lu_ncb/inst/riscv64-linux.gcc/bin/run.sh 64 simlarge':
[PARSEC] [---------- Beginning of output ----------]
Generating input file ...
Running /root/parsec-benchmark/ext/splash2x/kernels/lu_ncb/inst/riscv64-linux.gcc/bin/lu_ncb -p64 -n2048 -b16:

Blocked Dense LU Factorization
     2048 by 2048 Matrix
     64 Processors
     16 by 16 Element Blocks


ROI time measured: 5.822s
                            PROCESS STATISTICS
              Total      Diagonal     Perimeter      Interior       Barrier
 Proc         Time         Time         Time           Time          Time
    0       4450819           187         13061       1050121       3386986

                            TIMING INFORMATION
Start time                        : 1617749499705970
Initialization finish time        : 1617749500380133
Overall finish time               : 1617749504839670
Total time with initialization    :          5133700
Total time without initialization :          4459537


real	0m6.520s
user	2m46.492s
sys	0m32.757s
[PARSEC] [----------    End of output    ----------]
[PARSEC]
[PARSEC] BIBLIOGRAPHY
[PARSEC]
[PARSEC] [1] Woo et al. The SPLASH-2 Programs: Characterization and Methodological Considerations. ISCA, 1995.
[PARSEC]
[PARSEC] Done.
[PARSEC] Benchmarks to run:  splash2x.lu_ncb

[PARSEC] [========== Running benchmark splash2x.lu_ncb [1] ==========]
[PARSEC] Deleting old run directory.
[PARSEC] Setting up run directory.
[PARSEC] No archive for input 'simlarge' available, skipping input setup.
[PARSEC] Running 'time /root/parsec-benchmark/ext/splash2x/kernels/lu_ncb/inst/riscv64-linux.gcc/bin/run.sh 64 simlarge':
[PARSEC] [---------- Beginning of output ----------]
Generating input file ...
Running /root/parsec-benchmark/ext/splash2x/kernels/lu_ncb/inst/riscv64-linux.gcc/bin/lu_ncb -p64 -n2048 -b16:

Blocked Dense LU Factorization
     2048 by 2048 Matrix
     64 Processors
     16 by 16 Element Blocks


ROI time measured: 5.837s
                            PROCESS STATISTICS
              Total      Diagonal     Perimeter      Interior       Barrier
 Proc         Time         Time         Time           Time          Time
    0       4640486           549         13417       1171808       3454097

                            TIMING INFORMATION
Start time                        : 1617749514256221
Initialization finish time        : 1617749515093203
Overall finish time               : 1617749519736832
Total time with initialization    :          5480611
Total time without initialization :          4643629


real	0m6.714s
user	2m35.058s
sys	0m37.833s
[PARSEC] [----------    End of output    ----------]
[PARSEC]
[PARSEC] BIBLIOGRAPHY
[PARSEC]
[PARSEC] [1] Woo et al. The SPLASH-2 Programs: Characterization and Methodological Considerations. ISCA, 1995.
[PARSEC]
[PARSEC] Done.
[PARSEC] Benchmarks to run:  splash2x.lu_ncb

[PARSEC] [========== Running benchmark splash2x.lu_ncb [1] ==========]
[PARSEC] Deleting old run directory.
[PARSEC] Setting up run directory.
[PARSEC] No archive for input 'simlarge' available, skipping input setup.
[PARSEC] Running 'time /root/parsec-benchmark/ext/splash2x/kernels/lu_ncb/inst/riscv64-linux.gcc/bin/run.sh 64 simlarge':
[PARSEC] [---------- Beginning of output ----------]
Generating input file ...
Running /root/parsec-benchmark/ext/splash2x/kernels/lu_ncb/inst/riscv64-linux.gcc/bin/lu_ncb -p64 -n2048 -b16:

Blocked Dense LU Factorization
     2048 by 2048 Matrix
     64 Processors
     16 by 16 Element Blocks


ROI time measured: 5.675s
                            PROCESS STATISTICS
              Total      Diagonal     Perimeter      Interior       Barrier
 Proc         Time         Time         Time           Time          Time
    0       4507765           161         13068       1149100       3345019

                            TIMING INFORMATION
Start time                        : 1617749528784791
Initialization finish time        : 1617749529625425
Overall finish time               : 1617749534143653
Total time with initialization    :          5358862
Total time without initialization :          4518228


real	0m6.539s
user	2m38.862s
sys	0m30.516s
[PARSEC] [----------    End of output    ----------]
[PARSEC]
[PARSEC] BIBLIOGRAPHY
[PARSEC]
[PARSEC] [1] Woo et al. The SPLASH-2 Programs: Characterization and Methodological Considerations. ISCA, 1995.
[PARSEC]
[PARSEC] Done.

> TIMES: 5.760,5.822,5.837,5.675


################################################################################
> Threads: 128 (bench_parsec_lu_ncb.sh)
################################################################################

[PARSEC] Benchmarks to run:  splash2x.lu_ncb

[PARSEC] [========== Running benchmark splash2x.lu_ncb [1] ==========]
[PARSEC] Deleting old run directory.
[PARSEC] Setting up run directory.
[PARSEC] No archive for input 'simlarge' available, skipping input setup.
[PARSEC] Running 'time /root/parsec-benchmark/ext/splash2x/kernels/lu_ncb/inst/riscv64-linux.gcc/bin/run.sh 128 simlarge':
[PARSEC] [---------- Beginning of output ----------]
Generating input file ...
Running /root/parsec-benchmark/ext/splash2x/kernels/lu_ncb/inst/riscv64-linux.gcc/bin/lu_ncb -p128 -n2048 -b16:

Blocked Dense LU Factorization
     2048 by 2048 Matrix
     128 Processors
     16 by 16 Element Blocks


ROI time measured: 68.617s
                            PROCESS STATISTICS
              Total      Diagonal     Perimeter      Interior       Barrier
 Proc         Time         Time         Time           Time          Time
    0      65802241          5453         22280         11996      65761857

                            TIMING INFORMATION
Start time                        : 1617749558135533
Initialization finish time        : 1617749559814001
Overall finish time               : 1617749625858899
Total time with initialization    :         67723366
Total time without initialization :         66044898


real	1m9.440s
user	3m55.568s
sys	4m32.436s
[PARSEC] [----------    End of output    ----------]
[PARSEC]
[PARSEC] BIBLIOGRAPHY
[PARSEC]
[PARSEC] [1] Woo et al. The SPLASH-2 Programs: Characterization and Methodological Considerations. ISCA, 1995.
[PARSEC]
[PARSEC] Done.
[PARSEC] Benchmarks to run:  splash2x.lu_ncb

[PARSEC] [========== Running benchmark splash2x.lu_ncb [1] ==========]
[PARSEC] Deleting old run directory.
[PARSEC] Setting up run directory.
[PARSEC] No archive for input 'simlarge' available, skipping input setup.
[PARSEC] Running 'time /root/parsec-benchmark/ext/splash2x/kernels/lu_ncb/inst/riscv64-linux.gcc/bin/run.sh 128 simlarge':
[PARSEC] [---------- Beginning of output ----------]
Generating input file ...
Running /root/parsec-benchmark/ext/splash2x/kernels/lu_ncb/inst/riscv64-linux.gcc/bin/lu_ncb -p128 -n2048 -b16:

Blocked Dense LU Factorization
     2048 by 2048 Matrix
     128 Processors
     16 by 16 Element Blocks


ROI time measured: 67.346s
                            PROCESS STATISTICS
              Total      Diagonal     Perimeter      Interior       Barrier
 Proc         Time         Time         Time           Time          Time
    0      62059103           222         36941          4251      62015224

                            TIMING INFORMATION
Start time                        : 1617749635617413
Initialization finish time        : 1617749636958758
Overall finish time               : 1617749699348815
Total time with initialization    :         63731402
Total time without initialization :         62390057


real	1m8.089s
user	6m26.794s
sys	7m40.063s
[PARSEC] [----------    End of output    ----------]
[PARSEC]
[PARSEC] BIBLIOGRAPHY
[PARSEC]
[PARSEC] [1] Woo et al. The SPLASH-2 Programs: Characterization and Methodological Considerations. ISCA, 1995.
[PARSEC]
[PARSEC] Done.
[PARSEC] Benchmarks to run:  splash2x.lu_ncb

[PARSEC] [========== Running benchmark splash2x.lu_ncb [1] ==========]
[PARSEC] Deleting old run directory.
[PARSEC] Setting up run directory.
[PARSEC] No archive for input 'simlarge' available, skipping input setup.
[PARSEC] Running 'time /root/parsec-benchmark/ext/splash2x/kernels/lu_ncb/inst/riscv64-linux.gcc/bin/run.sh 128 simlarge':
[PARSEC] [---------- Beginning of output ----------]
Generating input file ...
Running /root/parsec-benchmark/ext/splash2x/kernels/lu_ncb/inst/riscv64-linux.gcc/bin/lu_ncb -p128 -n2048 -b16:

Blocked Dense LU Factorization
     2048 by 2048 Matrix
     128 Processors
     16 by 16 Element Blocks


ROI time measured: 67.360s
                            PROCESS STATISTICS
              Total      Diagonal     Perimeter      Interior       Barrier
 Proc         Time         Time         Time           Time          Time
    0      61448414           572         12198          4782      61430132

                            TIMING INFORMATION
Start time                        : 1617749712073514
Initialization finish time        : 1617749713266152
Overall finish time               : 1617749774952097
Total time with initialization    :         62878583
Total time without initialization :         61685945


real	1m8.062s
user	7m39.320s
sys	8m7.938s
[PARSEC] [----------    End of output    ----------]
[PARSEC]
[PARSEC] BIBLIOGRAPHY
[PARSEC]
[PARSEC] [1] Woo et al. The SPLASH-2 Programs: Characterization and Methodological Considerations. ISCA, 1995.
[PARSEC]
[PARSEC] Done.
[PARSEC] Benchmarks to run:  splash2x.lu_ncb

[PARSEC] [========== Running benchmark splash2x.lu_ncb [1] ==========]
[PARSEC] Deleting old run directory.
[PARSEC] Setting up run directory.
[PARSEC] No archive for input 'simlarge' available, skipping input setup.
[PARSEC] Running 'time /root/parsec-benchmark/ext/splash2x/kernels/lu_ncb/inst/riscv64-linux.gcc/bin/run.sh 128 simlarge':
[PARSEC] [---------- Beginning of output ----------]
Generating input file ...
Running /root/parsec-benchmark/ext/splash2x/kernels/lu_ncb/inst/riscv64-linux.gcc/bin/lu_ncb -p128 -n2048 -b16:

Blocked Dense LU Factorization
     2048 by 2048 Matrix
     128 Processors
     16 by 16 Element Blocks


ROI time measured: 68.006s
                            PROCESS STATISTICS
              Total      Diagonal     Perimeter      Interior       Barrier
 Proc         Time         Time         Time           Time          Time
    0      62933682           198         15101          3818      62914032

                            TIMING INFORMATION
Start time                        : 1617749788283389
Initialization finish time        : 1617749789438002
Overall finish time               : 1617749852622609
Total time with initialization    :         64339220
Total time without initialization :         63184607


real	1m8.675s
user	6m16.689s
sys	7m10.595s
[PARSEC] [----------    End of output    ----------]
[PARSEC]
[PARSEC] BIBLIOGRAPHY
[PARSEC]
[PARSEC] [1] Woo et al. The SPLASH-2 Programs: Characterization and Methodological Considerations. ISCA, 1995.
[PARSEC]
[PARSEC] Done.

> TIMES: 68.617,67.346,67.360,68.006

