
################################################################################
> Threads: 2 (bench_parsec_ocean_cp.sh)
################################################################################

[PARSEC] Benchmarks to run:  splash2x.ocean_cp

[PARSEC] [========== Running benchmark splash2x.ocean_cp [1] ==========]
[PARSEC] Setting up run directory.
[PARSEC] No archive for input 'simlarge' available, skipping input setup.
[PARSEC] Running 'time /root/parsec-benchmark/ext/splash2x/apps/ocean_cp/inst/riscv64-linux.gcc/bin/run.sh 2 simlarge':
[PARSEC] [---------- Beginning of output ----------]
Generating input file ...
Running /root/parsec-benchmark/ext/splash2x/apps/ocean_cp/inst/riscv64-linux.gcc/bin/ocean_cp -n2050 -p2 -e1e-07 -r20000 -t28800:

Ocean simulation with W-cycle multigrid solver
    Processors                         : 2
    Grid size                          : 2050 x 2050
    Grid resolution (meters)           : 20000.00
    Time between relaxations (seconds) : 28800
    Error tolerance                    : 1e-07

ROI time measured: 32.500s

                       PROCESS STATISTICS
                  Total          Multigrid         Multigrid
 Proc             Time             Time            Fraction
    0          16524248            3614369             0.219

                       TIMING INFORMATION
Start time                        : 1617749872144679
Initialization finish time        : 1617749888134300
Overall finish time               : 1617749904660860
Total time with initialization    :         32516181
Total time without initialization :         16526560
    (excludes first timestep)


real	0m32.817s
user	0m59.437s
sys	0m5.216s
[PARSEC] [----------    End of output    ----------]
[PARSEC]
[PARSEC] BIBLIOGRAPHY
[PARSEC]
[PARSEC] [1] Woo et al. The SPLASH-2 Programs: Characterization and Methodological Considerations. ISCA, 1995.
[PARSEC]
[PARSEC] Done.
[PARSEC] Benchmarks to run:  splash2x.ocean_cp

[PARSEC] [========== Running benchmark splash2x.ocean_cp [1] ==========]
[PARSEC] Deleting old run directory.
[PARSEC] Setting up run directory.
[PARSEC] No archive for input 'simlarge' available, skipping input setup.
[PARSEC] Running 'time /root/parsec-benchmark/ext/splash2x/apps/ocean_cp/inst/riscv64-linux.gcc/bin/run.sh 2 simlarge':
[PARSEC] [---------- Beginning of output ----------]
Generating input file ...
Running /root/parsec-benchmark/ext/splash2x/apps/ocean_cp/inst/riscv64-linux.gcc/bin/ocean_cp -n2050 -p2 -e1e-07 -r20000 -t28800:

Ocean simulation with W-cycle multigrid solver
    Processors                         : 2
    Grid size                          : 2050 x 2050
    Grid resolution (meters)           : 20000.00
    Time between relaxations (seconds) : 28800
    Error tolerance                    : 1e-07

ROI time measured: 32.461s

                       PROCESS STATISTICS
                  Total          Multigrid         Multigrid
 Proc             Time             Time            Fraction
    0          16535235            3616465             0.219

                       TIMING INFORMATION
Start time                        : 1617749912571395
Initialization finish time        : 1617749928508056
Overall finish time               : 1617749945045703
Total time with initialization    :         32474308
Total time without initialization :         16537647
    (excludes first timestep)


real	0m32.751s
user	0m58.929s
sys	0m5.598s
[PARSEC] [----------    End of output    ----------]
[PARSEC]
[PARSEC] BIBLIOGRAPHY
[PARSEC]
[PARSEC] [1] Woo et al. The SPLASH-2 Programs: Characterization and Methodological Considerations. ISCA, 1995.
[PARSEC]
[PARSEC] Done.
[PARSEC] Benchmarks to run:  splash2x.ocean_cp

[PARSEC] [========== Running benchmark splash2x.ocean_cp [1] ==========]
[PARSEC] Deleting old run directory.
[PARSEC] Setting up run directory.
[PARSEC] No archive for input 'simlarge' available, skipping input setup.
[PARSEC] Running 'time /root/parsec-benchmark/ext/splash2x/apps/ocean_cp/inst/riscv64-linux.gcc/bin/run.sh 2 simlarge':
[PARSEC] [---------- Beginning of output ----------]
Generating input file ...
Running /root/parsec-benchmark/ext/splash2x/apps/ocean_cp/inst/riscv64-linux.gcc/bin/ocean_cp -n2050 -p2 -e1e-07 -r20000 -t28800:

Ocean simulation with W-cycle multigrid solver
    Processors                         : 2
    Grid size                          : 2050 x 2050
    Grid resolution (meters)           : 20000.00
    Time between relaxations (seconds) : 28800
    Error tolerance                    : 1e-07

ROI time measured: 32.463s

                       PROCESS STATISTICS
                  Total          Multigrid         Multigrid
 Proc             Time             Time            Fraction
    0          16544504            3619631             0.219

                       TIMING INFORMATION
Start time                        : 1617749952993684
Initialization finish time        : 1617749968923923
Overall finish time               : 1617749985469887
Total time with initialization    :         32476203
Total time without initialization :         16545964
    (excludes first timestep)


real	0m32.759s
user	0m59.096s
sys	0m5.445s
[PARSEC] [----------    End of output    ----------]
[PARSEC]
[PARSEC] BIBLIOGRAPHY
[PARSEC]
[PARSEC] [1] Woo et al. The SPLASH-2 Programs: Characterization and Methodological Considerations. ISCA, 1995.
[PARSEC]
[PARSEC] Done.
[PARSEC] Benchmarks to run:  splash2x.ocean_cp

[PARSEC] [========== Running benchmark splash2x.ocean_cp [1] ==========]
[PARSEC] Deleting old run directory.
[PARSEC] Setting up run directory.
[PARSEC] No archive for input 'simlarge' available, skipping input setup.
[PARSEC] Running 'time /root/parsec-benchmark/ext/splash2x/apps/ocean_cp/inst/riscv64-linux.gcc/bin/run.sh 2 simlarge':
[PARSEC] [---------- Beginning of output ----------]
Generating input file ...
Running /root/parsec-benchmark/ext/splash2x/apps/ocean_cp/inst/riscv64-linux.gcc/bin/ocean_cp -n2050 -p2 -e1e-07 -r20000 -t28800:

Ocean simulation with W-cycle multigrid solver
    Processors                         : 2
    Grid size                          : 2050 x 2050
    Grid resolution (meters)           : 20000.00
    Time between relaxations (seconds) : 28800
    Error tolerance                    : 1e-07

ROI time measured: 33.017s

                       PROCESS STATISTICS
                  Total          Multigrid         Multigrid
 Proc             Time             Time            Fraction
    0          17139398            3463934             0.202

                       TIMING INFORMATION
Start time                        : 1617749993639108
Initialization finish time        : 1617750009530312
Overall finish time               : 1617750026671502
Total time with initialization    :         33032394
Total time without initialization :         17141190
    (excludes first timestep)


real	0m33.324s
user	1m0.274s
sys	0m5.374s
[PARSEC] [----------    End of output    ----------]
[PARSEC]
[PARSEC] BIBLIOGRAPHY
[PARSEC]
[PARSEC] [1] Woo et al. The SPLASH-2 Programs: Characterization and Methodological Considerations. ISCA, 1995.
[PARSEC]
[PARSEC] Done.

> TIMES: 32.500,32.461,32.463,33.017


################################################################################
> Threads: 4 (bench_parsec_ocean_cp.sh)
################################################################################

[PARSEC] Benchmarks to run:  splash2x.ocean_cp

[PARSEC] [========== Running benchmark splash2x.ocean_cp [1] ==========]
[PARSEC] Deleting old run directory.
[PARSEC] Setting up run directory.
[PARSEC] No archive for input 'simlarge' available, skipping input setup.
[PARSEC] Running 'time /root/parsec-benchmark/ext/splash2x/apps/ocean_cp/inst/riscv64-linux.gcc/bin/run.sh 4 simlarge':
[PARSEC] [---------- Beginning of output ----------]
Generating input file ...
Running /root/parsec-benchmark/ext/splash2x/apps/ocean_cp/inst/riscv64-linux.gcc/bin/ocean_cp -n2050 -p4 -e1e-07 -r20000 -t28800:

Ocean simulation with W-cycle multigrid solver
    Processors                         : 4
    Grid size                          : 2050 x 2050
    Grid resolution (meters)           : 20000.00
    Time between relaxations (seconds) : 28800
    Error tolerance                    : 1e-07

ROI time measured: 16.855s

                       PROCESS STATISTICS
                  Total          Multigrid         Multigrid
 Proc             Time             Time            Fraction
    0           8468320            1836585             0.217

                       TIMING INFORMATION
Start time                        : 1617750041100458
Initialization finish time        : 1617750049506971
Overall finish time               : 1617750057978633
Total time with initialization    :         16878175
Total time without initialization :          8471662
    (excludes first timestep)


real	0m17.173s
user	1m0.540s
sys	0m6.131s
[PARSEC] [----------    End of output    ----------]
[PARSEC]
[PARSEC] BIBLIOGRAPHY
[PARSEC]
[PARSEC] [1] Woo et al. The SPLASH-2 Programs: Characterization and Methodological Considerations. ISCA, 1995.
[PARSEC]
[PARSEC] Done.
[PARSEC] Benchmarks to run:  splash2x.ocean_cp

[PARSEC] [========== Running benchmark splash2x.ocean_cp [1] ==========]
[PARSEC] Deleting old run directory.
[PARSEC] Setting up run directory.
[PARSEC] No archive for input 'simlarge' available, skipping input setup.
[PARSEC] Running 'time /root/parsec-benchmark/ext/splash2x/apps/ocean_cp/inst/riscv64-linux.gcc/bin/run.sh 4 simlarge':
[PARSEC] [---------- Beginning of output ----------]
Generating input file ...
Running /root/parsec-benchmark/ext/splash2x/apps/ocean_cp/inst/riscv64-linux.gcc/bin/ocean_cp -n2050 -p4 -e1e-07 -r20000 -t28800:

Ocean simulation with W-cycle multigrid solver
    Processors                         : 4
    Grid size                          : 2050 x 2050
    Grid resolution (meters)           : 20000.00
    Time between relaxations (seconds) : 28800
    Error tolerance                    : 1e-07

ROI time measured: 16.802s

                       PROCESS STATISTICS
                  Total          Multigrid         Multigrid
 Proc             Time             Time            Fraction
    0           8468745            1840251             0.217

                       TIMING INFORMATION
Start time                        : 1617750065970808
Initialization finish time        : 1617750074320873
Overall finish time               : 1617750082791032
Total time with initialization    :         16820224
Total time without initialization :          8470159
    (excludes first timestep)


real	0m17.097s
user	1m0.698s
sys	0m5.836s
[PARSEC] [----------    End of output    ----------]
[PARSEC]
[PARSEC] BIBLIOGRAPHY
[PARSEC]
[PARSEC] [1] Woo et al. The SPLASH-2 Programs: Characterization and Methodological Considerations. ISCA, 1995.
[PARSEC]
[PARSEC] Done.
[PARSEC] Benchmarks to run:  splash2x.ocean_cp

[PARSEC] [========== Running benchmark splash2x.ocean_cp [1] ==========]
[PARSEC] Deleting old run directory.
[PARSEC] Setting up run directory.
[PARSEC] No archive for input 'simlarge' available, skipping input setup.
[PARSEC] Running 'time /root/parsec-benchmark/ext/splash2x/apps/ocean_cp/inst/riscv64-linux.gcc/bin/run.sh 4 simlarge':
[PARSEC] [---------- Beginning of output ----------]
Generating input file ...
Running /root/parsec-benchmark/ext/splash2x/apps/ocean_cp/inst/riscv64-linux.gcc/bin/ocean_cp -n2050 -p4 -e1e-07 -r20000 -t28800:

Ocean simulation with W-cycle multigrid solver
    Processors                         : 4
    Grid size                          : 2050 x 2050
    Grid resolution (meters)           : 20000.00
    Time between relaxations (seconds) : 28800
    Error tolerance                    : 1e-07

ROI time measured: 16.829s

                       PROCESS STATISTICS
                  Total          Multigrid         Multigrid
 Proc             Time             Time            Fraction
    0           8475954            1838317             0.217

                       TIMING INFORMATION
Start time                        : 1617750090770091
Initialization finish time        : 1617750099139910
Overall finish time               : 1617750107617244
Total time with initialization    :         16847153
Total time without initialization :          8477334
    (excludes first timestep)


real	0m17.123s
user	1m0.740s
sys	0m5.843s
[PARSEC] [----------    End of output    ----------]
[PARSEC]
[PARSEC] BIBLIOGRAPHY
[PARSEC]
[PARSEC] [1] Woo et al. The SPLASH-2 Programs: Characterization and Methodological Considerations. ISCA, 1995.
[PARSEC]
[PARSEC] Done.
[PARSEC] Benchmarks to run:  splash2x.ocean_cp

[PARSEC] [========== Running benchmark splash2x.ocean_cp [1] ==========]
[PARSEC] Deleting old run directory.
[PARSEC] Setting up run directory.
[PARSEC] No archive for input 'simlarge' available, skipping input setup.
[PARSEC] Running 'time /root/parsec-benchmark/ext/splash2x/apps/ocean_cp/inst/riscv64-linux.gcc/bin/run.sh 4 simlarge':
[PARSEC] [---------- Beginning of output ----------]
Generating input file ...
Running /root/parsec-benchmark/ext/splash2x/apps/ocean_cp/inst/riscv64-linux.gcc/bin/ocean_cp -n2050 -p4 -e1e-07 -r20000 -t28800:

Ocean simulation with W-cycle multigrid solver
    Processors                         : 4
    Grid size                          : 2050 x 2050
    Grid resolution (meters)           : 20000.00
    Time between relaxations (seconds) : 28800
    Error tolerance                    : 1e-07

ROI time measured: 16.579s

                       PROCESS STATISTICS
                  Total          Multigrid         Multigrid
 Proc             Time             Time            Fraction
    0           8341801            1809659             0.217

                       TIMING INFORMATION
Start time                        : 1617750115774240
Initialization finish time        : 1617750124030247
Overall finish time               : 1617750132374104
Total time with initialization    :         16599864
Total time without initialization :          8343857
    (excludes first timestep)


real	0m16.894s
user	0m59.343s
sys	0m6.198s
[PARSEC] [----------    End of output    ----------]
[PARSEC]
[PARSEC] BIBLIOGRAPHY
[PARSEC]
[PARSEC] [1] Woo et al. The SPLASH-2 Programs: Characterization and Methodological Considerations. ISCA, 1995.
[PARSEC]
[PARSEC] Done.

> TIMES: 16.855,16.802,16.829,16.579


################################################################################
> Threads: 8 (bench_parsec_ocean_cp.sh)
################################################################################

[PARSEC] Benchmarks to run:  splash2x.ocean_cp

[PARSEC] [========== Running benchmark splash2x.ocean_cp [1] ==========]
[PARSEC] Deleting old run directory.
[PARSEC] Setting up run directory.
[PARSEC] No archive for input 'simlarge' available, skipping input setup.
[PARSEC] Running 'time /root/parsec-benchmark/ext/splash2x/apps/ocean_cp/inst/riscv64-linux.gcc/bin/run.sh 8 simlarge':
[PARSEC] [---------- Beginning of output ----------]
Generating input file ...
Running /root/parsec-benchmark/ext/splash2x/apps/ocean_cp/inst/riscv64-linux.gcc/bin/ocean_cp -n2050 -p8 -e1e-07 -r20000 -t28800:

Ocean simulation with W-cycle multigrid solver
    Processors                         : 8
    Grid size                          : 2050 x 2050
    Grid resolution (meters)           : 20000.00
    Time between relaxations (seconds) : 28800
    Error tolerance                    : 1e-07

ROI time measured: 9.037s

                       PROCESS STATISTICS
                  Total          Multigrid         Multigrid
 Proc             Time             Time            Fraction
    0           4448093            1023832             0.230

                       TIMING INFORMATION
Start time                        : 1617750147261080
Initialization finish time        : 1617750151878449
Overall finish time               : 1617750156331216
Total time with initialization    :          9070136
Total time without initialization :          4452767
    (excludes first timestep)


real	0m9.382s
user	1m2.122s
sys	0m7.442s
[PARSEC] [----------    End of output    ----------]
[PARSEC]
[PARSEC] BIBLIOGRAPHY
[PARSEC]
[PARSEC] [1] Woo et al. The SPLASH-2 Programs: Characterization and Methodological Considerations. ISCA, 1995.
[PARSEC]
[PARSEC] Done.
[PARSEC] Benchmarks to run:  splash2x.ocean_cp

[PARSEC] [========== Running benchmark splash2x.ocean_cp [1] ==========]
[PARSEC] Deleting old run directory.
[PARSEC] Setting up run directory.
[PARSEC] No archive for input 'simlarge' available, skipping input setup.
[PARSEC] Running 'time /root/parsec-benchmark/ext/splash2x/apps/ocean_cp/inst/riscv64-linux.gcc/bin/run.sh 8 simlarge':
[PARSEC] [---------- Beginning of output ----------]
Generating input file ...
Running /root/parsec-benchmark/ext/splash2x/apps/ocean_cp/inst/riscv64-linux.gcc/bin/ocean_cp -n2050 -p8 -e1e-07 -r20000 -t28800:

Ocean simulation with W-cycle multigrid solver
    Processors                         : 8
    Grid size                          : 2050 x 2050
    Grid resolution (meters)           : 20000.00
    Time between relaxations (seconds) : 28800
    Error tolerance                    : 1e-07

ROI time measured: 9.082s

                       PROCESS STATISTICS
                  Total          Multigrid         Multigrid
 Proc             Time             Time            Fraction
    0           4544311            1105162             0.243

                       TIMING INFORMATION
Start time                        : 1617750164259419
Initialization finish time        : 1617750168818394
Overall finish time               : 1617750173365463
Total time with initialization    :          9106044
Total time without initialization :          4547069
    (excludes first timestep)


real	0m9.390s
user	1m2.346s
sys	0m6.964s
[PARSEC] [----------    End of output    ----------]
[PARSEC]
[PARSEC] BIBLIOGRAPHY
[PARSEC]
[PARSEC] [1] Woo et al. The SPLASH-2 Programs: Characterization and Methodological Considerations. ISCA, 1995.
[PARSEC]
[PARSEC] Done.
[PARSEC] Benchmarks to run:  splash2x.ocean_cp

[PARSEC] [========== Running benchmark splash2x.ocean_cp [1] ==========]
[PARSEC] Deleting old run directory.
[PARSEC] Setting up run directory.
[PARSEC] No archive for input 'simlarge' available, skipping input setup.
[PARSEC] Running 'time /root/parsec-benchmark/ext/splash2x/apps/ocean_cp/inst/riscv64-linux.gcc/bin/run.sh 8 simlarge':
[PARSEC] [---------- Beginning of output ----------]
Generating input file ...
Running /root/parsec-benchmark/ext/splash2x/apps/ocean_cp/inst/riscv64-linux.gcc/bin/ocean_cp -n2050 -p8 -e1e-07 -r20000 -t28800:

Ocean simulation with W-cycle multigrid solver
    Processors                         : 8
    Grid size                          : 2050 x 2050
    Grid resolution (meters)           : 20000.00
    Time between relaxations (seconds) : 28800
    Error tolerance                    : 1e-07

ROI time measured: 9.025s

                       PROCESS STATISTICS
                  Total          Multigrid         Multigrid
 Proc             Time             Time            Fraction
    0           4455115            1027766             0.231

                       TIMING INFORMATION
Start time                        : 1617750181374086
Initialization finish time        : 1617750185963114
Overall finish time               : 1617750190421298
Total time with initialization    :          9047212
Total time without initialization :          4458184
    (excludes first timestep)


real	0m9.335s
user	1m1.752s
sys	0m7.391s
[PARSEC] [----------    End of output    ----------]
[PARSEC]
[PARSEC] BIBLIOGRAPHY
[PARSEC]
[PARSEC] [1] Woo et al. The SPLASH-2 Programs: Characterization and Methodological Considerations. ISCA, 1995.
[PARSEC]
[PARSEC] Done.
[PARSEC] Benchmarks to run:  splash2x.ocean_cp

[PARSEC] [========== Running benchmark splash2x.ocean_cp [1] ==========]
[PARSEC] Deleting old run directory.
[PARSEC] Setting up run directory.
[PARSEC] No archive for input 'simlarge' available, skipping input setup.
[PARSEC] Running 'time /root/parsec-benchmark/ext/splash2x/apps/ocean_cp/inst/riscv64-linux.gcc/bin/run.sh 8 simlarge':
[PARSEC] [---------- Beginning of output ----------]
Generating input file ...
Running /root/parsec-benchmark/ext/splash2x/apps/ocean_cp/inst/riscv64-linux.gcc/bin/ocean_cp -n2050 -p8 -e1e-07 -r20000 -t28800:

Ocean simulation with W-cycle multigrid solver
    Processors                         : 8
    Grid size                          : 2050 x 2050
    Grid resolution (meters)           : 20000.00
    Time between relaxations (seconds) : 28800
    Error tolerance                    : 1e-07

ROI time measured: 8.889s

                       PROCESS STATISTICS
                  Total          Multigrid         Multigrid
 Proc             Time             Time            Fraction
    0           4408514             990162             0.225

                       TIMING INFORMATION
Start time                        : 1617750198574675
Initialization finish time        : 1617750203077877
Overall finish time               : 1617750207490249
Total time with initialization    :          8915574
Total time without initialization :          4412372
    (excludes first timestep)


real	0m9.209s
user	1m0.608s
sys	0m7.381s
[PARSEC] [----------    End of output    ----------]
[PARSEC]
[PARSEC] BIBLIOGRAPHY
[PARSEC]
[PARSEC] [1] Woo et al. The SPLASH-2 Programs: Characterization and Methodological Considerations. ISCA, 1995.
[PARSEC]
[PARSEC] Done.

> TIMES: 9.037,9.082,9.025,8.889


################################################################################
> Threads: 16 (bench_parsec_ocean_cp.sh)
################################################################################

[PARSEC] Benchmarks to run:  splash2x.ocean_cp

[PARSEC] [========== Running benchmark splash2x.ocean_cp [1] ==========]
[PARSEC] Deleting old run directory.
[PARSEC] Setting up run directory.
[PARSEC] No archive for input 'simlarge' available, skipping input setup.
[PARSEC] Running 'time /root/parsec-benchmark/ext/splash2x/apps/ocean_cp/inst/riscv64-linux.gcc/bin/run.sh 16 simlarge':
[PARSEC] [---------- Beginning of output ----------]
Generating input file ...
Running /root/parsec-benchmark/ext/splash2x/apps/ocean_cp/inst/riscv64-linux.gcc/bin/ocean_cp -n2050 -p16 -e1e-07 -r20000 -t28800:

Ocean simulation with W-cycle multigrid solver
    Processors                         : 16
    Grid size                          : 2050 x 2050
    Grid resolution (meters)           : 20000.00
    Time between relaxations (seconds) : 28800
    Error tolerance                    : 1e-07

ROI time measured: 7.280s

                       PROCESS STATISTICS
                  Total          Multigrid         Multigrid
 Proc             Time             Time            Fraction
    0           3434318             847760             0.247

                       TIMING INFORMATION
Start time                        : 1617750222827258
Initialization finish time        : 1617750226711632
Overall finish time               : 1617750230158175
Total time with initialization    :          7330917
Total time without initialization :          3446543
    (excludes first timestep)


real	0m7.653s
user	1m14.063s
sys	0m12.139s
[PARSEC] [----------    End of output    ----------]
[PARSEC]
[PARSEC] BIBLIOGRAPHY
[PARSEC]
[PARSEC] [1] Woo et al. The SPLASH-2 Programs: Characterization and Methodological Considerations. ISCA, 1995.
[PARSEC]
[PARSEC] Done.
[PARSEC] Benchmarks to run:  splash2x.ocean_cp

[PARSEC] [========== Running benchmark splash2x.ocean_cp [1] ==========]
[PARSEC] Deleting old run directory.
[PARSEC] Setting up run directory.
[PARSEC] No archive for input 'simlarge' available, skipping input setup.
[PARSEC] Running 'time /root/parsec-benchmark/ext/splash2x/apps/ocean_cp/inst/riscv64-linux.gcc/bin/run.sh 16 simlarge':
[PARSEC] [---------- Beginning of output ----------]
Generating input file ...
Running /root/parsec-benchmark/ext/splash2x/apps/ocean_cp/inst/riscv64-linux.gcc/bin/ocean_cp -n2050 -p16 -e1e-07 -r20000 -t28800:

Ocean simulation with W-cycle multigrid solver
    Processors                         : 16
    Grid size                          : 2050 x 2050
    Grid resolution (meters)           : 20000.00
    Time between relaxations (seconds) : 28800
    Error tolerance                    : 1e-07

ROI time measured: 7.543s

                       PROCESS STATISTICS
                  Total          Multigrid         Multigrid
 Proc             Time             Time            Fraction
    0           3668928             894377             0.244

                       TIMING INFORMATION
Start time                        : 1617750238172137
Initialization finish time        : 1617750242076303
Overall finish time               : 1617750245755211
Total time with initialization    :          7583074
Total time without initialization :          3678908
    (excludes first timestep)


real	0m7.878s
user	1m15.138s
sys	0m12.817s
[PARSEC] [----------    End of output    ----------]
[PARSEC]
[PARSEC] BIBLIOGRAPHY
[PARSEC]
[PARSEC] [1] Woo et al. The SPLASH-2 Programs: Characterization and Methodological Considerations. ISCA, 1995.
[PARSEC]
[PARSEC] Done.
[PARSEC] Benchmarks to run:  splash2x.ocean_cp

[PARSEC] [========== Running benchmark splash2x.ocean_cp [1] ==========]
[PARSEC] Deleting old run directory.
[PARSEC] Setting up run directory.
[PARSEC] No archive for input 'simlarge' available, skipping input setup.
[PARSEC] Running 'time /root/parsec-benchmark/ext/splash2x/apps/ocean_cp/inst/riscv64-linux.gcc/bin/run.sh 16 simlarge':
[PARSEC] [---------- Beginning of output ----------]
Generating input file ...
Running /root/parsec-benchmark/ext/splash2x/apps/ocean_cp/inst/riscv64-linux.gcc/bin/ocean_cp -n2050 -p16 -e1e-07 -r20000 -t28800:

Ocean simulation with W-cycle multigrid solver
    Processors                         : 16
    Grid size                          : 2050 x 2050
    Grid resolution (meters)           : 20000.00
    Time between relaxations (seconds) : 28800
    Error tolerance                    : 1e-07

ROI time measured: 7.122s

                       PROCESS STATISTICS
                  Total          Multigrid         Multigrid
 Proc             Time             Time            Fraction
    0           3318873             837441             0.252

                       TIMING INFORMATION
Start time                        : 1617750253804140
Initialization finish time        : 1617750257639270
Overall finish time               : 1617750260966856
Total time with initialization    :          7162716
Total time without initialization :          3327586
    (excludes first timestep)


real	0m7.460s
user	1m12.082s
sys	0m12.444s
[PARSEC] [----------    End of output    ----------]
[PARSEC]
[PARSEC] BIBLIOGRAPHY
[PARSEC]
[PARSEC] [1] Woo et al. The SPLASH-2 Programs: Characterization and Methodological Considerations. ISCA, 1995.
[PARSEC]
[PARSEC] Done.
[PARSEC] Benchmarks to run:  splash2x.ocean_cp

[PARSEC] [========== Running benchmark splash2x.ocean_cp [1] ==========]
[PARSEC] Deleting old run directory.
[PARSEC] Setting up run directory.
[PARSEC] No archive for input 'simlarge' available, skipping input setup.
[PARSEC] Running 'time /root/parsec-benchmark/ext/splash2x/apps/ocean_cp/inst/riscv64-linux.gcc/bin/run.sh 16 simlarge':
[PARSEC] [---------- Beginning of output ----------]
Generating input file ...
Running /root/parsec-benchmark/ext/splash2x/apps/ocean_cp/inst/riscv64-linux.gcc/bin/ocean_cp -n2050 -p16 -e1e-07 -r20000 -t28800:

Ocean simulation with W-cycle multigrid solver
    Processors                         : 16
    Grid size                          : 2050 x 2050
    Grid resolution (meters)           : 20000.00
    Time between relaxations (seconds) : 28800
    Error tolerance                    : 1e-07

ROI time measured: 7.286s

                       PROCESS STATISTICS
                  Total          Multigrid         Multigrid
 Proc             Time             Time            Fraction
    0           3335428             826281             0.248

                       TIMING INFORMATION
Start time                        : 1617750269185190
Initialization finish time        : 1617750273170943
Overall finish time               : 1617750276515143
Total time with initialization    :          7329953
Total time without initialization :          3344200
    (excludes first timestep)


real	0m7.637s
user	1m12.515s
sys	0m12.758s
[PARSEC] [----------    End of output    ----------]
[PARSEC]
[PARSEC] BIBLIOGRAPHY
[PARSEC]
[PARSEC] [1] Woo et al. The SPLASH-2 Programs: Characterization and Methodological Considerations. ISCA, 1995.
[PARSEC]
[PARSEC] Done.

> TIMES: 7.280,7.543,7.122,7.286


################################################################################
> Threads: 32 (bench_parsec_ocean_cp.sh)
################################################################################

[PARSEC] Benchmarks to run:  splash2x.ocean_cp

[PARSEC] [========== Running benchmark splash2x.ocean_cp [1] ==========]
[PARSEC] Deleting old run directory.
[PARSEC] Setting up run directory.
[PARSEC] No archive for input 'simlarge' available, skipping input setup.
[PARSEC] Running 'time /root/parsec-benchmark/ext/splash2x/apps/ocean_cp/inst/riscv64-linux.gcc/bin/run.sh 32 simlarge':
[PARSEC] [---------- Beginning of output ----------]
Generating input file ...
Running /root/parsec-benchmark/ext/splash2x/apps/ocean_cp/inst/riscv64-linux.gcc/bin/ocean_cp -n2050 -p32 -e1e-07 -r20000 -t28800:

Ocean simulation with W-cycle multigrid solver
    Processors                         : 32
    Grid size                          : 2050 x 2050
    Grid resolution (meters)           : 20000.00
    Time between relaxations (seconds) : 28800
    Error tolerance                    : 1e-07

ROI time measured: 6.587s

                       PROCESS STATISTICS
                  Total          Multigrid         Multigrid
 Proc             Time             Time            Fraction
    0           2693727             858879             0.319

                       TIMING INFORMATION
Start time                        : 1617750292811270
Initialization finish time        : 1617750296728016
Overall finish time               : 1617750299464633
Total time with initialization    :          6653363
Total time without initialization :          2736617
    (excludes first timestep)


real	0m6.989s
user	1m51.533s
sys	0m44.001s
[PARSEC] [----------    End of output    ----------]
[PARSEC]
[PARSEC] BIBLIOGRAPHY
[PARSEC]
[PARSEC] [1] Woo et al. The SPLASH-2 Programs: Characterization and Methodological Considerations. ISCA, 1995.
[PARSEC]
[PARSEC] Done.
[PARSEC] Benchmarks to run:  splash2x.ocean_cp

[PARSEC] [========== Running benchmark splash2x.ocean_cp [1] ==========]
[PARSEC] Deleting old run directory.
[PARSEC] Setting up run directory.
[PARSEC] No archive for input 'simlarge' available, skipping input setup.
[PARSEC] Running 'time /root/parsec-benchmark/ext/splash2x/apps/ocean_cp/inst/riscv64-linux.gcc/bin/run.sh 32 simlarge':
[PARSEC] [---------- Beginning of output ----------]
Generating input file ...
Running /root/parsec-benchmark/ext/splash2x/apps/ocean_cp/inst/riscv64-linux.gcc/bin/ocean_cp -n2050 -p32 -e1e-07 -r20000 -t28800:

Ocean simulation with W-cycle multigrid solver
    Processors                         : 32
    Grid size                          : 2050 x 2050
    Grid resolution (meters)           : 20000.00
    Time between relaxations (seconds) : 28800
    Error tolerance                    : 1e-07

ROI time measured: 6.496s

                       PROCESS STATISTICS
                  Total          Multigrid         Multigrid
 Proc             Time             Time            Fraction
    0           2658417             809870             0.305

                       TIMING INFORMATION
Start time                        : 1617750307484502
Initialization finish time        : 1617750311297973
Overall finish time               : 1617750314030712
Total time with initialization    :          6546210
Total time without initialization :          2732739
    (excludes first timestep)


real	0m6.865s
user	1m54.691s
sys	0m40.747s
[PARSEC] [----------    End of output    ----------]
[PARSEC]
[PARSEC] BIBLIOGRAPHY
[PARSEC]
[PARSEC] [1] Woo et al. The SPLASH-2 Programs: Characterization and Methodological Considerations. ISCA, 1995.
[PARSEC]
[PARSEC] Done.
[PARSEC] Benchmarks to run:  splash2x.ocean_cp

[PARSEC] [========== Running benchmark splash2x.ocean_cp [1] ==========]
[PARSEC] Deleting old run directory.
[PARSEC] Setting up run directory.
[PARSEC] No archive for input 'simlarge' available, skipping input setup.
[PARSEC] Running 'time /root/parsec-benchmark/ext/splash2x/apps/ocean_cp/inst/riscv64-linux.gcc/bin/run.sh 32 simlarge':
[PARSEC] [---------- Beginning of output ----------]
Generating input file ...
Running /root/parsec-benchmark/ext/splash2x/apps/ocean_cp/inst/riscv64-linux.gcc/bin/ocean_cp -n2050 -p32 -e1e-07 -r20000 -t28800:

Ocean simulation with W-cycle multigrid solver
    Processors                         : 32
    Grid size                          : 2050 x 2050
    Grid resolution (meters)           : 20000.00
    Time between relaxations (seconds) : 28800
    Error tolerance                    : 1e-07

ROI time measured: 6.518s

                       PROCESS STATISTICS
                  Total          Multigrid         Multigrid
 Proc             Time             Time            Fraction
    0           2715143             855660             0.315

                       TIMING INFORMATION
Start time                        : 1617750322136258
Initialization finish time        : 1617750325946516
Overall finish time               : 1617750328702302
Total time with initialization    :          6566044
Total time without initialization :          2755786
    (excludes first timestep)


real	0m6.877s
user	1m53.854s
sys	0m40.914s
[PARSEC] [----------    End of output    ----------]
[PARSEC]
[PARSEC] BIBLIOGRAPHY
[PARSEC]
[PARSEC] [1] Woo et al. The SPLASH-2 Programs: Characterization and Methodological Considerations. ISCA, 1995.
[PARSEC]
[PARSEC] Done.
[PARSEC] Benchmarks to run:  splash2x.ocean_cp

[PARSEC] [========== Running benchmark splash2x.ocean_cp [1] ==========]
[PARSEC] Deleting old run directory.
[PARSEC] Setting up run directory.
[PARSEC] No archive for input 'simlarge' available, skipping input setup.
[PARSEC] Running 'time /root/parsec-benchmark/ext/splash2x/apps/ocean_cp/inst/riscv64-linux.gcc/bin/run.sh 32 simlarge':
[PARSEC] [---------- Beginning of output ----------]
Generating input file ...
Running /root/parsec-benchmark/ext/splash2x/apps/ocean_cp/inst/riscv64-linux.gcc/bin/ocean_cp -n2050 -p32 -e1e-07 -r20000 -t28800:

Ocean simulation with W-cycle multigrid solver
    Processors                         : 32
    Grid size                          : 2050 x 2050
    Grid resolution (meters)           : 20000.00
    Time between relaxations (seconds) : 28800
    Error tolerance                    : 1e-07

ROI time measured: 6.515s

                       PROCESS STATISTICS
                  Total          Multigrid         Multigrid
 Proc             Time             Time            Fraction
    0           2633101             808903             0.307

                       TIMING INFORMATION
Start time                        : 1617750336912617
Initialization finish time        : 1617750340798342
Overall finish time               : 1617750343479937
Total time with initialization    :          6567320
Total time without initialization :          2681595
    (excludes first timestep)


real	0m6.886s
user	1m51.768s
sys	0m43.213s
[PARSEC] [----------    End of output    ----------]
[PARSEC]
[PARSEC] BIBLIOGRAPHY
[PARSEC]
[PARSEC] [1] Woo et al. The SPLASH-2 Programs: Characterization and Methodological Considerations. ISCA, 1995.
[PARSEC]
[PARSEC] Done.

> TIMES: 6.587,6.496,6.518,6.515


################################################################################
> Threads: 64 (bench_parsec_ocean_cp.sh)
################################################################################

[PARSEC] Benchmarks to run:  splash2x.ocean_cp

[PARSEC] [========== Running benchmark splash2x.ocean_cp [1] ==========]
[PARSEC] Deleting old run directory.
[PARSEC] Setting up run directory.
[PARSEC] No archive for input 'simlarge' available, skipping input setup.
[PARSEC] Running 'time /root/parsec-benchmark/ext/splash2x/apps/ocean_cp/inst/riscv64-linux.gcc/bin/run.sh 64 simlarge':
[PARSEC] [---------- Beginning of output ----------]
Generating input file ...
Running /root/parsec-benchmark/ext/splash2x/apps/ocean_cp/inst/riscv64-linux.gcc/bin/ocean_cp -n2050 -p64 -e1e-07 -r20000 -t28800:

Ocean simulation with W-cycle multigrid solver
    Processors                         : 64
    Grid size                          : 2050 x 2050
    Grid resolution (meters)           : 20000.00
    Time between relaxations (seconds) : 28800
    Error tolerance                    : 1e-07

ROI time measured: 87.879s

                       PROCESS STATISTICS
                  Total          Multigrid         Multigrid
 Proc             Time             Time            Fraction
    0           3280934            1300056             0.396

                       TIMING INFORMATION
Start time                        : 1617750360250183
Initialization finish time        : 1617750443647788
Overall finish time               : 1617750448232333
Total time with initialization    :         87982150
Total time without initialization :          4584545
    (excludes first timestep)


real	1m28.366s
user	41m15.660s
sys	47m21.175s
[PARSEC] [----------    End of output    ----------]
[PARSEC]
[PARSEC] BIBLIOGRAPHY
[PARSEC]
[PARSEC] [1] Woo et al. The SPLASH-2 Programs: Characterization and Methodological Considerations. ISCA, 1995.
[PARSEC]
[PARSEC] Done.
[PARSEC] Benchmarks to run:  splash2x.ocean_cp

[PARSEC] [========== Running benchmark splash2x.ocean_cp [1] ==========]
[PARSEC] Deleting old run directory.
[PARSEC] Setting up run directory.
[PARSEC] No archive for input 'simlarge' available, skipping input setup.
[PARSEC] Running 'time /root/parsec-benchmark/ext/splash2x/apps/ocean_cp/inst/riscv64-linux.gcc/bin/run.sh 64 simlarge':
[PARSEC] [---------- Beginning of output ----------]
Generating input file ...
Running /root/parsec-benchmark/ext/splash2x/apps/ocean_cp/inst/riscv64-linux.gcc/bin/ocean_cp -n2050 -p64 -e1e-07 -r20000 -t28800:

Ocean simulation with W-cycle multigrid solver
    Processors                         : 64
    Grid size                          : 2050 x 2050
    Grid resolution (meters)           : 20000.00
    Time between relaxations (seconds) : 28800
    Error tolerance                    : 1e-07

ROI time measured: 88.031s

                       PROCESS STATISTICS
                  Total          Multigrid         Multigrid
 Proc             Time             Time            Fraction
    0           3356966            1304754             0.389

                       TIMING INFORMATION
Start time                        : 1617750456372572
Initialization finish time        : 1617750539670378
Overall finish time               : 1617750544489923
Total time with initialization    :         88117351
Total time without initialization :          4819545
    (excludes first timestep)


real	1m28.432s
user	41m36.096s
sys	47m14.271s
[PARSEC] [----------    End of output    ----------]
[PARSEC]
[PARSEC] BIBLIOGRAPHY
[PARSEC]
[PARSEC] [1] Woo et al. The SPLASH-2 Programs: Characterization and Methodological Considerations. ISCA, 1995.
[PARSEC]
[PARSEC] Done.
[PARSEC] Benchmarks to run:  splash2x.ocean_cp

[PARSEC] [========== Running benchmark splash2x.ocean_cp [1] ==========]
[PARSEC] Deleting old run directory.
[PARSEC] Setting up run directory.
[PARSEC] No archive for input 'simlarge' available, skipping input setup.
[PARSEC] Running 'time /root/parsec-benchmark/ext/splash2x/apps/ocean_cp/inst/riscv64-linux.gcc/bin/run.sh 64 simlarge':
[PARSEC] [---------- Beginning of output ----------]
Generating input file ...
Running /root/parsec-benchmark/ext/splash2x/apps/ocean_cp/inst/riscv64-linux.gcc/bin/ocean_cp -n2050 -p64 -e1e-07 -r20000 -t28800:

Ocean simulation with W-cycle multigrid solver
    Processors                         : 64
    Grid size                          : 2050 x 2050
    Grid resolution (meters)           : 20000.00
    Time between relaxations (seconds) : 28800
    Error tolerance                    : 1e-07

ROI time measured: 86.747s

                       PROCESS STATISTICS
                  Total          Multigrid         Multigrid
 Proc             Time             Time            Fraction
    0           3290798            1301252             0.395

                       TIMING INFORMATION
Start time                        : 1617750552857693
Initialization finish time        : 1617750635129918
Overall finish time               : 1617750639702967
Total time with initialization    :         86845274
Total time without initialization :          4573049
    (excludes first timestep)


real	1m27.193s
user	41m54.145s
sys	45m37.680s
[PARSEC] [----------    End of output    ----------]
[PARSEC]
[PARSEC] BIBLIOGRAPHY
[PARSEC]
[PARSEC] [1] Woo et al. The SPLASH-2 Programs: Characterization and Methodological Considerations. ISCA, 1995.
[PARSEC]
[PARSEC] Done.
[PARSEC] Benchmarks to run:  splash2x.ocean_cp

[PARSEC] [========== Running benchmark splash2x.ocean_cp [1] ==========]
[PARSEC] Deleting old run directory.
[PARSEC] Setting up run directory.
[PARSEC] No archive for input 'simlarge' available, skipping input setup.
[PARSEC] Running 'time /root/parsec-benchmark/ext/splash2x/apps/ocean_cp/inst/riscv64-linux.gcc/bin/run.sh 64 simlarge':
[PARSEC] [---------- Beginning of output ----------]
Generating input file ...
Running /root/parsec-benchmark/ext/splash2x/apps/ocean_cp/inst/riscv64-linux.gcc/bin/ocean_cp -n2050 -p64 -e1e-07 -r20000 -t28800:

Ocean simulation with W-cycle multigrid solver
    Processors                         : 64
    Grid size                          : 2050 x 2050
    Grid resolution (meters)           : 20000.00
    Time between relaxations (seconds) : 28800
    Error tolerance                    : 1e-07

ROI time measured: 86.429s

                       PROCESS STATISTICS
                  Total          Multigrid         Multigrid
 Proc             Time             Time            Fraction
    0           3351205            1337709             0.399

                       TIMING INFORMATION
Start time                        : 1617750647852299
Initialization finish time        : 1617750729648715
Overall finish time               : 1617750734365825
Total time with initialization    :         86513526
Total time without initialization :          4717110
    (excludes first timestep)


real	1m26.831s
user	41m18.917s
sys	45m56.846s
[PARSEC] [----------    End of output    ----------]
[PARSEC]
[PARSEC] BIBLIOGRAPHY
[PARSEC]
[PARSEC] [1] Woo et al. The SPLASH-2 Programs: Characterization and Methodological Considerations. ISCA, 1995.
[PARSEC]
[PARSEC] Done.

> TIMES: 87.879,88.031,86.747,86.429


################################################################################
> Threads: 128 (bench_parsec_ocean_cp.sh)
################################################################################

